[ 2018-01-01T20:18:58+08:00 ] ::1 /sss/
INFO: [ app_init ] --START--
INFO: Run Behavior\BuildLiteBehavior [ RunTime:0.000011s ]
INFO: [ app_init ] --END-- [ RunTime:0.015623s ]

[ 2018-01-01T20:19:10+08:00 ] ::1 /sss/index.php/Index/login.html
INFO: [ app_init ] --START--
INFO: Run Behavior\BuildLiteBehavior [ RunTime:0.000011s ]
INFO: [ app_init ] --END-- [ RunTime:0.000294s ]

[ 2018-01-01T20:19:12+08:00 ] ::1 /sss/index.php/Index/teacher.html
INFO: [ app_init ] --START--
INFO: Run Behavior\BuildLiteBehavior [ RunTime:0.000032s ]
INFO: [ app_init ] --END-- [ RunTime:0.000488s ]

[ 2018-01-01T20:19:12+08:00 ] ::1 /sss/index.php/Index/main.html
INFO: [ app_init ] --START--
INFO: Run Behavior\BuildLiteBehavior [ RunTime:0.000009s ]
INFO: [ app_init ] --END-- [ RunTime:0.000220s ]

[ 2018-01-01T20:21:27+08:00 ] ::1 /sss/index.php/User/add_banzhuren.html
INFO: [ app_init ] --START--
INFO: Run Behavior\BuildLiteBehavior [ RunTime:0.000009s ]
INFO: [ app_init ] --END-- [ RunTime:0.000258s ]

[ 2018-01-01T20:22:14+08:00 ] ::1 /sss/index.php/User/add_banzhuren.html
INFO: [ app_init ] --START--
INFO: Run Behavior\BuildLiteBehavior [ RunTime:0.000044s ]
INFO: [ app_init ] --END-- [ RunTime:0.000392s ]

[ 2018-01-01T20:22:17+08:00 ] ::1 /sss/index.php/User/banzhuren_list.html
INFO: [ app_init ] --START--
INFO: Run Behavior\BuildLiteBehavior [ RunTime:0.000008s ]
INFO: [ app_init ] --END-- [ RunTime:0.000223s ]

[ 2018-01-01T20:23:52+08:00 ] ::1 /sss/index.php/User/add_banzhuren.html
INFO: [ app_init ] --START--
INFO: Run Behavior\BuildLiteBehavior [ RunTime:0.000009s ]
INFO: [ app_init ] --END-- [ RunTime:0.000274s ]

[ 2018-01-01T20:24:02+08:00 ] ::1 /sss/index.php/User/banzhurenupload.html
INFO: [ app_init ] --START--
INFO: Run Behavior\BuildLiteBehavior [ RunTime:0.000007s ]
INFO: [ app_init ] --END-- [ RunTime:0.000212s ]

[ 2018-01-01T20:24:04+08:00 ] ::1 /sss/index.php/User/banzhuren_list
INFO: [ app_init ] --START--
INFO: Run Behavior\BuildLiteBehavior [ RunTime:0.000008s ]
INFO: [ app_init ] --END-- [ RunTime:0.000345s ]

[ 2018-01-01T20:32:59+08:00 ] ::1 /sss/index.php/User/banzhuren_list.html
INFO: [ app_init ] --START--
INFO: Run Behavior\BuildLiteBehavior [ RunTime:0.000010s ]
INFO: [ app_init ] --END-- [ RunTime:0.000306s ]

[ 2018-01-01T20:33:00+08:00 ] ::1 /sss/index.php/User/add_banzhuren.html
INFO: [ app_init ] --START--
INFO: Run Behavior\BuildLiteBehavior [ RunTime:0.000013s ]
INFO: [ app_init ] --END-- [ RunTime:0.001033s ]

[ 2018-01-01T20:33:03+08:00 ] ::1 /sss/index.php/User/manage.html
INFO: [ app_init ] --START--
INFO: Run Behavior\BuildLiteBehavior [ RunTime:0.000012s ]
INFO: [ app_init ] --END-- [ RunTime:0.000338s ]

[ 2018-01-01T20:33:06+08:00 ] ::1 /sss/index.php/User/manage.html
INFO: [ app_init ] --START--
INFO: Run Behavior\BuildLiteBehavior [ RunTime:0.000010s ]
INFO: [ app_init ] --END-- [ RunTime:0.000307s ]

[ 2018-01-01T20:33:08+08:00 ] ::1 /sss/index.php/User/manage.html
INFO: [ app_init ] --START--
INFO: Run Behavior\BuildLiteBehavior [ RunTime:0.000008s ]
INFO: [ app_init ] --END-- [ RunTime:0.000241s ]

[ 2018-01-01T20:33:10+08:00 ] ::1 /sss/index.php/User/manage.html
INFO: [ app_init ] --START--
INFO: Run Behavior\BuildLiteBehavior [ RunTime:0.000009s ]
INFO: [ app_init ] --END-- [ RunTime:0.000258s ]

[ 2018-01-01T20:33:12+08:00 ] ::1 /sss/index.php/User/manage.html
INFO: [ app_init ] --START--
INFO: Run Behavior\BuildLiteBehavior [ RunTime:0.000009s ]
INFO: [ app_init ] --END-- [ RunTime:0.000282s ]

[ 2018-01-01T20:33:14+08:00 ] ::1 /sss/index.php/User/manage.html
INFO: [ app_init ] --START--
INFO: Run Behavior\BuildLiteBehavior [ RunTime:0.000008s ]
INFO: [ app_init ] --END-- [ RunTime:0.000241s ]

[ 2018-01-01T20:33:17+08:00 ] ::1 /sss/index.php/User/add.html
INFO: [ app_init ] --START--
INFO: Run Behavior\BuildLiteBehavior [ RunTime:0.000008s ]
INFO: [ app_init ] --END-- [ RunTime:0.000247s ]

[ 2018-01-01T20:44:08+08:00 ] ::1 /sss/index.php/Notice/edit_notice.html
INFO: [ app_init ] --START--
INFO: Run Behavior\BuildLiteBehavior [ RunTime:0.000010s ]
INFO: [ app_init ] --END-- [ RunTime:0.000277s ]

[ 2018-01-01T20:44:09+08:00 ] ::1 /sss/index.php/Ceping/add_ceping.html
INFO: [ app_init ] --START--
INFO: Run Behavior\BuildLiteBehavior [ RunTime:0.000008s ]
INFO: [ app_init ] --END-- [ RunTime:0.000244s ]

[ 2018-01-01T21:30:58+08:00 ] ::1 /sss/index.php/Index/teacher.html
INFO: [ app_init ] --START--
INFO: Run Behavior\BuildLiteBehavior [ RunTime:0.000010s ]
INFO: [ app_init ] --END-- [ RunTime:0.001423s ]

[ 2018-01-01T21:30:58+08:00 ] ::1 /sss/index.php/Index/main.html
INFO: [ app_init ] --START--
INFO: Run Behavior\BuildLiteBehavior [ RunTime:0.000020s ]
INFO: [ app_init ] --END-- [ RunTime:0.001934s ]

[ 2018-01-01T21:30:59+08:00 ] ::1 /sss/index.php/User/add_banzhuren.html
INFO: [ app_init ] --START--
INFO: Run Behavior\BuildLiteBehavior [ RunTime:0.000008s ]
INFO: [ app_init ] --END-- [ RunTime:0.000232s ]

[ 2018-01-01T21:31:15+08:00 ] ::1 /sss/index.php/User/banzhurenupload.html
INFO: [ app_init ] --START--
INFO: Run Behavior\BuildLiteBehavior [ RunTime:0.000009s ]
INFO: [ app_init ] --END-- [ RunTime:0.000242s ]

[ 2018-01-01T21:31:17+08:00 ] ::1 /sss/index.php/User/banzhuren_list
INFO: [ app_init ] --START--
INFO: Run Behavior\BuildLiteBehavior [ RunTime:0.000010s ]
INFO: [ app_init ] --END-- [ RunTime:0.000343s ]

[ 2018-01-01T21:31:42+08:00 ] ::1 /sss/index.php/User/add.html
INFO: [ app_init ] --START--
INFO: Run Behavior\BuildLiteBehavior [ RunTime:0.000008s ]
INFO: [ app_init ] --END-- [ RunTime:0.000273s ]

[ 2018-01-01T21:32:03+08:00 ] ::1 /sss/index.php/User/upload.html
INFO: [ app_init ] --START--
INFO: Run Behavior\BuildLiteBehavior [ RunTime:0.000008s ]
INFO: [ app_init ] --END-- [ RunTime:0.000311s ]

[ 2018-01-01T21:32:05+08:00 ] ::1 /sss/index.php/User/add.html
INFO: [ app_init ] --START--
INFO: Run Behavior\BuildLiteBehavior [ RunTime:0.000009s ]
INFO: [ app_init ] --END-- [ RunTime:0.000339s ]

[ 2018-01-01T21:32:08+08:00 ] ::1 /sss/index.php/User/manage.html
INFO: [ app_init ] --START--
INFO: Run Behavior\BuildLiteBehavior [ RunTime:0.000009s ]
INFO: [ app_init ] --END-- [ RunTime:0.000269s ]

[ 2018-01-01T21:32:14+08:00 ] ::1 /sss/index.php/User/manage.html
INFO: [ app_init ] --START--
INFO: Run Behavior\BuildLiteBehavior [ RunTime:0.000009s ]
INFO: [ app_init ] --END-- [ RunTime:0.000276s ]

[ 2018-01-01T21:32:16+08:00 ] ::1 /sss/index.php/User/manage/page/2.html
INFO: [ app_init ] --START--
INFO: Run Behavior\BuildLiteBehavior [ RunTime:0.000008s ]
INFO: [ app_init ] --END-- [ RunTime:0.000268s ]

[ 2018-01-01T21:32:19+08:00 ] ::1 /sss/index.php/User/manage/page/1.html
INFO: [ app_init ] --START--
INFO: Run Behavior\BuildLiteBehavior [ RunTime:0.000009s ]
INFO: [ app_init ] --END-- [ RunTime:0.000283s ]

[ 2018-01-01T21:33:12+08:00 ] ::1 /sss/index.php/Index/teacher.html
INFO: [ app_init ] --START--
INFO: Run Behavior\BuildLiteBehavior [ RunTime:0.000010s ]
INFO: [ app_init ] --END-- [ RunTime:0.000303s ]

[ 2018-01-01T21:33:12+08:00 ] ::1 /sss/index.php/Index/main.html
INFO: [ app_init ] --START--
INFO: Run Behavior\BuildLiteBehavior [ RunTime:0.000010s ]
INFO: [ app_init ] --END-- [ RunTime:0.000387s ]

[ 2018-01-01T21:33:17+08:00 ] ::1 /sss/index.php/Ceping/add_ceping.html
INFO: [ app_init ] --START--
INFO: Run Behavior\BuildLiteBehavior [ RunTime:0.000008s ]
INFO: [ app_init ] --END-- [ RunTime:0.000265s ]

[ 2018-01-01T21:33:25+08:00 ] ::1 /sss/index.php/Ceping/cepingupload.html
INFO: [ app_init ] --START--
INFO: Run Behavior\BuildLiteBehavior [ RunTime:0.000012s ]
INFO: [ app_init ] --END-- [ RunTime:0.000288s ]

[ 2018-01-01T21:33:27+08:00 ] ::1 /sss/index.php/Ceping/list_ceping
INFO: [ app_init ] --START--
INFO: Run Behavior\BuildLiteBehavior [ RunTime:0.000009s ]
INFO: [ app_init ] --END-- [ RunTime:0.000280s ]

[ 2018-01-01T21:33:29+08:00 ] ::1 /sss/index.php/Index/teacher.html
INFO: [ app_init ] --START--
INFO: Run Behavior\BuildLiteBehavior [ RunTime:0.000012s ]
INFO: [ app_init ] --END-- [ RunTime:0.000359s ]

[ 2018-01-01T21:33:30+08:00 ] ::1 /sss/index.php/Index/main.html
INFO: [ app_init ] --START--
INFO: Run Behavior\BuildLiteBehavior [ RunTime:0.000016s ]
INFO: [ app_init ] --END-- [ RunTime:0.000636s ]

[ 2018-01-01T21:33:34+08:00 ] ::1 /sss/index.php/Ceping/list_ceping.html
INFO: [ app_init ] --START--
INFO: Run Behavior\BuildLiteBehavior [ RunTime:0.000009s ]
INFO: [ app_init ] --END-- [ RunTime:0.000243s ]

[ 2018-01-01T21:33:36+08:00 ] ::1 /sss/index.php/Ceping/list_ceping/page/3.html
INFO: [ app_init ] --START--
INFO: Run Behavior\BuildLiteBehavior [ RunTime:0.000009s ]
INFO: [ app_init ] --END-- [ RunTime:0.000233s ]

[ 2018-01-01T21:33:39+08:00 ] ::1 /sss/index.php/Ceping/list_ceping/page/3.html
INFO: [ app_init ] --START--
INFO: Run Behavior\BuildLiteBehavior [ RunTime:0.000061s ]
INFO: [ app_init ] --END-- [ RunTime:0.001779s ]

[ 2018-01-01T21:33:42+08:00 ] ::1 /sss/index.php/Ceping/list_ceping/page/4.html
INFO: [ app_init ] --START--
INFO: Run Behavior\BuildLiteBehavior [ RunTime:0.000009s ]
INFO: [ app_init ] --END-- [ RunTime:0.000228s ]

[ 2018-01-01T21:33:44+08:00 ] ::1 /sss/index.php/Ceping/list_ceping/page/5.html
INFO: [ app_init ] --START--
INFO: Run Behavior\BuildLiteBehavior [ RunTime:0.000010s ]
INFO: [ app_init ] --END-- [ RunTime:0.000244s ]

[ 2018-01-01T21:33:47+08:00 ] ::1 /sss/index.php/Ceping/list_ceping/page/6.html
INFO: [ app_init ] --START--
INFO: Run Behavior\BuildLiteBehavior [ RunTime:0.000008s ]
INFO: [ app_init ] --END-- [ RunTime:0.000215s ]

[ 2018-01-01T21:35:11+08:00 ] ::1 /sss/index.php/Ceping/add_ceping.html
INFO: [ app_init ] --START--
INFO: Run Behavior\BuildLiteBehavior [ RunTime:0.000008s ]
INFO: [ app_init ] --END-- [ RunTime:0.000245s ]

[ 2018-01-01T21:35:14+08:00 ] ::1 /sss/index.php/Ceping/list_ceping.html
INFO: [ app_init ] --START--
INFO: Run Behavior\BuildLiteBehavior [ RunTime:0.000008s ]
INFO: [ app_init ] --END-- [ RunTime:0.000215s ]

[ 2018-01-01T21:35:15+08:00 ] ::1 /sss/index.php/Ceping/add_ceping.html
INFO: [ app_init ] --START--
INFO: Run Behavior\BuildLiteBehavior [ RunTime:0.000011s ]
INFO: [ app_init ] --END-- [ RunTime:0.000315s ]

[ 2018-01-01T21:35:23+08:00 ] ::1 /sss/index.php/Ceping/cepingupload.html
INFO: [ app_init ] --START--
INFO: Run Behavior\BuildLiteBehavior [ RunTime:0.000009s ]
INFO: [ app_init ] --END-- [ RunTime:0.000219s ]

[ 2018-01-01T21:35:25+08:00 ] ::1 /sss/index.php/Ceping/list_ceping
INFO: [ app_init ] --START--
INFO: Run Behavior\BuildLiteBehavior [ RunTime:0.000008s ]
INFO: [ app_init ] --END-- [ RunTime:0.000406s ]

[ 2018-01-01T21:35:28+08:00 ] ::1 /sss/index.php/Ceping/list_ceping/page/3.html
INFO: [ app_init ] --START--
INFO: Run Behavior\BuildLiteBehavior [ RunTime:0.000009s ]
INFO: [ app_init ] --END-- [ RunTime:0.000415s ]

[ 2018-01-01T21:35:31+08:00 ] ::1 /sss/index.php/Ceping/list_ceping/page/3.html
INFO: [ app_init ] --START--
INFO: Run Behavior\BuildLiteBehavior [ RunTime:0.000012s ]
INFO: [ app_init ] --END-- [ RunTime:0.000590s ]

[ 2018-01-01T21:35:34+08:00 ] ::1 /sss/index.php/Ceping/list_ceping/page/4.html
INFO: [ app_init ] --START--
INFO: Run Behavior\BuildLiteBehavior [ RunTime:0.000008s ]
INFO: [ app_init ] --END-- [ RunTime:0.000409s ]

[ 2018-01-01T21:35:37+08:00 ] ::1 /sss/index.php/Ceping/list_ceping/page/6.html
INFO: [ app_init ] --START--
INFO: Run Behavior\BuildLiteBehavior [ RunTime:0.000008s ]
INFO: [ app_init ] --END-- [ RunTime:0.000243s ]

[ 2018-01-01T21:35:41+08:00 ] ::1 /sss/index.php/Ceping/list_ceping/page/5.html
INFO: [ app_init ] --START--
INFO: Run Behavior\BuildLiteBehavior [ RunTime:0.000009s ]
INFO: [ app_init ] --END-- [ RunTime:0.000251s ]

[ 2018-01-01T21:35:43+08:00 ] ::1 /sss/index.php/Ceping/list_ceping/page/4.html
INFO: [ app_init ] --START--
INFO: Run Behavior\BuildLiteBehavior [ RunTime:0.000012s ]
INFO: [ app_init ] --END-- [ RunTime:0.000374s ]

[ 2018-01-01T21:35:48+08:00 ] ::1 /sss/index.php/Ceping/list_ceping/page/3.html
INFO: [ app_init ] --START--
INFO: Run Behavior\BuildLiteBehavior [ RunTime:0.000008s ]
INFO: [ app_init ] --END-- [ RunTime:0.000256s ]

[ 2018-01-01T21:36:45+08:00 ] ::1 /sss/index.php/Ceping/add_ceping.html
INFO: [ app_init ] --START--
INFO: Run Behavior\BuildLiteBehavior [ RunTime:0.000009s ]
INFO: [ app_init ] --END-- [ RunTime:0.000276s ]

[ 2018-01-01T21:36:53+08:00 ] ::1 /sss/index.php/Ceping/cepingupload.html
INFO: [ app_init ] --START--
INFO: Run Behavior\BuildLiteBehavior [ RunTime:0.000008s ]
INFO: [ app_init ] --END-- [ RunTime:0.000247s ]

[ 2018-01-01T21:36:55+08:00 ] ::1 /sss/index.php/Ceping/list_ceping
INFO: [ app_init ] --START--
INFO: Run Behavior\BuildLiteBehavior [ RunTime:0.000008s ]
INFO: [ app_init ] --END-- [ RunTime:0.000265s ]

[ 2018-01-01T21:36:58+08:00 ] ::1 /sss/index.php/Ceping/list_ceping/page/2.html
INFO: [ app_init ] --START--
INFO: Run Behavior\BuildLiteBehavior [ RunTime:0.000012s ]
INFO: [ app_init ] --END-- [ RunTime:0.000355s ]

[ 2018-01-01T21:37:00+08:00 ] ::1 /sss/index.php/Ceping/list_ceping/page/6.html
INFO: [ app_init ] --START--
INFO: Run Behavior\BuildLiteBehavior [ RunTime:0.000009s ]
INFO: [ app_init ] --END-- [ RunTime:0.000318s ]

[ 2018-01-01T21:37:03+08:00 ] ::1 /sss/index.php/Ceping/list_ceping/page/6.html
INFO: [ app_init ] --START--
INFO: Run Behavior\BuildLiteBehavior [ RunTime:0.000008s ]
INFO: [ app_init ] --END-- [ RunTime:0.000244s ]

[ 2018-01-01T21:37:04+08:00 ] ::1 /sss/index.php/Ceping/list_ceping/page/6.html
INFO: [ app_init ] --START--
INFO: Run Behavior\BuildLiteBehavior [ RunTime:0.000008s ]
INFO: [ app_init ] --END-- [ RunTime:0.000247s ]

[ 2018-01-01T21:37:06+08:00 ] ::1 /sss/index.php/Ceping/list_ceping/page/6.html
INFO: [ app_init ] --START--
INFO: Run Behavior\BuildLiteBehavior [ RunTime:0.000007s ]
INFO: [ app_init ] --END-- [ RunTime:0.000248s ]

[ 2018-01-01T21:37:08+08:00 ] ::1 /sss/index.php/Ceping/list_ceping/page/6.html
INFO: [ app_init ] --START--
INFO: Run Behavior\BuildLiteBehavior [ RunTime:0.000008s ]
INFO: [ app_init ] --END-- [ RunTime:0.000242s ]

[ 2018-01-01T21:42:27+08:00 ] ::1 /sss/index.php/Ceping/list_ceping.html
INFO: [ app_init ] --START--
INFO: Run Behavior\BuildLiteBehavior [ RunTime:0.000009s ]
INFO: [ app_init ] --END-- [ RunTime:0.000273s ]

[ 2018-01-01T21:42:28+08:00 ] ::1 /sss/index.php/Ceping/add_ceping.html
INFO: [ app_init ] --START--
INFO: Run Behavior\BuildLiteBehavior [ RunTime:0.000009s ]
INFO: [ app_init ] --END-- [ RunTime:0.000244s ]

[ 2018-01-01T21:42:35+08:00 ] ::1 /sss/index.php/Ceping/cepingupload.html
INFO: [ app_init ] --START--
INFO: Run Behavior\BuildLiteBehavior [ RunTime:0.000009s ]
INFO: [ app_init ] --END-- [ RunTime:0.000250s ]

[ 2018-01-01T21:42:38+08:00 ] ::1 /sss/index.php/Ceping/list_ceping
INFO: [ app_init ] --START--
INFO: Run Behavior\BuildLiteBehavior [ RunTime:0.000010s ]
INFO: [ app_init ] --END-- [ RunTime:0.000293s ]

[ 2018-01-01T21:48:13+08:00 ] ::1 /sss/index.php/Ceping/list_ceping.html
INFO: [ app_init ] --START--
INFO: Run Behavior\BuildLiteBehavior [ RunTime:0.000008s ]
INFO: [ app_init ] --END-- [ RunTime:0.000246s ]

[ 2018-01-01T21:48:16+08:00 ] ::1 /sss/index.php/Ceping/add_ceping.html
INFO: [ app_init ] --START--
INFO: Run Behavior\BuildLiteBehavior [ RunTime:0.000010s ]
INFO: [ app_init ] --END-- [ RunTime:0.000411s ]

[ 2018-01-01T21:48:17+08:00 ] ::1 /sss/index.php/Index/teacher.html
INFO: [ app_init ] --START--
INFO: Run Behavior\BuildLiteBehavior [ RunTime:0.000009s ]
INFO: [ app_init ] --END-- [ RunTime:0.000364s ]

[ 2018-01-01T21:48:17+08:00 ] ::1 /sss/index.php/Index/main.html
INFO: [ app_init ] --START--
INFO: Run Behavior\BuildLiteBehavior [ RunTime:0.000011s ]
INFO: [ app_init ] --END-- [ RunTime:0.000283s ]

[ 2018-01-01T21:48:24+08:00 ] ::1 /sss/index.php/Ceping/list_ceping.html
INFO: [ app_init ] --START--
INFO: Run Behavior\BuildLiteBehavior [ RunTime:0.000009s ]
INFO: [ app_init ] --END-- [ RunTime:0.000279s ]

[ 2018-01-01T21:48:26+08:00 ] ::1 /sss/index.php/Ceping/add_ceping.html
INFO: [ app_init ] --START--
INFO: Run Behavior\BuildLiteBehavior [ RunTime:0.000010s ]
INFO: [ app_init ] --END-- [ RunTime:0.000317s ]

[ 2018-01-01T21:48:33+08:00 ] ::1 /sss/index.php/Ceping/cepingupload.html
INFO: [ app_init ] --START--
INFO: Run Behavior\BuildLiteBehavior [ RunTime:0.000008s ]
INFO: [ app_init ] --END-- [ RunTime:0.000278s ]

[ 2018-01-01T21:48:35+08:00 ] ::1 /sss/index.php/Ceping/list_ceping
INFO: [ app_init ] --START--
INFO: Run Behavior\BuildLiteBehavior [ RunTime:0.000009s ]
INFO: [ app_init ] --END-- [ RunTime:0.000291s ]

[ 2018-01-01T21:50:06+08:00 ] ::1 /sss/index.php/Ceping/add_ceping.html
INFO: [ app_init ] --START--
INFO: Run Behavior\BuildLiteBehavior [ RunTime:0.000010s ]
INFO: [ app_init ] --END-- [ RunTime:0.000296s ]

[ 2018-01-01T21:50:16+08:00 ] ::1 /sss/index.php/Ceping/cepingupload.html
INFO: [ app_init ] --START--
INFO: Run Behavior\BuildLiteBehavior [ RunTime:0.000008s ]
INFO: [ app_init ] --END-- [ RunTime:0.000253s ]

[ 2018-01-01T21:50:18+08:00 ] ::1 /sss/index.php/Ceping/list_ceping
INFO: [ app_init ] --START--
INFO: Run Behavior\BuildLiteBehavior [ RunTime:0.000008s ]
INFO: [ app_init ] --END-- [ RunTime:0.000281s ]

[ 2018-01-01T21:54:00+08:00 ] ::1 /sss/index.php/Ceping/add_ceping.html
INFO: [ app_init ] --START--
INFO: Run Behavior\BuildLiteBehavior [ RunTime:0.000009s ]
INFO: [ app_init ] --END-- [ RunTime:0.000284s ]

[ 2018-01-01T21:54:10+08:00 ] ::1 /sss/index.php/Ceping/cepingupload.html
INFO: [ app_init ] --START--
INFO: Run Behavior\BuildLiteBehavior [ RunTime:0.000008s ]
INFO: [ app_init ] --END-- [ RunTime:0.000213s ]

[ 2018-01-01T21:54:12+08:00 ] ::1 /sss/index.php/Ceping/list_ceping
INFO: [ app_init ] --START--
INFO: Run Behavior\BuildLiteBehavior [ RunTime:0.000010s ]
INFO: [ app_init ] --END-- [ RunTime:0.000266s ]

[ 2018-01-01T21:57:08+08:00 ] ::1 /sss/index.php/Ceping/add_ceping.html
INFO: [ app_init ] --START--
INFO: Run Behavior\BuildLiteBehavior [ RunTime:0.000009s ]
INFO: [ app_init ] --END-- [ RunTime:0.000287s ]

[ 2018-01-01T21:57:15+08:00 ] ::1 /sss/index.php/Ceping/cepingupload.html
INFO: [ app_init ] --START--
INFO: Run Behavior\BuildLiteBehavior [ RunTime:0.000008s ]
INFO: [ app_init ] --END-- [ RunTime:0.000214s ]

[ 2018-01-01T21:57:17+08:00 ] ::1 /sss/index.php/Ceping/list_ceping
INFO: [ app_init ] --START--
INFO: Run Behavior\BuildLiteBehavior [ RunTime:0.000011s ]
INFO: [ app_init ] --END-- [ RunTime:0.000289s ]

[ 2018-01-01T22:01:03+08:00 ] ::1 /sss/index.php/Ceping/list_ceping/page/2.html
INFO: [ app_init ] --START--
INFO: Run Behavior\BuildLiteBehavior [ RunTime:0.000008s ]
INFO: [ app_init ] --END-- [ RunTime:0.000246s ]

[ 2018-01-01T22:01:04+08:00 ] ::1 /sss/index.php/Ceping/list_ceping/page/2.html
INFO: [ app_init ] --START--
INFO: Run Behavior\BuildLiteBehavior [ RunTime:0.000009s ]
INFO: [ app_init ] --END-- [ RunTime:0.000241s ]

[ 2018-01-01T22:01:06+08:00 ] ::1 /sss/index.php/Ceping/list_ceping/page/3.html
INFO: [ app_init ] --START--
INFO: Run Behavior\BuildLiteBehavior [ RunTime:0.000011s ]
INFO: [ app_init ] --END-- [ RunTime:0.000280s ]

[ 2018-01-01T22:01:08+08:00 ] ::1 /sss/index.php/Ceping/list_ceping/page/4.html
INFO: [ app_init ] --START--
INFO: Run Behavior\BuildLiteBehavior [ RunTime:0.000009s ]
INFO: [ app_init ] --END-- [ RunTime:0.000224s ]

[ 2018-01-01T22:06:15+08:00 ] ::1 /sss/index.php/Ceping/add_ceping.html
INFO: [ app_init ] --START--
INFO: Run Behavior\BuildLiteBehavior [ RunTime:0.000011s ]
INFO: [ app_init ] --END-- [ RunTime:0.000562s ]

[ 2018-01-01T22:06:27+08:00 ] ::1 /sss/index.php/Ceping/cepingupload.html
INFO: [ app_init ] --START--
INFO: Run Behavior\BuildLiteBehavior [ RunTime:0.000007s ]
INFO: [ app_init ] --END-- [ RunTime:0.000211s ]

[ 2018-01-01T22:06:29+08:00 ] ::1 /sss/index.php/Ceping/list_ceping
INFO: [ app_init ] --START--
INFO: Run Behavior\BuildLiteBehavior [ RunTime:0.000011s ]
INFO: [ app_init ] --END-- [ RunTime:0.000274s ]

[ 2018-01-01T22:07:12+08:00 ] ::1 /sss/index.php/Ceping/add_ceping.html
INFO: [ app_init ] --START--
INFO: Run Behavior\BuildLiteBehavior [ RunTime:0.000008s ]
INFO: [ app_init ] --END-- [ RunTime:0.000223s ]

[ 2018-01-01T22:07:28+08:00 ] ::1 /sss/index.php/Ceping/cepingupload.html
INFO: [ app_init ] --START--
INFO: Run Behavior\BuildLiteBehavior [ RunTime:0.000007s ]
INFO: [ app_init ] --END-- [ RunTime:0.000210s ]
ERR: 1048:Column 'outtime' cannot be null
 [ SQL语句 ] : INSERT INTO `ceping` (`year`,`classes`,`username`,`name`,`gpa`,`sports`,`practice`,`outtime`,`fail`,`honor`,`leader`,`bid`) VALUES (NULL,NULL,NULL,NULL,'0',NULL,'0',NULL,NULL,NULL,NULL,NULL)

[ 2018-01-01T22:09:59+08:00 ] ::1 /sss/index.php/Ceping/add_ceping.html
INFO: [ app_init ] --START--
INFO: Run Behavior\BuildLiteBehavior [ RunTime:0.000008s ]
INFO: [ app_init ] --END-- [ RunTime:0.000253s ]

[ 2018-01-01T22:10:24+08:00 ] ::1 /sss/index.php/Ceping/cepingupload.html
INFO: [ app_init ] --START--
INFO: Run Behavior\BuildLiteBehavior [ RunTime:0.000009s ]
INFO: [ app_init ] --END-- [ RunTime:0.000246s ]
ERR: 1062:Duplicate entry '2014283410' for key 's2'
 [ SQL语句 ] : INSERT INTO `ceping` (`year`,`classes`,`username`,`name`,`outtime`,`fail`,`honor`,`leader`,`bid`) VALUES ('2017','20142834','2014283410','刘10','0','0','1','1','20142834')

[ 2018-01-01T22:14:31+08:00 ] ::1 /sss/index.php/Ceping/add_ceping.html
INFO: [ app_init ] --START--
INFO: Run Behavior\BuildLiteBehavior [ RunTime:0.000008s ]
INFO: [ app_init ] --END-- [ RunTime:0.000260s ]

[ 2018-01-01T22:14:37+08:00 ] ::1 /sss/index.php/Ceping/cepingupload.html
INFO: [ app_init ] --START--
INFO: Run Behavior\BuildLiteBehavior [ RunTime:0.000009s ]
INFO: [ app_init ] --END-- [ RunTime:0.000215s ]

[ 2018-01-01T22:14:39+08:00 ] ::1 /sss/index.php/Ceping/list_ceping
INFO: [ app_init ] --START--
INFO: Run Behavior\BuildLiteBehavior [ RunTime:0.000010s ]
INFO: [ app_init ] --END-- [ RunTime:0.000265s ]

[ 2018-01-01T22:19:02+08:00 ] ::1 /sss/index.php/Ceping/add_ceping.html
INFO: [ app_init ] --START--
INFO: Run Behavior\BuildLiteBehavior [ RunTime:0.000009s ]
INFO: [ app_init ] --END-- [ RunTime:0.000277s ]

[ 2018-01-01T22:19:09+08:00 ] ::1 /sss/index.php/Ceping/cepingupload.html
INFO: [ app_init ] --START--
INFO: Run Behavior\BuildLiteBehavior [ RunTime:0.000007s ]
INFO: [ app_init ] --END-- [ RunTime:0.000229s ]

[ 2018-01-01T22:19:11+08:00 ] ::1 /sss/index.php/Ceping/list_ceping
INFO: [ app_init ] --START--
INFO: Run Behavior\BuildLiteBehavior [ RunTime:0.000009s ]
INFO: [ app_init ] --END-- [ RunTime:0.000379s ]

[ 2018-01-01T22:21:06+08:00 ] ::1 /sss/index.php/Ceping/add_ceping.html
INFO: [ app_init ] --START--
INFO: Run Behavior\BuildLiteBehavior [ RunTime:0.000008s ]
INFO: [ app_init ] --END-- [ RunTime:0.000273s ]

[ 2018-01-01T22:21:14+08:00 ] ::1 /sss/index.php/Ceping/cepingupload.html
INFO: [ app_init ] --START--
INFO: Run Behavior\BuildLiteBehavior [ RunTime:0.000009s ]
INFO: [ app_init ] --END-- [ RunTime:0.000246s ]

[ 2018-01-01T22:21:16+08:00 ] ::1 /sss/index.php/Ceping/list_ceping
INFO: [ app_init ] --START--
INFO: Run Behavior\BuildLiteBehavior [ RunTime:0.000010s ]
INFO: [ app_init ] --END-- [ RunTime:0.000284s ]

[ 2018-01-01T22:23:05+08:00 ] ::1 /sss/index.php/Ceping/add_ceping.html
INFO: [ app_init ] --START--
INFO: Run Behavior\BuildLiteBehavior [ RunTime:0.000010s ]
INFO: [ app_init ] --END-- [ RunTime:0.000312s ]

[ 2018-01-01T22:23:15+08:00 ] ::1 /sss/index.php/Ceping/cepingupload.html
INFO: [ app_init ] --START--
INFO: Run Behavior\BuildLiteBehavior [ RunTime:0.000009s ]
INFO: [ app_init ] --END-- [ RunTime:0.000243s ]

[ 2018-01-01T22:23:17+08:00 ] ::1 /sss/index.php/Ceping/list_ceping
INFO: [ app_init ] --START--
INFO: Run Behavior\BuildLiteBehavior [ RunTime:0.000033s ]
INFO: [ app_init ] --END-- [ RunTime:0.001394s ]

[ 2018-01-01T22:25:10+08:00 ] ::1 /sss/index.php/Ceping/add_ceping.html
INFO: [ app_init ] --START--
INFO: Run Behavior\BuildLiteBehavior [ RunTime:0.000009s ]
INFO: [ app_init ] --END-- [ RunTime:0.000274s ]

[ 2018-01-01T22:25:18+08:00 ] ::1 /sss/index.php/Ceping/cepingupload.html
INFO: [ app_init ] --START--
INFO: Run Behavior\BuildLiteBehavior [ RunTime:0.000009s ]
INFO: [ app_init ] --END-- [ RunTime:0.000270s ]

[ 2018-01-01T22:25:21+08:00 ] ::1 /sss/index.php/Ceping/list_ceping
INFO: [ app_init ] --START--
INFO: Run Behavior\BuildLiteBehavior [ RunTime:0.000011s ]
INFO: [ app_init ] --END-- [ RunTime:0.000322s ]

[ 2018-01-01T22:26:32+08:00 ] ::1 /sss/index.php/Ceping/add_ceping.html
INFO: [ app_init ] --START--
INFO: Run Behavior\BuildLiteBehavior [ RunTime:0.000009s ]
INFO: [ app_init ] --END-- [ RunTime:0.000285s ]

[ 2018-01-01T22:26:49+08:00 ] ::1 /sss/index.php/Ceping/cepingupload.html
INFO: [ app_init ] --START--
INFO: Run Behavior\BuildLiteBehavior [ RunTime:0.000013s ]
INFO: [ app_init ] --END-- [ RunTime:0.000262s ]

[ 2018-01-01T22:26:50+08:00 ] ::1 /sss/index.php/Ceping/cepingupload.html
INFO: [ app_init ] --START--
INFO: Run Behavior\BuildLiteBehavior [ RunTime:0.000007s ]
INFO: [ app_init ] --END-- [ RunTime:0.000250s ]

[ 2018-01-01T22:26:53+08:00 ] ::1 /sss/index.php/Ceping/list_ceping
INFO: [ app_init ] --START--
INFO: Run Behavior\BuildLiteBehavior [ RunTime:0.000021s ]
INFO: [ app_init ] --END-- [ RunTime:0.002531s ]

[ 2018-01-01T22:27:38+08:00 ] ::1 /sss/index.php/Ceping/add_ceping.html
INFO: [ app_init ] --START--
INFO: Run Behavior\BuildLiteBehavior [ RunTime:0.000015s ]
INFO: [ app_init ] --END-- [ RunTime:0.000294s ]

[ 2018-01-01T22:27:47+08:00 ] ::1 /sss/index.php/Ceping/cepingupload.html
INFO: [ app_init ] --START--
INFO: Run Behavior\BuildLiteBehavior [ RunTime:0.000008s ]
INFO: [ app_init ] --END-- [ RunTime:0.000244s ]

[ 2018-01-01T22:27:48+08:00 ] ::1 /sss/index.php/User/banzhuren_list.html
INFO: [ app_init ] --START--
INFO: Run Behavior\BuildLiteBehavior [ RunTime:0.000012s ]
INFO: [ app_init ] --END-- [ RunTime:0.000351s ]

[ 2018-01-01T22:27:53+08:00 ] ::1 /sss/index.php/Ceping/list_ceping.html
INFO: [ app_init ] --START--
INFO: Run Behavior\BuildLiteBehavior [ RunTime:0.000009s ]
INFO: [ app_init ] --END-- [ RunTime:0.000268s ]

[ 2018-01-01T22:28:20+08:00 ] ::1 /sss/index.php/Index/teacher.html
INFO: [ app_init ] --START--
INFO: Run Behavior\BuildLiteBehavior [ RunTime:0.000017s ]
INFO: [ app_init ] --END-- [ RunTime:0.001967s ]

[ 2018-01-01T22:28:20+08:00 ] ::1 /sss/index.php/Index/main.html
INFO: [ app_init ] --START--
INFO: Run Behavior\BuildLiteBehavior [ RunTime:0.000010s ]
INFO: [ app_init ] --END-- [ RunTime:0.000402s ]

[ 2018-01-01T22:28:22+08:00 ] ::1 /sss/index.php/Ceping/add_ceping.html
INFO: [ app_init ] --START--
INFO: Run Behavior\BuildLiteBehavior [ RunTime:0.000009s ]
INFO: [ app_init ] --END-- [ RunTime:0.000290s ]

[ 2018-01-01T22:28:29+08:00 ] ::1 /sss/index.php/Ceping/cepingupload.html
INFO: [ app_init ] --START--
INFO: Run Behavior\BuildLiteBehavior [ RunTime:0.000008s ]
INFO: [ app_init ] --END-- [ RunTime:0.000249s ]

[ 2018-01-01T22:28:31+08:00 ] ::1 /sss/index.php/Ceping/list_ceping
INFO: [ app_init ] --START--
INFO: Run Behavior\BuildLiteBehavior [ RunTime:0.000008s ]
INFO: [ app_init ] --END-- [ RunTime:0.000280s ]

[ 2018-01-01T22:30:29+08:00 ] ::1 /sss/index.php/User/add.html
INFO: [ app_init ] --START--
INFO: Run Behavior\BuildLiteBehavior [ RunTime:0.000008s ]
INFO: [ app_init ] --END-- [ RunTime:0.000250s ]

[ 2018-01-01T22:30:54+08:00 ] ::1 /sss/index.php/User/upload.html
INFO: [ app_init ] --START--
INFO: Run Behavior\BuildLiteBehavior [ RunTime:0.000010s ]
INFO: [ app_init ] --END-- [ RunTime:0.000389s ]

[ 2018-01-01T22:30:56+08:00 ] ::1 /sss/index.php/User/manage
INFO: [ app_init ] --START--
INFO: Run Behavior\BuildLiteBehavior [ RunTime:0.000012s ]
INFO: [ app_init ] --END-- [ RunTime:0.000246s ]

[ 2018-01-01T22:31:04+08:00 ] ::1 /sss/index.php/User/manage.html
INFO: [ app_init ] --START--
INFO: Run Behavior\BuildLiteBehavior [ RunTime:0.000008s ]
INFO: [ app_init ] --END-- [ RunTime:0.000243s ]

[ 2018-01-01T22:31:13+08:00 ] ::1 /sss/index.php/Home/User/edit/id/292.html
INFO: [ app_init ] --START--
INFO: Run Behavior\BuildLiteBehavior [ RunTime:0.000008s ]
INFO: [ app_init ] --END-- [ RunTime:0.000248s ]

[ 2018-01-01T22:31:22+08:00 ] ::1 /sss/index.php/User/manage.html
INFO: [ app_init ] --START--
INFO: Run Behavior\BuildLiteBehavior [ RunTime:0.000010s ]
INFO: [ app_init ] --END-- [ RunTime:0.000285s ]

[ 2018-01-01T22:31:36+08:00 ] ::1 /sss/index.php/User/manage.html
INFO: [ app_init ] --START--
INFO: Run Behavior\BuildLiteBehavior [ RunTime:0.000063s ]
INFO: [ app_init ] --END-- [ RunTime:0.002047s ]

[ 2018-01-01T22:31:39+08:00 ] ::1 /sss/index.php/User/manage.html
INFO: [ app_init ] --START--
INFO: Run Behavior\BuildLiteBehavior [ RunTime:0.000013s ]
INFO: [ app_init ] --END-- [ RunTime:0.000276s ]

[ 2018-01-01T22:31:44+08:00 ] ::1 /sss/index.php/User/manage.html
INFO: [ app_init ] --START--
INFO: Run Behavior\BuildLiteBehavior [ RunTime:0.000011s ]
INFO: [ app_init ] --END-- [ RunTime:0.000390s ]

[ 2018-01-01T22:32:28+08:00 ] ::1 /sss/index.php/Notice/add_notice.html
INFO: [ app_init ] --START--
INFO: Run Behavior\BuildLiteBehavior [ RunTime:0.000017s ]
INFO: [ app_init ] --END-- [ RunTime:0.000419s ]

[ 2018-01-01T22:32:30+08:00 ] ::1 /sss/index.php/Ceping/list_ceping.html
INFO: [ app_init ] --START--
INFO: Run Behavior\BuildLiteBehavior [ RunTime:0.000009s ]
INFO: [ app_init ] --END-- [ RunTime:0.000282s ]

[ 2018-01-01T22:32:34+08:00 ] ::1 /sss/index.php/Ceping/list_ceping.html
INFO: [ app_init ] --START--
INFO: Run Behavior\BuildLiteBehavior [ RunTime:0.000009s ]
INFO: [ app_init ] --END-- [ RunTime:0.000267s ]

[ 2018-01-01T22:32:37+08:00 ] ::1 /sss/index.php/Ceping/list_ceping.html
INFO: [ app_init ] --START--
INFO: Run Behavior\BuildLiteBehavior [ RunTime:0.000008s ]
INFO: [ app_init ] --END-- [ RunTime:0.000251s ]

[ 2018-01-01T22:32:40+08:00 ] ::1 /sss/index.php/Ceping/list_ceping.html
INFO: [ app_init ] --START--
INFO: Run Behavior\BuildLiteBehavior [ RunTime:0.000008s ]
INFO: [ app_init ] --END-- [ RunTime:0.000243s ]

[ 2018-01-01T22:32:44+08:00 ] ::1 /sss/index.php/Ceping/list_ceping.html
INFO: [ app_init ] --START--
INFO: Run Behavior\BuildLiteBehavior [ RunTime:0.000008s ]
INFO: [ app_init ] --END-- [ RunTime:0.000243s ]

[ 2018-01-01T22:34:53+08:00 ] ::1 /sss/index.php/Ceping/list_ceping.html
INFO: [ app_init ] --START--
INFO: Run Behavior\BuildLiteBehavior [ RunTime:0.000008s ]
INFO: [ app_init ] --END-- [ RunTime:0.000263s ]

[ 2018-01-01T22:34:55+08:00 ] ::1 /sss/index.php/Ceping/list_ceping/page/2.html
INFO: [ app_init ] --START--
INFO: Run Behavior\BuildLiteBehavior [ RunTime:0.000013s ]
INFO: [ app_init ] --END-- [ RunTime:0.000376s ]

[ 2018-01-01T22:35:03+08:00 ] ::1 /sss/
INFO: [ app_init ] --START--
INFO: Run Behavior\BuildLiteBehavior [ RunTime:0.000015s ]
INFO: [ app_init ] --END-- [ RunTime:0.000475s ]

[ 2018-01-01T22:38:42+08:00 ] ::1 /sss/index.php/Index/login.html
INFO: [ app_init ] --START--
INFO: Run Behavior\BuildLiteBehavior [ RunTime:0.000115s ]
INFO: [ app_init ] --END-- [ RunTime:0.000546s ]

[ 2018-01-01T22:38:43+08:00 ] ::1 /sss/index.php/Index/student.html
INFO: [ app_init ] --START--
INFO: Run Behavior\BuildLiteBehavior [ RunTime:0.000009s ]
INFO: [ app_init ] --END-- [ RunTime:0.000362s ]

[ 2018-01-01T22:38:43+08:00 ] ::1 /sss/index.php/Index/main.html
INFO: [ app_init ] --START--
INFO: Run Behavior\BuildLiteBehavior [ RunTime:0.000021s ]
INFO: [ app_init ] --END-- [ RunTime:0.000653s ]

[ 2018-01-01T22:38:58+08:00 ] ::1 /sss/index.php/User/message.html
INFO: [ app_init ] --START--
INFO: Run Behavior\BuildLiteBehavior [ RunTime:0.000017s ]
INFO: [ app_init ] --END-- [ RunTime:0.000486s ]

[ 2018-01-01T22:39:03+08:00 ] ::1 /sss/index.php/User/update.html
INFO: [ app_init ] --START--
INFO: Run Behavior\BuildLiteBehavior [ RunTime:0.000008s ]
INFO: [ app_init ] --END-- [ RunTime:0.000243s ]

[ 2018-01-01T22:39:21+08:00 ] ::1 /sss/index.php/User/update.html
INFO: [ app_init ] --START--
INFO: Run Behavior\BuildLiteBehavior [ RunTime:0.000229s ]
INFO: [ app_init ] --END-- [ RunTime:0.003336s ]

[ 2018-01-01T22:39:24+08:00 ] ::1 /sss/index.php/User/message.html
INFO: [ app_init ] --START--
INFO: Run Behavior\BuildLiteBehavior [ RunTime:0.000009s ]
INFO: [ app_init ] --END-- [ RunTime:0.000265s ]

[ 2018-01-01T22:39:29+08:00 ] ::1 /sss/index.php/Notice/notice.html
INFO: [ app_init ] --START--
INFO: Run Behavior\BuildLiteBehavior [ RunTime:0.000011s ]
INFO: [ app_init ] --END-- [ RunTime:0.000314s ]

[ 2018-01-01T22:39:30+08:00 ] ::1 /sss/index.php/Ceping/ceping.html
INFO: [ app_init ] --START--
INFO: Run Behavior\BuildLiteBehavior [ RunTime:0.000009s ]
INFO: [ app_init ] --END-- [ RunTime:0.000273s ]

[ 2018-01-01T22:39:36+08:00 ] ::1 /sss/index.php/Ceping/ceping.html
INFO: [ app_init ] --START--
INFO: Run Behavior\BuildLiteBehavior [ RunTime:0.000009s ]
INFO: [ app_init ] --END-- [ RunTime:0.000243s ]

[ 2018-01-01T22:39:53+08:00 ] ::1 /sss/index.php/Index/student.html
INFO: [ app_init ] --START--
INFO: Run Behavior\BuildLiteBehavior [ RunTime:0.000010s ]
INFO: [ app_init ] --END-- [ RunTime:0.000279s ]

[ 2018-01-01T22:39:53+08:00 ] ::1 /sss/index.php/Index/main.html
INFO: [ app_init ] --START--
INFO: Run Behavior\BuildLiteBehavior [ RunTime:0.000010s ]
INFO: [ app_init ] --END-- [ RunTime:0.000411s ]

[ 2018-01-01T22:39:53+08:00 ] ::1 /sss/index.php/Index/student.html
INFO: [ app_init ] --START--
INFO: Run Behavior\BuildLiteBehavior [ RunTime:0.000013s ]
INFO: [ app_init ] --END-- [ RunTime:0.000430s ]

[ 2018-01-01T22:39:53+08:00 ] ::1 /sss/index.php/Index/main.html
INFO: [ app_init ] --START--
INFO: Run Behavior\BuildLiteBehavior [ RunTime:0.000009s ]
INFO: [ app_init ] --END-- [ RunTime:0.000294s ]

[ 2018-01-01T22:39:55+08:00 ] ::1 /sss/index.php/Notice/notice.html
INFO: [ app_init ] --START--
INFO: Run Behavior\BuildLiteBehavior [ RunTime:0.000008s ]
INFO: [ app_init ] --END-- [ RunTime:0.000242s ]

[ 2018-01-01T22:39:56+08:00 ] ::1 /sss/index.php/Ceping/ceping.html
INFO: [ app_init ] --START--
INFO: Run Behavior\BuildLiteBehavior [ RunTime:0.000008s ]
INFO: [ app_init ] --END-- [ RunTime:0.000245s ]

[ 2018-01-01T22:40:03+08:00 ] ::1 /sss/index.php/Rongyu/see.html
INFO: [ app_init ] --START--
INFO: Run Behavior\BuildLiteBehavior [ RunTime:0.000014s ]
INFO: [ app_init ] --END-- [ RunTime:0.000400s ]

[ 2018-01-01T22:40:06+08:00 ] ::1 /sss/index.php/Index/logout.html
INFO: [ app_init ] --START--
INFO: Run Behavior\BuildLiteBehavior [ RunTime:0.000015s ]
INFO: [ app_init ] --END-- [ RunTime:0.000227s ]

[ 2018-01-01T22:40:09+08:00 ] ::1 /sss/index.php/Index/index.html
INFO: [ app_init ] --START--
INFO: Run Behavior\BuildLiteBehavior [ RunTime:0.000030s ]
INFO: [ app_init ] --END-- [ RunTime:0.000507s ]

[ 2018-01-01T22:40:23+08:00 ] ::1 /sss/index.php/Index/login.html
INFO: [ app_init ] --START--
INFO: Run Behavior\BuildLiteBehavior [ RunTime:0.000011s ]
INFO: [ app_init ] --END-- [ RunTime:0.000250s ]

[ 2018-01-01T22:40:24+08:00 ] ::1 /sss/index.php/Index/banzhuren.html
INFO: [ app_init ] --START--
INFO: Run Behavior\BuildLiteBehavior [ RunTime:0.000008s ]
INFO: [ app_init ] --END-- [ RunTime:0.000213s ]

[ 2018-01-01T22:40:25+08:00 ] ::1 /sss/index.php/Index/main.html
INFO: [ app_init ] --START--
INFO: Run Behavior\BuildLiteBehavior [ RunTime:0.000021s ]
INFO: [ app_init ] --END-- [ RunTime:0.000429s ]

[ 2018-01-01T22:40:27+08:00 ] ::1 /sss/index.php/User/manage1.html
INFO: [ app_init ] --START--
INFO: Run Behavior\BuildLiteBehavior [ RunTime:0.000115s ]
INFO: [ app_init ] --END-- [ RunTime:0.001794s ]

[ 2018-01-01T22:40:34+08:00 ] ::1 /sss/index.php/Ceping/list_ceping1.html
INFO: [ app_init ] --START--
INFO: Run Behavior\BuildLiteBehavior [ RunTime:0.000009s ]
INFO: [ app_init ] --END-- [ RunTime:0.000237s ]

[ 2018-01-01T22:40:45+08:00 ] ::1 /sss/index.php/Jiangjin/check.html
INFO: [ app_init ] --START--
INFO: Run Behavior\BuildLiteBehavior [ RunTime:0.000009s ]
INFO: [ app_init ] --END-- [ RunTime:0.000238s ]

[ 2018-01-01T22:40:46+08:00 ] ::1 /sss/index.php/Jiangjin/checked.html
INFO: [ app_init ] --START--
INFO: Run Behavior\BuildLiteBehavior [ RunTime:0.000008s ]
INFO: [ app_init ] --END-- [ RunTime:0.000234s ]

[ 2018-01-01T22:40:48+08:00 ] ::1 /sss/index.php/Message/message_check1.html
INFO: [ app_init ] --START--
INFO: Run Behavior\BuildLiteBehavior [ RunTime:0.000009s ]
INFO: [ app_init ] --END-- [ RunTime:0.000279s ]

[ 2018-01-01T22:40:49+08:00 ] ::1 /sss/index.php/Message/message_checked1.html
INFO: [ app_init ] --START--
INFO: Run Behavior\BuildLiteBehavior [ RunTime:0.000008s ]
INFO: [ app_init ] --END-- [ RunTime:0.000217s ]

[ 2018-01-01T22:41:00+08:00 ] ::1 /sss/index.php/Index/logout.html
INFO: [ app_init ] --START--
INFO: Run Behavior\BuildLiteBehavior [ RunTime:0.000018s ]
INFO: [ app_init ] --END-- [ RunTime:0.001836s ]

[ 2018-01-01T22:41:02+08:00 ] ::1 /sss/index.php/Index/index.html
INFO: [ app_init ] --START--
INFO: Run Behavior\BuildLiteBehavior [ RunTime:0.000009s ]
INFO: [ app_init ] --END-- [ RunTime:0.000223s ]

[ 2018-01-01T22:43:12+08:00 ] ::1 /sss/index.php/Index/login.html
INFO: [ app_init ] --START--
INFO: Run Behavior\BuildLiteBehavior [ RunTime:0.000009s ]
INFO: [ app_init ] --END-- [ RunTime:0.000269s ]

[ 2018-01-01T22:43:13+08:00 ] ::1 /sss/index.php/Index/student.html
INFO: [ app_init ] --START--
INFO: Run Behavior\BuildLiteBehavior [ RunTime:0.000010s ]
INFO: [ app_init ] --END-- [ RunTime:0.000249s ]

[ 2018-01-01T22:43:13+08:00 ] ::1 /sss/index.php/Index/main.html
INFO: [ app_init ] --START--
INFO: Run Behavior\BuildLiteBehavior [ RunTime:0.000013s ]
INFO: [ app_init ] --END-- [ RunTime:0.000316s ]

[ 2018-01-01T22:43:15+08:00 ] ::1 /sss/index.php/User/message.html
INFO: [ app_init ] --START--
INFO: Run Behavior\BuildLiteBehavior [ RunTime:0.000013s ]
INFO: [ app_init ] --END-- [ RunTime:0.000223s ]

[ 2018-01-01T22:43:19+08:00 ] ::1 /sss/index.php/Ceping/ceping.html
INFO: [ app_init ] --START--
INFO: Run Behavior\BuildLiteBehavior [ RunTime:0.000008s ]
INFO: [ app_init ] --END-- [ RunTime:0.000210s ]

[ 2018-01-01T22:44:13+08:00 ] ::1 /sss/index.php/User/update.html
INFO: [ app_init ] --START--
INFO: Run Behavior\BuildLiteBehavior [ RunTime:0.000009s ]
INFO: [ app_init ] --END-- [ RunTime:0.000255s ]

[ 2018-01-01T22:44:15+08:00 ] ::1 /sss/index.php/Notice/notice.html
INFO: [ app_init ] --START--
INFO: Run Behavior\BuildLiteBehavior [ RunTime:0.000021s ]
INFO: [ app_init ] --END-- [ RunTime:0.000333s ]

[ 2018-01-01T22:44:17+08:00 ] ::1 /sss/index.php/Ceping/ceping.html
INFO: [ app_init ] --START--
INFO: Run Behavior\BuildLiteBehavior [ RunTime:0.000010s ]
INFO: [ app_init ] --END-- [ RunTime:0.000271s ]

[ 2018-01-01T22:44:20+08:00 ] ::1 /sss/index.php/Jiangjin/see.html
INFO: [ app_init ] --START--
INFO: Run Behavior\BuildLiteBehavior [ RunTime:0.000009s ]
INFO: [ app_init ] --END-- [ RunTime:0.000236s ]

[ 2018-01-01T22:44:22+08:00 ] ::1 /sss/index.php/Apply/apply.html
INFO: [ app_init ] --START--
INFO: Run Behavior\BuildLiteBehavior [ RunTime:0.000009s ]
INFO: [ app_init ] --END-- [ RunTime:0.000282s ]

[ 2018-01-01T22:44:24+08:00 ] ::1 /sss/index.php/Apply/applylist.html
INFO: [ app_init ] --START--
INFO: Run Behavior\BuildLiteBehavior [ RunTime:0.000034s ]
INFO: [ app_init ] --END-- [ RunTime:0.000660s ]

[ 2018-01-01T22:44:33+08:00 ] ::1 /sss/index.php/Apply/apply.html
INFO: [ app_init ] --START--
INFO: Run Behavior\BuildLiteBehavior [ RunTime:0.000008s ]
INFO: [ app_init ] --END-- [ RunTime:0.000265s ]

[ 2018-01-01T22:44:33+08:00 ] ::1 /sss/index.php/Apply/qtimages/1_02_02_01_02_04.gif
INFO: [ app_init ] --START--
INFO: Run Behavior\BuildLiteBehavior [ RunTime:0.000012s ]
INFO: [ app_init ] --END-- [ RunTime:0.000303s ]

[ 2018-01-01T22:44:33+08:00 ] ::1 /sss/index.php/Apply/qtimages/1_02_02_01_01.gif
INFO: [ app_init ] --START--
INFO: Run Behavior\BuildLiteBehavior [ RunTime:0.000012s ]
INFO: [ app_init ] --END-- [ RunTime:0.000380s ]



[ 2018-01-01T22:44:38+08:00 ] ::1 /sss/index.php/Index/student.html
INFO: [ app_init ] --START--
INFO: Run Behavior\BuildLiteBehavior [ RunTime:0.000010s ]
INFO: [ app_init ] --END-- [ RunTime:0.000318s ]

[ 2018-01-01T22:44:38+08:00 ] ::1 /sss/index.php/Index/main.html
INFO: [ app_init ] --START--
INFO: Run Behavior\BuildLiteBehavior [ RunTime:0.000029s ]
INFO: [ app_init ] --END-- [ RunTime:0.000337s ]

[ 2018-01-01T22:44:41+08:00 ] ::1 /sss/index.php/Apply/apply.html
INFO: [ app_init ] --START--
INFO: Run Behavior\BuildLiteBehavior [ RunTime:0.000012s ]
INFO: [ app_init ] --END-- [ RunTime:0.000342s ]

[ 2018-01-01T22:44:41+08:00 ] ::1 /sss/index.php/Apply/qtimages/1_02_02_01_03.gif
INFO: [ app_init ] --START--
INFO: Run Behavior\BuildLiteBehavior [ RunTime:0.000014s ]
INFO: [ app_init ] --END-- [ RunTime:0.000315s ]

[ 2018-01-01T22:44:41+08:00 ] ::1 /sss/index.php/Apply/qtimages/1_02_02_01_02_04.gif
INFO: [ app_init ] --START--
INFO: Run Behavior\BuildLiteBehavior [ RunTime:0.000023s ]
INFO: [ app_init ] --END-- [ RunTime:0.000799s ]

[ 2018-01-01T22:44:41+08:00 ] ::1 /sss/index.php/Apply/qtimages/1_02_02_01_02_01.gif
INFO: [ app_init ] --START--
INFO: Run Behavior\BuildLiteBehavior [ RunTime:0.000013s ]
INFO: [ app_init ] --END-- [ RunTime:0.000301s ]

[ 2018-01-01T22:46:17+08:00 ] ::1 /sss/index.php/Index/student.html
INFO: [ app_init ] --START--
INFO: Run Behavior\BuildLiteBehavior [ RunTime:0.000010s ]
INFO: [ app_init ] --END-- [ RunTime:0.000320s ]

[ 2018-01-01T22:46:17+08:00 ] ::1 /sss/index.php/Index/main.html
INFO: [ app_init ] --START--
INFO: Run Behavior\BuildLiteBehavior [ RunTime:0.000012s ]
INFO: [ app_init ] --END-- [ RunTime:0.000350s ]

[ 2018-01-01T22:46:21+08:00 ] ::1 /sss/index.php/Apply/apply.html
INFO: [ app_init ] --START--
INFO: Run Behavior\BuildLiteBehavior [ RunTime:0.000008s ]
INFO: [ app_init ] --END-- [ RunTime:0.000228s ]

[ 2018-01-01T22:46:21+08:00 ] ::1 /sss/index.php/Apply/qtimages/1_02_02_01_01.gif
INFO: [ app_init ] --START--
INFO: Run Behavior\BuildLiteBehavior [ RunTime:0.000014s ]
INFO: [ app_init ] --END-- [ RunTime:0.000432s ]



[ 2018-01-01T22:46:21+08:00 ] ::1 /sss/index.php/Apply/qtimages/1_02_02_01_02_04.gif
INFO: [ app_init ] --START--
INFO: Run Behavior\BuildLiteBehavior [ RunTime:0.000037s ]
INFO: [ app_init ] --END-- [ RunTime:0.000415s ]

[ 2018-01-01T22:46:31+08:00 ] ::1 /sss/index.php/Apply/apply.html
INFO: [ app_init ] --START--
INFO: Run Behavior\BuildLiteBehavior [ RunTime:0.000008s ]
INFO: [ app_init ] --END-- [ RunTime:0.000251s ]

[ 2018-01-01T22:46:31+08:00 ] ::1 /sss/index.php/Apply/qtimages/1_02_02_01_03.gif
INFO: [ app_init ] --START--
INFO: Run Behavior\BuildLiteBehavior [ RunTime:0.000015s ]
INFO: [ app_init ] --END-- [ RunTime:0.000401s ]

[ 2018-01-01T22:46:31+08:00 ] ::1 /sss/index.php/Apply/qtimages/1_02_02_01_01.gif
INFO: [ app_init ] --START--
INFO: Run Behavior\BuildLiteBehavior [ RunTime:0.000142s ]
INFO: [ app_init ] --END-- [ RunTime:0.004658s ]

[ 2018-01-01T22:46:31+08:00 ] ::1 /sss/index.php/Apply/qtimages/1_02_02_01_02_01.gif
INFO: [ app_init ] --START--
INFO: Run Behavior\BuildLiteBehavior [ RunTime:0.000016s ]
INFO: [ app_init ] --END-- [ RunTime:0.000468s ]

[ 2018-01-01T22:46:31+08:00 ] ::1 /sss/index.php/Apply/qtimages/1_02_02_01_02_04.gif
INFO: [ app_init ] --START--
INFO: Run Behavior\BuildLiteBehavior [ RunTime:0.000125s ]
INFO: [ app_init ] --END-- [ RunTime:0.003110s ]

[ 2018-01-01T22:46:45+08:00 ] ::1 /sss/index.php/Apply/apply.html
INFO: [ app_init ] --START--
INFO: Run Behavior\BuildLiteBehavior [ RunTime:0.000007s ]
INFO: [ app_init ] --END-- [ RunTime:0.000211s ]

[ 2018-01-01T22:46:45+08:00 ] ::1 /sss/index.php/Apply/qtimages/1_02_02_01_03.gif
INFO: [ app_init ] --START--
INFO: Run Behavior\BuildLiteBehavior [ RunTime:0.000029s ]
INFO: [ app_init ] --END-- [ RunTime:0.004640s ]

[ 2018-01-01T22:46:47+08:00 ] ::1 /sss/index.php/Apply/applylist.html
INFO: [ app_init ] --START--
INFO: Run Behavior\BuildLiteBehavior [ RunTime:0.000013s ]
INFO: [ app_init ] --END-- [ RunTime:0.000321s ]

[ 2018-01-01T22:46:47+08:00 ] ::1 /sss/index.php/Apply/qtimages/1_02_02_01_02_01.gif
INFO: [ app_init ] --START--
INFO: Run Behavior\BuildLiteBehavior [ RunTime:0.000013s ]
INFO: [ app_init ] --END-- [ RunTime:0.000299s ]

[ 2018-01-01T22:46:47+08:00 ] ::1 /sss/index.php/Apply/qtimages/1_02_02_01_01.gif
INFO: [ app_init ] --START--
INFO: Run Behavior\BuildLiteBehavior [ RunTime:0.000008s ]
INFO: [ app_init ] --END-- [ RunTime:0.000232s ]

[ 2018-01-01T22:47:11+08:00 ] ::1 /sss/index.php/Index/student.html
INFO: [ app_init ] --START--
INFO: Run Behavior\BuildLiteBehavior [ RunTime:0.000010s ]
INFO: [ app_init ] --END-- [ RunTime:0.000283s ]

[ 2018-01-01T22:47:11+08:00 ] ::1 /sss/index.php/Index/main.html
INFO: [ app_init ] --START--
INFO: Run Behavior\BuildLiteBehavior [ RunTime:0.000010s ]
INFO: [ app_init ] --END-- [ RunTime:0.000268s ]

[ 2018-01-01T22:47:14+08:00 ] ::1 /sss/index.php/Apply/apply.html
INFO: [ app_init ] --START--
INFO: Run Behavior\BuildLiteBehavior [ RunTime:0.000009s ]
INFO: [ app_init ] --END-- [ RunTime:0.000227s ]

[ 2018-01-01T22:47:14+08:00 ] ::1 /sss/index.php/Apply/qtimages/1_02_02_01_03.gif
INFO: [ app_init ] --START--
INFO: Run Behavior\BuildLiteBehavior [ RunTime:0.000013s ]
INFO: [ app_init ] --END-- [ RunTime:0.000309s ]

[ 2018-01-01T22:47:14+08:00 ] ::1 /sss/index.php/Apply/qtimages/1_02_02_01_01.gif
INFO: [ app_init ] --START--
INFO: Run Behavior\BuildLiteBehavior [ RunTime:0.000015s ]
INFO: [ app_init ] --END-- [ RunTime:0.000453s ]

[ 2018-01-01T22:47:14+08:00 ] ::1 /sss/index.php/Apply/qtimages/1_02_02_01_02_01.gif
INFO: [ app_init ] --START--
INFO: Run Behavior\BuildLiteBehavior [ RunTime:0.000206s ]
INFO: [ app_init ] --END-- [ RunTime:0.001875s ]

[ 2018-01-01T22:47:14+08:00 ] ::1 /sss/index.php/Apply/qtimages/1_02_02_01_02_04.gif
INFO: [ app_init ] --START--
INFO: Run Behavior\BuildLiteBehavior [ RunTime:0.000015s ]
INFO: [ app_init ] --END-- [ RunTime:0.000460s ]

[ 2018-01-01T22:47:15+08:00 ] ::1 /sss/index.php/Apply/applylist.html
INFO: [ app_init ] --START--
INFO: Run Behavior\BuildLiteBehavior [ RunTime:0.000008s ]
INFO: [ app_init ] --END-- [ RunTime:0.000242s ]

[ 2018-01-01T22:47:50+08:00 ] ::1 /sss/index.php/User/message.html
INFO: [ app_init ] --START--
INFO: Run Behavior\BuildLiteBehavior [ RunTime:0.000009s ]
INFO: [ app_init ] --END-- [ RunTime:0.000255s ]

[ 2018-01-01T22:47:52+08:00 ] ::1 /sss/index.php/User/update.html
INFO: [ app_init ] --START--
INFO: Run Behavior\BuildLiteBehavior [ RunTime:0.000008s ]
INFO: [ app_init ] --END-- [ RunTime:0.000243s ]

[ 2018-01-01T22:47:59+08:00 ] ::1 /sss/index.php/User/update.html
INFO: [ app_init ] --START--
INFO: Run Behavior\BuildLiteBehavior [ RunTime:0.000009s ]
INFO: [ app_init ] --END-- [ RunTime:0.000266s ]

[ 2018-01-01T22:48:01+08:00 ] ::1 /sss/index.php/User/message.html
INFO: [ app_init ] --START--
INFO: Run Behavior\BuildLiteBehavior [ RunTime:0.000021s ]
INFO: [ app_init ] --END-- [ RunTime:0.000397s ]

[ 2018-01-01T22:48:05+08:00 ] ::1 /sss/index.php/Notice/notice.html
INFO: [ app_init ] --START--
INFO: Run Behavior\BuildLiteBehavior [ RunTime:0.000009s ]
INFO: [ app_init ] --END-- [ RunTime:0.000254s ]

[ 2018-01-01T22:48:06+08:00 ] ::1 /sss/index.php/Ceping/ceping.html
INFO: [ app_init ] --START--
INFO: Run Behavior\BuildLiteBehavior [ RunTime:0.000009s ]
INFO: [ app_init ] --END-- [ RunTime:0.000252s ]

[ 2018-01-01T22:48:08+08:00 ] ::1 /sss/index.php/Apply/apply.html
INFO: [ app_init ] --START--
INFO: Run Behavior\BuildLiteBehavior [ RunTime:0.000009s ]
INFO: [ app_init ] --END-- [ RunTime:0.000310s ]

[ 2018-01-01T22:48:08+08:00 ] ::1 /sss/index.php/Apply/qtimages/1_02_02_01_03.gif
INFO: [ app_init ] --START--
INFO: Run Behavior\BuildLiteBehavior [ RunTime:0.000014s ]
INFO: [ app_init ] --END-- [ RunTime:0.000371s ]

[ 2018-01-01T22:48:08+08:00 ] ::1 /sss/index.php/Apply/qtimages/1_02_02_01_01.gif
INFO: [ app_init ] --START--
INFO: Run Behavior\BuildLiteBehavior [ RunTime:0.000098s ]
INFO: [ app_init ] --END-- [ RunTime:0.002952s ]

[ 2018-01-01T22:48:08+08:00 ] ::1 /sss/index.php/Apply/qtimages/1_02_02_01_02_01.gif
INFO: [ app_init ] --START--
INFO: Run Behavior\BuildLiteBehavior [ RunTime:0.000042s ]
INFO: [ app_init ] --END-- [ RunTime:0.002560s ]

[ 2018-01-01T22:48:08+08:00 ] ::1 /sss/index.php/Apply/qtimages/1_02_02_01_02_04.gif
INFO: [ app_init ] --START--
INFO: Run Behavior\BuildLiteBehavior [ RunTime:0.000017s ]
INFO: [ app_init ] --END-- [ RunTime:0.000339s ]

[ 2018-01-01T22:48:19+08:00 ] ::1 /sss/index.php/Apply/apply.html
INFO: [ app_init ] --START--
INFO: Run Behavior\BuildLiteBehavior [ RunTime:0.000009s ]
INFO: [ app_init ] --END-- [ RunTime:0.000220s ]

[ 2018-01-01T22:48:19+08:00 ] ::1 /sss/index.php/Apply/qtimages/1_02_02_01_03.gif
INFO: [ app_init ] --START--
INFO: Run Behavior\BuildLiteBehavior [ RunTime:0.000013s ]
INFO: [ app_init ] --END-- [ RunTime:0.000356s ]

[ 2018-01-01T22:48:19+08:00 ] ::1 /sss/index.php/Apply/qtimages/1_02_02_01_02_01.gif
INFO: [ app_init ] --START--
INFO: Run Behavior\BuildLiteBehavior [ RunTime:0.000074s ]
INFO: [ app_init ] --END-- [ RunTime:0.002593s ]

[ 2018-01-01T22:48:24+08:00 ] ::1 /sss/index.php/Apply/apply.html
INFO: [ app_init ] --START--
INFO: Run Behavior\BuildLiteBehavior [ RunTime:0.000011s ]
INFO: [ app_init ] --END-- [ RunTime:0.000315s ]

[ 2018-01-01T22:48:24+08:00 ] ::1 /sss/index.php/Apply/qtimages/1_02_02_01_03.gif
INFO: [ app_init ] --START--
INFO: Run Behavior\BuildLiteBehavior [ RunTime:0.000016s ]
INFO: [ app_init ] --END-- [ RunTime:0.000315s ]

[ 2018-01-01T22:48:26+08:00 ] ::1 /sss/index.php/Apply/applylist.html
INFO: [ app_init ] --START--
INFO: Run Behavior\BuildLiteBehavior [ RunTime:0.000016s ]
INFO: [ app_init ] --END-- [ RunTime:0.000374s ]

[ 2018-01-01T22:48:26+08:00 ] ::1 /sss/index.php/Apply/qtimages/1_02_02_01_01.gif
INFO: [ app_init ] --START--
INFO: Run Behavior\BuildLiteBehavior [ RunTime:0.000009s ]
INFO: [ app_init ] --END-- [ RunTime:0.000340s ]

[ 2018-01-01T22:48:26+08:00 ] ::1 /sss/index.php/Apply/qtimages/1_02_02_01_02_01.gif
INFO: [ app_init ] --START--
INFO: Run Behavior\BuildLiteBehavior [ RunTime:0.000008s ]
INFO: [ app_init ] --END-- [ RunTime:0.000358s ]

[ 2018-01-01T22:49:29+08:00 ] ::1 /sss/index.php/Apply/apply.html
INFO: [ app_init ] --START--
INFO: Run Behavior\BuildLiteBehavior [ RunTime:0.000008s ]
INFO: [ app_init ] --END-- [ RunTime:0.000240s ]

[ 2018-01-01T22:49:29+08:00 ] ::1 /sss/index.php/Apply/qtimages/1_02_02_01_02_01.gif
INFO: [ app_init ] --START--
INFO: Run Behavior\BuildLiteBehavior [ RunTime:0.000012s ]
INFO: [ app_init ] --END-- [ RunTime:0.000303s ]

[ 2018-01-01T22:49:29+08:00 ] ::1 /sss/index.php/Apply/qtimages/1_02_02_01_01.gif
INFO: [ app_init ] --START--
INFO: Run Behavior\BuildLiteBehavior [ RunTime:0.000014s ]
INFO: [ app_init ] --END-- [ RunTime:0.000398s ]

[ 2018-01-01T22:49:29+08:00 ] ::1 /sss/index.php/Apply/qtimages/1_02_02_01_03.gif
INFO: [ app_init ] --START--
INFO: Run Behavior\BuildLiteBehavior [ RunTime:0.000013s ]
INFO: [ app_init ] --END-- [ RunTime:0.000361s ]

[ 2018-01-01T22:49:29+08:00 ] ::1 /sss/index.php/Apply/qtimages/1_02_02_01_02_04.gif
INFO: [ app_init ] --START--
INFO: Run Behavior\BuildLiteBehavior [ RunTime:0.000013s ]
INFO: [ app_init ] --END-- [ RunTime:0.000556s ]

[ 2018-01-01T22:49:40+08:00 ] ::1 /sss/index.php/Rongyu/see.html
INFO: [ app_init ] --START--
INFO: Run Behavior\BuildLiteBehavior [ RunTime:0.000008s ]
INFO: [ app_init ] --END-- [ RunTime:0.000218s ]

[ 2018-01-01T22:49:40+08:00 ] ::1 /sss/index.php/Message/publish.html
INFO: [ app_init ] --START--
INFO: Run Behavior\BuildLiteBehavior [ RunTime:0.000008s ]
INFO: [ app_init ] --END-- [ RunTime:0.000216s ]

[ 2018-01-01T22:49:40+08:00 ] ::1 /sss/index.php/Message/qtimages/1_02_02_01_03.gif
INFO: [ app_init ] --START--
INFO: Run Behavior\BuildLiteBehavior [ RunTime:0.000018s ]
INFO: [ app_init ] --END-- [ RunTime:0.000651s ]

[ 2018-01-01T22:49:40+08:00 ] ::1 /sss/index.php/Message/qtimages/1_02_02_01_01.gif
INFO: [ app_init ] --START--
INFO: Run Behavior\BuildLiteBehavior [ RunTime:0.000012s ]
INFO: [ app_init ] --END-- [ RunTime:0.000314s ]

[ 2018-01-01T22:49:40+08:00 ] ::1 /sss/index.php/Message/qtimages/1_02_02_01_02_01.gif
INFO: [ app_init ] --START--
INFO: Run Behavior\BuildLiteBehavior [ RunTime:0.000014s ]
INFO: [ app_init ] --END-- [ RunTime:0.000408s ]

[ 2018-01-01T22:49:40+08:00 ] ::1 /sss/index.php/Message/qtimages/1_02_02_01_02_04.gif
INFO: [ app_init ] --START--
INFO: Run Behavior\BuildLiteBehavior [ RunTime:0.000009s ]
INFO: [ app_init ] --END-- [ RunTime:0.000284s ]

[ 2018-01-01T22:49:51+08:00 ] ::1 /sss/index.php/Message/publish.html
INFO: [ app_init ] --START--
INFO: Run Behavior\BuildLiteBehavior [ RunTime:0.000009s ]
INFO: [ app_init ] --END-- [ RunTime:0.000360s ]

[ 2018-01-01T22:49:51+08:00 ] ::1 /sss/index.php/Message/qtimages/1_02_02_01_03.gif
INFO: [ app_init ] --START--
INFO: Run Behavior\BuildLiteBehavior [ RunTime:0.000008s ]
INFO: [ app_init ] --END-- [ RunTime:0.000217s ]

[ 2018-01-01T22:49:52+08:00 ] ::1 /sss/index.php/Message/publish.html
INFO: [ app_init ] --START--
INFO: Run Behavior\BuildLiteBehavior [ RunTime:0.000009s ]
INFO: [ app_init ] --END-- [ RunTime:0.000230s ]

[ 2018-01-01T22:49:52+08:00 ] ::1 /sss/index.php/Message/qtimages/1_02_02_01_03.gif
INFO: [ app_init ] --START--
INFO: Run Behavior\BuildLiteBehavior [ RunTime:0.000017s ]
INFO: [ app_init ] --END-- [ RunTime:0.000449s ]

[ 2018-01-01T22:49:52+08:00 ] ::1 /sss/index.php/Message/qtimages/1_02_02_01_01.gif
INFO: [ app_init ] --START--
INFO: Run Behavior\BuildLiteBehavior [ RunTime:0.000015s ]
INFO: [ app_init ] --END-- [ RunTime:0.000375s ]

[ 2018-01-01T22:49:52+08:00 ] ::1 /sss/index.php/Message/qtimages/1_02_02_01_02_01.gif
INFO: [ app_init ] --START--
INFO: Run Behavior\BuildLiteBehavior [ RunTime:0.000103s ]
INFO: [ app_init ] --END-- [ RunTime:0.001528s ]

[ 2018-01-01T22:49:55+08:00 ] ::1 /sss/index.php/Message/messagelist.html
INFO: [ app_init ] --START--
INFO: Run Behavior\BuildLiteBehavior [ RunTime:0.000008s ]
INFO: [ app_init ] --END-- [ RunTime:0.000211s ]

[ 2018-01-01T22:49:58+08:00 ] ::1 /sss/index.php/Index/student.html
INFO: [ app_init ] --START--
INFO: Run Behavior\BuildLiteBehavior [ RunTime:0.000012s ]
INFO: [ app_init ] --END-- [ RunTime:0.000301s ]

[ 2018-01-01T22:49:58+08:00 ] ::1 /sss/index.php/Index/main.html
INFO: [ app_init ] --START--
INFO: Run Behavior\BuildLiteBehavior [ RunTime:0.000018s ]
INFO: [ app_init ] --END-- [ RunTime:0.000425s ]

[ 2018-01-01T22:50:00+08:00 ] ::1 /sss/index.php/Message/messagelist.html
INFO: [ app_init ] --START--
INFO: Run Behavior\BuildLiteBehavior [ RunTime:0.000008s ]
INFO: [ app_init ] --END-- [ RunTime:0.000237s ]

[ 2018-01-01T22:51:57+08:00 ] ::1 /sss/index.php/Message/publish.html
INFO: [ app_init ] --START--
INFO: Run Behavior\BuildLiteBehavior [ RunTime:0.000010s ]
INFO: [ app_init ] --END-- [ RunTime:0.000332s ]

[ 2018-01-01T22:51:57+08:00 ] ::1 /sss/index.php/Message/qtimages/1_02_02_01_03.gif
INFO: [ app_init ] --START--
INFO: Run Behavior\BuildLiteBehavior [ RunTime:0.000018s ]
INFO: [ app_init ] --END-- [ RunTime:0.000580s ]

[ 2018-01-01T22:51:57+08:00 ] ::1 /sss/index.php/Message/qtimages/1_02_02_01_01.gif
INFO: [ app_init ] --START--
INFO: Run Behavior\BuildLiteBehavior [ RunTime:0.000013s ]
INFO: [ app_init ] --END-- [ RunTime:0.000338s ]

[ 2018-01-01T22:51:57+08:00 ] ::1 /sss/index.php/Message/qtimages/1_02_02_01_02_04.gif
INFO: [ app_init ] --START--
INFO: Run Behavior\BuildLiteBehavior [ RunTime:0.000080s ]
INFO: [ app_init ] --END-- [ RunTime:0.002967s ]

[ 2018-01-01T22:51:57+08:00 ] ::1 /sss/index.php/Message/qtimages/1_02_02_01_02_01.gif
INFO: [ app_init ] --START--
INFO: Run Behavior\BuildLiteBehavior [ RunTime:0.000014s ]
INFO: [ app_init ] --END-- [ RunTime:0.000433s ]

[ 2018-01-01T22:55:05+08:00 ] ::1 /sss/index.php/Index/student.html
INFO: [ app_init ] --START--
INFO: Run Behavior\BuildLiteBehavior [ RunTime:0.000014s ]
INFO: [ app_init ] --END-- [ RunTime:0.000483s ]

[ 2018-01-01T22:55:05+08:00 ] ::1 /sss/index.php/Index/main.html
INFO: [ app_init ] --START--
INFO: Run Behavior\BuildLiteBehavior [ RunTime:0.000012s ]
INFO: [ app_init ] --END-- [ RunTime:0.000290s ]

[ 2018-01-01T22:55:08+08:00 ] ::1 /sss/index.php/Message/messagelist.html
INFO: [ app_init ] --START--
INFO: Run Behavior\BuildLiteBehavior [ RunTime:0.000010s ]
INFO: [ app_init ] --END-- [ RunTime:0.000292s ]

[ 2018-01-01T22:55:10+08:00 ] ::1 /sss/index.php/Message/publish.html
INFO: [ app_init ] --START--
INFO: Run Behavior\BuildLiteBehavior [ RunTime:0.000009s ]
INFO: [ app_init ] --END-- [ RunTime:0.000212s ]

[ 2018-01-01T22:55:10+08:00 ] ::1 /sss/index.php/Message/qtimages/1_02_02_01_03.gif
INFO: [ app_init ] --START--
INFO: Run Behavior\BuildLiteBehavior [ RunTime:0.000026s ]
INFO: [ app_init ] --END-- [ RunTime:0.009570s ]

[ 2018-01-01T22:55:10+08:00 ] ::1 /sss/index.php/Message/qtimages/1_02_02_01_01.gif
INFO: [ app_init ] --START--
INFO: Run Behavior\BuildLiteBehavior [ RunTime:0.000016s ]
INFO: [ app_init ] --END-- [ RunTime:0.000369s ]

[ 2018-01-01T22:55:10+08:00 ] ::1 /sss/index.php/Message/qtimages/1_02_02_01_02_01.gif
INFO: [ app_init ] --START--
INFO: Run Behavior\BuildLiteBehavior [ RunTime:0.000013s ]
INFO: [ app_init ] --END-- [ RunTime:0.000407s ]

[ 2018-01-01T22:55:10+08:00 ] ::1 /sss/index.php/Message/qtimages/1_02_02_01_02_04.gif
INFO: [ app_init ] --START--
INFO: Run Behavior\BuildLiteBehavior [ RunTime:0.000022s ]
INFO: [ app_init ] --END-- [ RunTime:0.002066s ]

[ 2018-01-01T22:55:15+08:00 ] ::1 /sss/index.php/Message/publish.html
INFO: [ app_init ] --START--
INFO: Run Behavior\BuildLiteBehavior [ RunTime:0.000011s ]
INFO: [ app_init ] --END-- [ RunTime:0.000311s ]

[ 2018-01-01T22:55:15+08:00 ] ::1 /sss/index.php/Message/qtimages/1_02_02_01_03.gif
INFO: [ app_init ] --START--
INFO: Run Behavior\BuildLiteBehavior [ RunTime:0.000011s ]
INFO: [ app_init ] --END-- [ RunTime:0.000417s ]

[ 2018-01-01T22:55:18+08:00 ] ::1 /sss/index.php/Message/publish.html
INFO: [ app_init ] --START--
INFO: Run Behavior\BuildLiteBehavior [ RunTime:0.000031s ]
INFO: [ app_init ] --END-- [ RunTime:0.000636s ]

[ 2018-01-01T22:55:18+08:00 ] ::1 /sss/index.php/Message/qtimages/1_02_02_01_03.gif
INFO: [ app_init ] --START--
INFO: Run Behavior\BuildLiteBehavior [ RunTime:0.000013s ]
INFO: [ app_init ] --END-- [ RunTime:0.000404s ]

[ 2018-01-01T22:55:18+08:00 ] ::1 /sss/index.php/Message/qtimages/1_02_02_01_01.gif
INFO: [ app_init ] --START--
INFO: Run Behavior\BuildLiteBehavior [ RunTime:0.000017s ]
INFO: [ app_init ] --END-- [ RunTime:0.000435s ]

[ 2018-01-01T22:55:18+08:00 ] ::1 /sss/index.php/Message/qtimages/1_02_02_01_02_01.gif
INFO: [ app_init ] --START--
INFO: Run Behavior\BuildLiteBehavior [ RunTime:0.000015s ]
INFO: [ app_init ] --END-- [ RunTime:0.000377s ]

[ 2018-01-01T22:55:18+08:00 ] ::1 /sss/index.php/Message/qtimages/1_02_02_01_02_04.gif
INFO: [ app_init ] --START--
INFO: Run Behavior\BuildLiteBehavior [ RunTime:0.000015s ]
INFO: [ app_init ] --END-- [ RunTime:0.000448s ]

[ 2018-01-01T22:55:19+08:00 ] ::1 /sss/index.php/Message/messagelist.html
INFO: [ app_init ] --START--
INFO: Run Behavior\BuildLiteBehavior [ RunTime:0.000012s ]
INFO: [ app_init ] --END-- [ RunTime:0.000311s ]

[ 2018-01-01T22:55:50+08:00 ] ::1 /sss/index.php/Message/messagelist.html
INFO: [ app_init ] --START--
INFO: Run Behavior\BuildLiteBehavior [ RunTime:0.000016s ]
INFO: [ app_init ] --END-- [ RunTime:0.000375s ]

[ 2018-01-01T22:55:52+08:00 ] ::1 /sss/index.php/Message/publish.html
INFO: [ app_init ] --START--
INFO: Run Behavior\BuildLiteBehavior [ RunTime:0.000011s ]
INFO: [ app_init ] --END-- [ RunTime:0.000273s ]

[ 2018-01-01T22:55:52+08:00 ] ::1 /sss/index.php/Message/qtimages/1_02_02_01_03.gif
INFO: [ app_init ] --START--
INFO: Run Behavior\BuildLiteBehavior [ RunTime:0.000015s ]
INFO: [ app_init ] --END-- [ RunTime:0.000431s ]

[ 2018-01-01T22:55:52+08:00 ] ::1 /sss/index.php/Message/qtimages/1_02_02_01_01.gif
INFO: [ app_init ] --START--
INFO: Run Behavior\BuildLiteBehavior [ RunTime:0.000017s ]
INFO: [ app_init ] --END-- [ RunTime:0.000430s ]



[ 2018-01-01T22:55:52+08:00 ] ::1 /sss/index.php/Message/qtimages/1_02_02_01_02_04.gif
INFO: [ app_init ] --START--
INFO: Run Behavior\BuildLiteBehavior [ RunTime:0.000014s ]
INFO: [ app_init ] --END-- [ RunTime:0.000432s ]

[ 2018-01-01T22:55:54+08:00 ] ::1 /sss/index.php/Rongyu/see.html
INFO: [ app_init ] --START--
INFO: Run Behavior\BuildLiteBehavior [ RunTime:0.000011s ]
INFO: [ app_init ] --END-- [ RunTime:0.000277s ]

[ 2018-01-01T22:55:56+08:00 ] ::1 /sss/index.php/Jiangjin/see.html
INFO: [ app_init ] --START--
INFO: Run Behavior\BuildLiteBehavior [ RunTime:0.000010s ]
INFO: [ app_init ] --END-- [ RunTime:0.000261s ]

[ 2018-01-01T22:55:57+08:00 ] ::1 /sss/index.php/Ceping/ceping.html
INFO: [ app_init ] --START--
INFO: Run Behavior\BuildLiteBehavior [ RunTime:0.000011s ]
INFO: [ app_init ] --END-- [ RunTime:0.000280s ]

[ 2018-01-01T22:55:59+08:00 ] ::1 /sss/index.php/Apply/applylist.html
INFO: [ app_init ] --START--
INFO: Run Behavior\BuildLiteBehavior [ RunTime:0.000012s ]
INFO: [ app_init ] --END-- [ RunTime:0.000300s ]

[ 2018-01-01T22:55:59+08:00 ] ::1 /sss/index.php/Apply/qtimages/1_02_02_01_01.gif
INFO: [ app_init ] --START--
INFO: Run Behavior\BuildLiteBehavior [ RunTime:0.000014s ]
INFO: [ app_init ] --END-- [ RunTime:0.000360s ]

[ 2018-01-01T22:55:59+08:00 ] ::1 /sss/index.php/Apply/qtimages/1_02_02_01_02_01.gif
INFO: [ app_init ] --START--
INFO: Run Behavior\BuildLiteBehavior [ RunTime:0.000013s ]
INFO: [ app_init ] --END-- [ RunTime:0.000385s ]

[ 2018-01-01T22:56:02+08:00 ] ::1 /sss/index.php/Index/logout.html
INFO: [ app_init ] --START--
INFO: Run Behavior\BuildLiteBehavior [ RunTime:0.000010s ]
INFO: [ app_init ] --END-- [ RunTime:0.000282s ]

[ 2018-01-01T22:56:03+08:00 ] ::1 /sss/index.php/Index/index.html
INFO: [ app_init ] --START--
INFO: Run Behavior\BuildLiteBehavior [ RunTime:0.000016s ]
INFO: [ app_init ] --END-- [ RunTime:0.000402s ]

[ 2018-01-01T22:56:11+08:00 ] ::1 /sss/index.php/Index/login.html
INFO: [ app_init ] --START--
INFO: Run Behavior\BuildLiteBehavior [ RunTime:0.000010s ]
INFO: [ app_init ] --END-- [ RunTime:0.000322s ]

[ 2018-01-01T22:56:12+08:00 ] ::1 /sss/index.php/Index/banzhuren.html
INFO: [ app_init ] --START--
INFO: Run Behavior\BuildLiteBehavior [ RunTime:0.000011s ]
INFO: [ app_init ] --END-- [ RunTime:0.000320s ]

[ 2018-01-01T22:56:12+08:00 ] ::1 /sss/index.php/Index/main.html
INFO: [ app_init ] --START--
INFO: Run Behavior\BuildLiteBehavior [ RunTime:0.000103s ]
INFO: [ app_init ] --END-- [ RunTime:0.002312s ]

[ 2018-01-01T22:56:14+08:00 ] ::1 /sss/index.php/User/manage1.html
INFO: [ app_init ] --START--
INFO: Run Behavior\BuildLiteBehavior [ RunTime:0.000010s ]
INFO: [ app_init ] --END-- [ RunTime:0.000317s ]

[ 2018-01-01T22:56:23+08:00 ] ::1 /sss/index.php/Home/User/edit/id/252.html
INFO: [ app_init ] --START--
INFO: Run Behavior\BuildLiteBehavior [ RunTime:0.000011s ]
INFO: [ app_init ] --END-- [ RunTime:0.000317s ]

[ 2018-01-01T22:56:30+08:00 ] ::1 /sss/index.php/User/add.html
INFO: [ app_init ] --START--
INFO: Run Behavior\BuildLiteBehavior [ RunTime:0.000011s ]
INFO: [ app_init ] --END-- [ RunTime:0.000316s ]

[ 2018-01-01T22:56:34+08:00 ] ::1 /sss/index.php/Notice/notice1.html
INFO: [ app_init ] --START--
INFO: Run Behavior\BuildLiteBehavior [ RunTime:0.000009s ]
INFO: [ app_init ] --END-- [ RunTime:0.000290s ]

[ 2018-01-01T22:56:35+08:00 ] ::1 /sss/index.php/Ceping/list_ceping1.html
INFO: [ app_init ] --START--
INFO: Run Behavior\BuildLiteBehavior [ RunTime:0.000010s ]
INFO: [ app_init ] --END-- [ RunTime:0.000323s ]

[ 2018-01-01T22:56:40+08:00 ] ::1 /sss/index.php/Ceping/list_ceping1.html
INFO: [ app_init ] --START--
INFO: Run Behavior\BuildLiteBehavior [ RunTime:0.000010s ]
INFO: [ app_init ] --END-- [ RunTime:0.000363s ]

[ 2018-01-01T22:56:41+08:00 ] ::1 /sss/index.php/Jiangjin/check.html
INFO: [ app_init ] --START--
INFO: Run Behavior\BuildLiteBehavior [ RunTime:0.000009s ]
INFO: [ app_init ] --END-- [ RunTime:0.000263s ]

[ 2018-01-01T22:56:43+08:00 ] ::1 /sss/index.php/Jiangjin/checked.html
INFO: [ app_init ] --START--
INFO: Run Behavior\BuildLiteBehavior [ RunTime:0.000010s ]
INFO: [ app_init ] --END-- [ RunTime:0.000313s ]

[ 2018-01-01T22:56:45+08:00 ] ::1 /sss/index.php/Rongyu/check.html
INFO: [ app_init ] --START--
INFO: Run Behavior\BuildLiteBehavior [ RunTime:0.000017s ]
INFO: [ app_init ] --END-- [ RunTime:0.000607s ]

[ 2018-01-01T22:56:49+08:00 ] ::1 /sss/index.php/Home/Ceping/ceping1/username/2014283101.html
INFO: [ app_init ] --START--
INFO: Run Behavior\BuildLiteBehavior [ RunTime:0.000011s ]
INFO: [ app_init ] --END-- [ RunTime:0.000320s ]

[ 2018-01-01T22:56:56+08:00 ] ::1 /sss/index.php/Rongyu/check.html
INFO: [ app_init ] --START--
INFO: Run Behavior\BuildLiteBehavior [ RunTime:0.000012s ]
INFO: [ app_init ] --END-- [ RunTime:0.000323s ]

[ 2018-01-01T22:57:04+08:00 ] ::1 /sss/index.php/Home/Rongyu/pass/id/74.html
INFO: [ app_init ] --START--
INFO: Run Behavior\BuildLiteBehavior [ RunTime:0.000010s ]
INFO: [ app_init ] --END-- [ RunTime:0.000314s ]

[ 2018-01-01T22:57:05+08:00 ] ::1 /sss/index.php/Rongyu/check.html
INFO: [ app_init ] --START--
INFO: Run Behavior\BuildLiteBehavior [ RunTime:0.000012s ]
INFO: [ app_init ] --END-- [ RunTime:0.000324s ]

[ 2018-01-01T22:57:12+08:00 ] ::1 /sss/index.php/Home/Ceping/ceping1/username/2014283101.html
INFO: [ app_init ] --START--
INFO: Run Behavior\BuildLiteBehavior [ RunTime:0.000011s ]
INFO: [ app_init ] --END-- [ RunTime:0.000325s ]

[ 2018-01-01T22:57:17+08:00 ] ::1 /sss/index.php/Rongyu/checked.html
INFO: [ app_init ] --START--
INFO: Run Behavior\BuildLiteBehavior [ RunTime:0.000012s ]
INFO: [ app_init ] --END-- [ RunTime:0.000283s ]

[ 2018-01-01T22:57:20+08:00 ] ::1 /sss/index.php/Message/message_checked1.html
INFO: [ app_init ] --START--
INFO: Run Behavior\BuildLiteBehavior [ RunTime:0.000010s ]
INFO: [ app_init ] --END-- [ RunTime:0.000225s ]

[ 2018-01-01T22:57:22+08:00 ] ::1 /sss/index.php/Rongyu/checked.html
INFO: [ app_init ] --START--
INFO: Run Behavior\BuildLiteBehavior [ RunTime:0.000030s ]
INFO: [ app_init ] --END-- [ RunTime:0.001728s ]

[ 2018-01-01T22:57:25+08:00 ] ::1 /sss/index.php/Message/message_check1.html
INFO: [ app_init ] --START--
INFO: Run Behavior\BuildLiteBehavior [ RunTime:0.000010s ]
INFO: [ app_init ] --END-- [ RunTime:0.000249s ]

[ 2018-01-01T22:57:31+08:00 ] ::1 /sss/index.php/Home/Message/del1/id/22.html
INFO: [ app_init ] --START--
INFO: Run Behavior\BuildLiteBehavior [ RunTime:0.000013s ]
INFO: [ app_init ] --END-- [ RunTime:0.000363s ]

[ 2018-01-01T22:57:34+08:00 ] ::1 /sss/index.php/Message/message_check1.html
INFO: [ app_init ] --START--
INFO: Run Behavior\BuildLiteBehavior [ RunTime:0.000013s ]
INFO: [ app_init ] --END-- [ RunTime:0.000243s ]

[ 2018-01-01T22:57:37+08:00 ] ::1 /sss/index.php/Home/Message/reply1/id/23.html
INFO: [ app_init ] --START--
INFO: Run Behavior\BuildLiteBehavior [ RunTime:0.000010s ]
INFO: [ app_init ] --END-- [ RunTime:0.000284s ]

[ 2018-01-01T22:57:37+08:00 ] ::1 /sss/index.php/Home/Message/reply1/id/qtimages/1_02_02_01_03.gif
INFO: [ app_init ] --START--
INFO: Run Behavior\BuildLiteBehavior [ RunTime:0.000016s ]
INFO: [ app_init ] --END-- [ RunTime:0.000481s ]

[ 2018-01-01T22:57:37+08:00 ] ::1 /sss/index.php/Home/Message/reply1/id/qtimages/1_02_02_01_01.gif
INFO: [ app_init ] --START--
INFO: Run Behavior\BuildLiteBehavior [ RunTime:0.000016s ]
INFO: [ app_init ] --END-- [ RunTime:0.000371s ]

[ 2018-01-01T22:57:37+08:00 ] ::1 /sss/index.php/Home/Message/reply1/id/qtimages/1_02_02_01_02_01.gif
INFO: [ app_init ] --START--
INFO: Run Behavior\BuildLiteBehavior [ RunTime:0.000012s ]
INFO: [ app_init ] --END-- [ RunTime:0.000395s ]

[ 2018-01-01T22:57:37+08:00 ] ::1 /sss/index.php/Home/Message/reply1/id/qtimages/1_02_02_01_02_04.gif
INFO: [ app_init ] --START--
INFO: Run Behavior\BuildLiteBehavior [ RunTime:0.000017s ]
INFO: [ app_init ] --END-- [ RunTime:0.000503s ]

[ 2018-01-01T22:57:42+08:00 ] ::1 /sss/index.php/Message/reply1/id/23.html
INFO: [ app_init ] --START--
INFO: Run Behavior\BuildLiteBehavior [ RunTime:0.000011s ]
INFO: [ app_init ] --END-- [ RunTime:0.000312s ]

[ 2018-01-01T22:57:44+08:00 ] ::1 /sss/index.php/Message/message_checked1.html
INFO: [ app_init ] --START--
INFO: Run Behavior\BuildLiteBehavior [ RunTime:0.000009s ]
INFO: [ app_init ] --END-- [ RunTime:0.000228s ]

[ 2018-01-01T22:57:48+08:00 ] ::1 /sss/index.php/Message/message_check1.html
INFO: [ app_init ] --START--
INFO: Run Behavior\BuildLiteBehavior [ RunTime:0.000073s ]
INFO: [ app_init ] --END-- [ RunTime:0.002275s ]

[ 2018-01-01T22:57:51+08:00 ] ::1 /sss/index.php/Rongyu/check.html
INFO: [ app_init ] --START--
INFO: Run Behavior\BuildLiteBehavior [ RunTime:0.000009s ]
INFO: [ app_init ] --END-- [ RunTime:0.000234s ]

[ 2018-01-01T22:57:53+08:00 ] ::1 /sss/index.php/Rongyu/check.html
INFO: [ app_init ] --START--
INFO: Run Behavior\BuildLiteBehavior [ RunTime:0.000013s ]
INFO: [ app_init ] --END-- [ RunTime:0.000304s ]

[ 2018-01-01T22:57:55+08:00 ] ::1 /sss/index.php/Rongyu/checked.html
INFO: [ app_init ] --START--
INFO: Run Behavior\BuildLiteBehavior [ RunTime:0.000012s ]
INFO: [ app_init ] --END-- [ RunTime:0.000317s ]

[ 2018-01-01T22:58:02+08:00 ] ::1 /sss/index.php/Index/logout.html
INFO: [ app_init ] --START--
INFO: Run Behavior\BuildLiteBehavior [ RunTime:0.000065s ]
INFO: [ app_init ] --END-- [ RunTime:0.001860s ]

[ 2018-01-01T22:58:03+08:00 ] ::1 /sss/index.php/Index/index.html
INFO: [ app_init ] --START--
INFO: Run Behavior\BuildLiteBehavior [ RunTime:0.000010s ]
INFO: [ app_init ] --END-- [ RunTime:0.000246s ]

[ 2018-01-01T22:58:14+08:00 ] ::1 /sss/index.php/Index/login.html
INFO: [ app_init ] --START--
INFO: Run Behavior\BuildLiteBehavior [ RunTime:0.000027s ]
INFO: [ app_init ] --END-- [ RunTime:0.000674s ]

[ 2018-01-01T22:58:15+08:00 ] ::1 /sss/index.php/Index/student.html
INFO: [ app_init ] --START--
INFO: Run Behavior\BuildLiteBehavior [ RunTime:0.000013s ]
INFO: [ app_init ] --END-- [ RunTime:0.000510s ]

[ 2018-01-01T22:58:15+08:00 ] ::1 /sss/index.php/Index/main.html
INFO: [ app_init ] --START--
INFO: Run Behavior\BuildLiteBehavior [ RunTime:0.000060s ]
INFO: [ app_init ] --END-- [ RunTime:0.000514s ]

[ 2018-01-01T22:58:18+08:00 ] ::1 /sss/index.php/Jiangjin/see.html
INFO: [ app_init ] --START--
INFO: Run Behavior\BuildLiteBehavior [ RunTime:0.000018s ]
INFO: [ app_init ] --END-- [ RunTime:0.001664s ]

[ 2018-01-01T22:58:20+08:00 ] ::1 /sss/index.php/Rongyu/see.html
INFO: [ app_init ] --START--
INFO: Run Behavior\BuildLiteBehavior [ RunTime:0.000010s ]
INFO: [ app_init ] --END-- [ RunTime:0.000272s ]

[ 2018-01-01T22:58:23+08:00 ] ::1 /sss/index.php/Rongyu/see.html
INFO: [ app_init ] --START--
INFO: Run Behavior\BuildLiteBehavior [ RunTime:0.000011s ]
INFO: [ app_init ] --END-- [ RunTime:0.000317s ]

[ 2018-01-01T22:58:33+08:00 ] ::1 /sss/index.php/Jiangjin/see.html
INFO: [ app_init ] --START--
INFO: Run Behavior\BuildLiteBehavior [ RunTime:0.000011s ]
INFO: [ app_init ] --END-- [ RunTime:0.000278s ]

[ 2018-01-01T22:58:36+08:00 ] ::1 /sss/index.php/Rongyu/see.html
INFO: [ app_init ] --START--
INFO: Run Behavior\BuildLiteBehavior [ RunTime:0.000013s ]
INFO: [ app_init ] --END-- [ RunTime:0.000334s ]

[ 2018-01-01T22:58:38+08:00 ] ::1 /sss/index.php/Jiangjin/see.html
INFO: [ app_init ] --START--
INFO: Run Behavior\BuildLiteBehavior [ RunTime:0.000011s ]
INFO: [ app_init ] --END-- [ RunTime:0.000246s ]

[ 2018-01-01T22:58:45+08:00 ] ::1 /sss/index.php/Apply/applylist.html
INFO: [ app_init ] --START--
INFO: Run Behavior\BuildLiteBehavior [ RunTime:0.000012s ]
INFO: [ app_init ] --END-- [ RunTime:0.000290s ]

[ 2018-01-01T22:58:46+08:00 ] ::1 /sss/index.php/Apply/qtimages/1_02_02_01_01.gif
INFO: [ app_init ] --START--
INFO: Run Behavior\BuildLiteBehavior [ RunTime:0.000009s ]
INFO: [ app_init ] --END-- [ RunTime:0.000234s ]

[ 2018-01-01T22:58:46+08:00 ] ::1 /sss/index.php/Apply/qtimages/1_02_02_01_02_01.gif
INFO: [ app_init ] --START--
INFO: Run Behavior\BuildLiteBehavior [ RunTime:0.000015s ]
INFO: [ app_init ] --END-- [ RunTime:0.000323s ]

[ 2018-01-01T22:58:50+08:00 ] ::1 /sss/index.php/Index/student.html
INFO: [ app_init ] --START--
INFO: Run Behavior\BuildLiteBehavior [ RunTime:0.000171s ]
INFO: [ app_init ] --END-- [ RunTime:0.002449s ]

[ 2018-01-01T22:58:50+08:00 ] ::1 /sss/index.php/Index/main.html
INFO: [ app_init ] --START--
INFO: Run Behavior\BuildLiteBehavior [ RunTime:0.000025s ]
INFO: [ app_init ] --END-- [ RunTime:0.001706s ]

[ 2018-01-01T22:58:53+08:00 ] ::1 /sss/index.php/Apply/applylist.html
INFO: [ app_init ] --START--
INFO: Run Behavior\BuildLiteBehavior [ RunTime:0.000010s ]
INFO: [ app_init ] --END-- [ RunTime:0.000250s ]

[ 2018-01-01T22:58:53+08:00 ] ::1 /sss/index.php/Apply/qtimages/1_02_02_01_01.gif
INFO: [ app_init ] --START--
INFO: Run Behavior\BuildLiteBehavior [ RunTime:0.000011s ]
INFO: [ app_init ] --END-- [ RunTime:0.000239s ]

[ 2018-01-01T22:58:53+08:00 ] ::1 /sss/index.php/Apply/qtimages/1_02_02_01_02_01.gif
INFO: [ app_init ] --START--
INFO: Run Behavior\BuildLiteBehavior [ RunTime:0.000013s ]
INFO: [ app_init ] --END-- [ RunTime:0.000382s ]

[ 2018-01-01T22:58:55+08:00 ] ::1 /sss/index.php/Ceping/ceping.html
INFO: [ app_init ] --START--
INFO: Run Behavior\BuildLiteBehavior [ RunTime:0.000012s ]
INFO: [ app_init ] --END-- [ RunTime:0.000319s ]

[ 2018-01-01T23:00:44+08:00 ] ::1 /sss/index.php/Apply/applylist.html
INFO: [ app_init ] --START--
INFO: Run Behavior\BuildLiteBehavior [ RunTime:0.000013s ]
INFO: [ app_init ] --END-- [ RunTime:0.000363s ]

[ 2018-01-01T23:00:44+08:00 ] ::1 /sss/index.php/Apply/qtimages/1_02_02_01_01.gif
INFO: [ app_init ] --START--
INFO: Run Behavior\BuildLiteBehavior [ RunTime:0.000010s ]
INFO: [ app_init ] --END-- [ RunTime:0.000275s ]

[ 2018-01-01T23:00:44+08:00 ] ::1 /sss/index.php/Apply/qtimages/1_02_02_01_02_01.gif
INFO: [ app_init ] --START--
INFO: Run Behavior\BuildLiteBehavior [ RunTime:0.000009s ]
INFO: [ app_init ] --END-- [ RunTime:0.000288s ]

[ 2018-01-01T23:00:45+08:00 ] ::1 /sss/index.php/Rongyu/see.html
INFO: [ app_init ] --START--
INFO: Run Behavior\BuildLiteBehavior [ RunTime:0.000010s ]
INFO: [ app_init ] --END-- [ RunTime:0.000272s ]

[ 2018-01-01T23:00:47+08:00 ] ::1 /sss/index.php/Rongyu/see.html
INFO: [ app_init ] --START--
INFO: Run Behavior\BuildLiteBehavior [ RunTime:0.000009s ]
INFO: [ app_init ] --END-- [ RunTime:0.000277s ]

[ 2018-01-01T23:06:24+08:00 ] ::1 /sss/index.php/Rongyu/see.html
INFO: [ app_init ] --START--
INFO: Run Behavior\BuildLiteBehavior [ RunTime:0.000020s ]
INFO: [ app_init ] --END-- [ RunTime:0.000515s ]

[ 2018-01-01T23:08:22+08:00 ] ::1 /sss/index.php/Jiangjin/see.html
INFO: [ app_init ] --START--
INFO: Run Behavior\BuildLiteBehavior [ RunTime:0.000011s ]
INFO: [ app_init ] --END-- [ RunTime:0.000290s ]

[ 2018-01-01T23:08:23+08:00 ] ::1 /sss/index.php/Rongyu/see.html
INFO: [ app_init ] --START--
INFO: Run Behavior\BuildLiteBehavior [ RunTime:0.000010s ]
INFO: [ app_init ] --END-- [ RunTime:0.000273s ]

[ 2018-01-01T23:08:30+08:00 ] ::1 /sss/index.php/Apply/apply.html
INFO: [ app_init ] --START--
INFO: Run Behavior\BuildLiteBehavior [ RunTime:0.000012s ]
INFO: [ app_init ] --END-- [ RunTime:0.000314s ]

[ 2018-01-01T23:08:30+08:00 ] ::1 /sss/index.php/Apply/qtimages/1_02_02_01_01.gif
INFO: [ app_init ] --START--
INFO: Run Behavior\BuildLiteBehavior [ RunTime:0.000013s ]
INFO: [ app_init ] --END-- [ RunTime:0.000394s ]

[ 2018-01-01T23:08:30+08:00 ] ::1 /sss/index.php/Apply/qtimages/1_02_02_01_02_01.gif
INFO: [ app_init ] --START--
INFO: Run Behavior\BuildLiteBehavior [ RunTime:0.000012s ]
INFO: [ app_init ] --END-- [ RunTime:0.000385s ]

[ 2018-01-01T23:08:30+08:00 ] ::1 /sss/index.php/Apply/qtimages/1_02_02_01_03.gif
INFO: [ app_init ] --START--
INFO: Run Behavior\BuildLiteBehavior [ RunTime:0.000012s ]
INFO: [ app_init ] --END-- [ RunTime:0.000376s ]

[ 2018-01-01T23:08:30+08:00 ] ::1 /sss/index.php/Apply/qtimages/1_02_02_01_02_04.gif
INFO: [ app_init ] --START--
INFO: Run Behavior\BuildLiteBehavior [ RunTime:0.000026s ]
INFO: [ app_init ] --END-- [ RunTime:0.000812s ]

[ 2018-01-01T23:08:37+08:00 ] ::1 /sss/index.php/Apply/apply.html
INFO: [ app_init ] --START--
INFO: Run Behavior\BuildLiteBehavior [ RunTime:0.000011s ]
INFO: [ app_init ] --END-- [ RunTime:0.000320s ]

[ 2018-01-01T23:08:37+08:00 ] ::1 /sss/index.php/Apply/qtimages/1_02_02_01_01.gif
INFO: [ app_init ] --START--
INFO: Run Behavior\BuildLiteBehavior [ RunTime:0.000014s ]
INFO: [ app_init ] --END-- [ RunTime:0.000407s ]



[ 2018-01-01T23:08:37+08:00 ] ::1 /sss/index.php/Apply/qtimages/1_02_02_01_02_04.gif
INFO: [ app_init ] --START--
INFO: Run Behavior\BuildLiteBehavior [ RunTime:0.000011s ]
INFO: [ app_init ] --END-- [ RunTime:0.000340s ]

[ 2018-01-01T23:08:57+08:00 ] ::1 /sss/index.php/Apply/apply.html
INFO: [ app_init ] --START--
INFO: Run Behavior\BuildLiteBehavior [ RunTime:0.000010s ]
INFO: [ app_init ] --END-- [ RunTime:0.000319s ]

[ 2018-01-01T23:08:57+08:00 ] ::1 /sss/index.php/Apply/qtimages/1_02_02_01_03.gif
INFO: [ app_init ] --START--
INFO: Run Behavior\BuildLiteBehavior [ RunTime:0.000014s ]
INFO: [ app_init ] --END-- [ RunTime:0.000383s ]

[ 2018-01-01T23:08:57+08:00 ] ::1 /sss/index.php/Apply/qtimages/1_02_02_01_02_01.gif
INFO: [ app_init ] --START--
INFO: Run Behavior\BuildLiteBehavior [ RunTime:0.000014s ]
INFO: [ app_init ] --END-- [ RunTime:0.000412s ]

[ 2018-01-01T23:08:57+08:00 ] ::1 /sss/index.php/Apply/qtimages/1_02_02_01_01.gif
INFO: [ app_init ] --START--
INFO: Run Behavior\BuildLiteBehavior [ RunTime:0.000010s ]
INFO: [ app_init ] --END-- [ RunTime:0.000304s ]

[ 2018-01-01T23:08:57+08:00 ] ::1 /sss/index.php/Apply/qtimages/1_02_02_01_02_04.gif
INFO: [ app_init ] --START--
INFO: Run Behavior\BuildLiteBehavior [ RunTime:0.000014s ]
INFO: [ app_init ] --END-- [ RunTime:0.000394s ]

[ 2018-01-01T23:09:04+08:00 ] ::1 /sss/index.php/Apply/apply.html
INFO: [ app_init ] --START--
INFO: Run Behavior\BuildLiteBehavior [ RunTime:0.000010s ]
INFO: [ app_init ] --END-- [ RunTime:0.000300s ]

[ 2018-01-01T23:09:04+08:00 ] ::1 /sss/index.php/Apply/qtimages/1_02_02_01_02_04.gif
INFO: [ app_init ] --START--
INFO: Run Behavior\BuildLiteBehavior [ RunTime:0.000013s ]
INFO: [ app_init ] --END-- [ RunTime:0.000426s ]

[ 2018-01-01T23:09:04+08:00 ] ::1 /sss/index.php/Apply/qtimages/1_02_02_01_03.gif
INFO: [ app_init ] --START--
INFO: Run Behavior\BuildLiteBehavior [ RunTime:0.000014s ]
INFO: [ app_init ] --END-- [ RunTime:0.000261s ]

[ 2018-01-01T23:09:08+08:00 ] ::1 /sss/index.php/Apply/apply.html
INFO: [ app_init ] --START--
INFO: Run Behavior\BuildLiteBehavior [ RunTime:0.000011s ]
INFO: [ app_init ] --END-- [ RunTime:0.000275s ]

[ 2018-01-01T23:09:08+08:00 ] ::1 /sss/index.php/Apply/qtimages/1_02_02_01_03.gif
INFO: [ app_init ] --START--
INFO: Run Behavior\BuildLiteBehavior [ RunTime:0.000038s ]
INFO: [ app_init ] --END-- [ RunTime:0.002879s ]

[ 2018-01-01T23:09:10+08:00 ] ::1 /sss/index.php/Apply/applylist.html
INFO: [ app_init ] --START--
INFO: Run Behavior\BuildLiteBehavior [ RunTime:0.000010s ]
INFO: [ app_init ] --END-- [ RunTime:0.000284s ]

[ 2018-01-01T23:09:10+08:00 ] ::1 /sss/index.php/Apply/qtimages/1_02_02_01_01.gif
INFO: [ app_init ] --START--
INFO: Run Behavior\BuildLiteBehavior [ RunTime:0.000152s ]
INFO: [ app_init ] --END-- [ RunTime:0.002176s ]

[ 2018-01-01T23:09:10+08:00 ] ::1 /sss/index.php/Apply/qtimages/1_02_02_01_02_01.gif
INFO: [ app_init ] --START--
INFO: Run Behavior\BuildLiteBehavior [ RunTime:0.000018s ]
INFO: [ app_init ] --END-- [ RunTime:0.000597s ]

[ 2018-01-01T23:09:13+08:00 ] ::1 /sss/index.php/Apply/applylist/page/2.html
INFO: [ app_init ] --START--
INFO: Run Behavior\BuildLiteBehavior [ RunTime:0.000010s ]
INFO: [ app_init ] --END-- [ RunTime:0.000240s ]

[ 2018-01-01T23:09:13+08:00 ] ::1 /sss/index.php/Apply/applylist/page/qtimages/1_02_02_01_02_01.gif
INFO: [ app_init ] --START--
INFO: Run Behavior\BuildLiteBehavior [ RunTime:0.000010s ]
INFO: [ app_init ] --END-- [ RunTime:0.000287s ]

[ 2018-01-01T23:09:13+08:00 ] ::1 /sss/index.php/Apply/applylist/page/qtimages/1_02_02_01_01.gif
INFO: [ app_init ] --START--
INFO: Run Behavior\BuildLiteBehavior [ RunTime:0.000009s ]
INFO: [ app_init ] --END-- [ RunTime:0.000237s ]

[ 2018-01-01T23:09:18+08:00 ] ::1 /sss/index.php/Index/logout.html
INFO: [ app_init ] --START--
INFO: Run Behavior\BuildLiteBehavior [ RunTime:0.000012s ]
INFO: [ app_init ] --END-- [ RunTime:0.000280s ]

[ 2018-01-01T23:09:20+08:00 ] ::1 /sss/index.php/Index/index.html
INFO: [ app_init ] --START--
INFO: Run Behavior\BuildLiteBehavior [ RunTime:0.000010s ]
INFO: [ app_init ] --END-- [ RunTime:0.000309s ]

[ 2018-01-01T23:09:38+08:00 ] ::1 /sss/index.php/Index/login.html
INFO: [ app_init ] --START--
INFO: Run Behavior\BuildLiteBehavior [ RunTime:0.000022s ]
INFO: [ app_init ] --END-- [ RunTime:0.002907s ]

[ 2018-01-01T23:09:38+08:00 ] ::1 /sss/index.php/Index/banzhuren.html
INFO: [ app_init ] --START--
INFO: Run Behavior\BuildLiteBehavior [ RunTime:0.000014s ]
INFO: [ app_init ] --END-- [ RunTime:0.000297s ]

[ 2018-01-01T23:09:38+08:00 ] ::1 /sss/index.php/Index/main.html
INFO: [ app_init ] --START--
INFO: Run Behavior\BuildLiteBehavior [ RunTime:0.000143s ]
INFO: [ app_init ] --END-- [ RunTime:0.004912s ]

[ 2018-01-01T23:09:41+08:00 ] ::1 /sss/index.php/Jiangjin/check.html
INFO: [ app_init ] --START--
INFO: Run Behavior\BuildLiteBehavior [ RunTime:0.000011s ]
INFO: [ app_init ] --END-- [ RunTime:0.000252s ]

[ 2018-01-01T23:09:43+08:00 ] ::1 /sss/index.php/Jiangjin/check.html
INFO: [ app_init ] --START--
INFO: Run Behavior\BuildLiteBehavior [ RunTime:0.000011s ]
INFO: [ app_init ] --END-- [ RunTime:0.000273s ]

[ 2018-01-01T23:09:50+08:00 ] ::1 /sss/index.php/Home/Ceping/ceping1/username/2014283101.html
INFO: [ app_init ] --START--
INFO: Run Behavior\BuildLiteBehavior [ RunTime:0.000011s ]
INFO: [ app_init ] --END-- [ RunTime:0.000290s ]

[ 2018-01-01T23:09:56+08:00 ] ::1 /sss/index.php/Home/Jiangjin/pass/id/75.html
INFO: [ app_init ] --START--
INFO: Run Behavior\BuildLiteBehavior [ RunTime:0.000012s ]
INFO: [ app_init ] --END-- [ RunTime:0.000296s ]

[ 2018-01-01T23:10:02+08:00 ] ::1 /sss/index.php/Jiangjin/check.html
INFO: [ app_init ] --START--
INFO: Run Behavior\BuildLiteBehavior [ RunTime:0.000012s ]
INFO: [ app_init ] --END-- [ RunTime:0.000294s ]

[ 2018-01-01T23:10:05+08:00 ] ::1 /sss/index.php/Home/Jiangjin/pass/id/75.html
INFO: [ app_init ] --START--
INFO: Run Behavior\BuildLiteBehavior [ RunTime:0.000011s ]
INFO: [ app_init ] --END-- [ RunTime:0.000286s ]

[ 2018-01-01T23:10:07+08:00 ] ::1 /sss/index.php/Jiangjin/check.html
INFO: [ app_init ] --START--
INFO: Run Behavior\BuildLiteBehavior [ RunTime:0.000033s ]
INFO: [ app_init ] --END-- [ RunTime:0.000264s ]

[ 2018-01-01T23:15:23+08:00 ] ::1 /sss/index.php/Index/banzhuren.html
INFO: [ app_init ] --START--
INFO: Run Behavior\BuildLiteBehavior [ RunTime:0.000013s ]
INFO: [ app_init ] --END-- [ RunTime:0.000358s ]

[ 2018-01-01T23:15:23+08:00 ] ::1 /sss/index.php/Index/main.html
INFO: [ app_init ] --START--
INFO: Run Behavior\BuildLiteBehavior [ RunTime:0.000014s ]
INFO: [ app_init ] --END-- [ RunTime:0.000417s ]

[ 2018-01-01T23:15:25+08:00 ] ::1 /sss/index.php/Jiangjin/check.html
INFO: [ app_init ] --START--
INFO: Run Behavior\BuildLiteBehavior [ RunTime:0.000013s ]
INFO: [ app_init ] --END-- [ RunTime:0.000350s ]

[ 2018-01-01T23:15:28+08:00 ] ::1 /sss/index.php/Home/Jiangjin/pass/id/75.html
INFO: [ app_init ] --START--
INFO: Run Behavior\BuildLiteBehavior [ RunTime:0.000015s ]
INFO: [ app_init ] --END-- [ RunTime:0.000341s ]

[ 2018-01-01T23:15:30+08:00 ] ::1 /sss/index.php/Jiangjin/check.html
INFO: [ app_init ] --START--
INFO: Run Behavior\BuildLiteBehavior [ RunTime:0.000011s ]
INFO: [ app_init ] --END-- [ RunTime:0.000257s ]

[ 2018-01-01T23:15:52+08:00 ] ::1 /sss/index.php/Notice/notice1.html
INFO: [ app_init ] --START--
INFO: Run Behavior\BuildLiteBehavior [ RunTime:0.000009s ]
INFO: [ app_init ] --END-- [ RunTime:0.000229s ]

[ 2018-01-01T23:15:53+08:00 ] ::1 /sss/index.php/Jiangjin/check.html
INFO: [ app_init ] --START--
INFO: Run Behavior\BuildLiteBehavior [ RunTime:0.000010s ]
INFO: [ app_init ] --END-- [ RunTime:0.000270s ]

[ 2018-01-01T23:15:56+08:00 ] ::1 /sss/index.php/Home/Jiangjin/pass/id/75.html
INFO: [ app_init ] --START--
INFO: Run Behavior\BuildLiteBehavior [ RunTime:0.000011s ]
INFO: [ app_init ] --END-- [ RunTime:0.000284s ]

[ 2018-01-01T23:15:57+08:00 ] ::1 /sss/index.php/Jiangjin/check.html
INFO: [ app_init ] --START--
INFO: Run Behavior\BuildLiteBehavior [ RunTime:0.000025s ]
INFO: [ app_init ] --END-- [ RunTime:0.000486s ]

[ 2018-01-01T23:16:00+08:00 ] ::1 /sss/index.php/Jiangjin/check.html
INFO: [ app_init ] --START--
INFO: Run Behavior\BuildLiteBehavior [ RunTime:0.000011s ]
INFO: [ app_init ] --END-- [ RunTime:0.000707s ]

[ 2018-01-01T23:16:03+08:00 ] ::1 /sss/index.php/Jiangjin/checked.html
INFO: [ app_init ] --START--
INFO: Run Behavior\BuildLiteBehavior [ RunTime:0.000011s ]
INFO: [ app_init ] --END-- [ RunTime:0.000238s ]

[ 2018-01-01T23:16:05+08:00 ] ::1 /sss/index.php/Rongyu/checked.html
INFO: [ app_init ] --START--
INFO: Run Behavior\BuildLiteBehavior [ RunTime:0.000013s ]
INFO: [ app_init ] --END-- [ RunTime:0.000242s ]

[ 2018-01-01T23:16:08+08:00 ] ::1 /sss/index.php/Rongyu/check.html
INFO: [ app_init ] --START--
INFO: Run Behavior\BuildLiteBehavior [ RunTime:0.000013s ]
INFO: [ app_init ] --END-- [ RunTime:0.000318s ]

[ 2018-01-01T23:16:10+08:00 ] ::1 /sss/index.php/Jiangjin/check.html
INFO: [ app_init ] --START--
INFO: Run Behavior\BuildLiteBehavior [ RunTime:0.000011s ]
INFO: [ app_init ] --END-- [ RunTime:0.000315s ]

[ 2018-01-01T23:16:12+08:00 ] ::1 /sss/index.php/Rongyu/check.html
INFO: [ app_init ] --START--
INFO: Run Behavior\BuildLiteBehavior [ RunTime:0.000014s ]
INFO: [ app_init ] --END-- [ RunTime:0.000364s ]

[ 2018-01-01T23:16:15+08:00 ] ::1 /sss/index.php/Rongyu/checked.html
INFO: [ app_init ] --START--
INFO: Run Behavior\BuildLiteBehavior [ RunTime:0.000010s ]
INFO: [ app_init ] --END-- [ RunTime:0.000269s ]

[ 2018-01-01T23:16:17+08:00 ] ::1 /sss/index.php/Message/message_check1.html
INFO: [ app_init ] --START--
INFO: Run Behavior\BuildLiteBehavior [ RunTime:0.000011s ]
INFO: [ app_init ] --END-- [ RunTime:0.000275s ]

[ 2018-01-01T23:16:18+08:00 ] ::1 /sss/index.php/Message/message_checked1.html
INFO: [ app_init ] --START--
INFO: Run Behavior\BuildLiteBehavior [ RunTime:0.000012s ]
INFO: [ app_init ] --END-- [ RunTime:0.000226s ]

[ 2018-01-01T23:16:19+08:00 ] ::1 /sss/index.php/Index/logout.html
INFO: [ app_init ] --START--
INFO: Run Behavior\BuildLiteBehavior [ RunTime:0.000012s ]
INFO: [ app_init ] --END-- [ RunTime:0.000287s ]

[ 2018-01-01T23:16:20+08:00 ] ::1 /sss/index.php/Index/index.html
INFO: [ app_init ] --START--
INFO: Run Behavior\BuildLiteBehavior [ RunTime:0.000018s ]
INFO: [ app_init ] --END-- [ RunTime:0.000563s ]

[ 2018-01-01T23:16:38+08:00 ] ::1 /sss/index.php/Index/login.html
INFO: [ app_init ] --START--
INFO: Run Behavior\BuildLiteBehavior [ RunTime:0.000011s ]
INFO: [ app_init ] --END-- [ RunTime:0.000271s ]

[ 2018-01-01T23:16:39+08:00 ] ::1 /sss/index.php/Index/student.html
INFO: [ app_init ] --START--
INFO: Run Behavior\BuildLiteBehavior [ RunTime:0.000011s ]
INFO: [ app_init ] --END-- [ RunTime:0.000274s ]

[ 2018-01-01T23:16:39+08:00 ] ::1 /sss/index.php/Index/main.html
INFO: [ app_init ] --START--
INFO: Run Behavior\BuildLiteBehavior [ RunTime:0.000021s ]
INFO: [ app_init ] --END-- [ RunTime:0.000621s ]

[ 2018-01-01T23:16:43+08:00 ] ::1 /sss/index.php/Jiangjin/see.html
INFO: [ app_init ] --START--
INFO: Run Behavior\BuildLiteBehavior [ RunTime:0.000013s ]
INFO: [ app_init ] --END-- [ RunTime:0.000335s ]

[ 2018-01-01T23:16:47+08:00 ] ::1 /sss/index.php/Rongyu/see.html
INFO: [ app_init ] --START--
INFO: Run Behavior\BuildLiteBehavior [ RunTime:0.000011s ]
INFO: [ app_init ] --END-- [ RunTime:0.000274s ]

[ 2018-01-01T23:16:50+08:00 ] ::1 /sss/index.php/Jiangjin/see.html
INFO: [ app_init ] --START--
INFO: Run Behavior\BuildLiteBehavior [ RunTime:0.000015s ]
INFO: [ app_init ] --END-- [ RunTime:0.000360s ]

[ 2018-01-01T23:16:55+08:00 ] ::1 /sss/index.php/Apply/apply.html
INFO: [ app_init ] --START--
INFO: Run Behavior\BuildLiteBehavior [ RunTime:0.000011s ]
INFO: [ app_init ] --END-- [ RunTime:0.000286s ]

[ 2018-01-01T23:16:55+08:00 ] ::1 /sss/index.php/Apply/qtimages/1_02_02_01_01.gif
INFO: [ app_init ] --START--
INFO: Run Behavior\BuildLiteBehavior [ RunTime:0.000016s ]
INFO: [ app_init ] --END-- [ RunTime:0.000416s ]

[ 2018-01-01T23:16:55+08:00 ] ::1 /sss/index.php/Apply/qtimages/1_02_02_01_02_01.gif
INFO: [ app_init ] --START--
INFO: Run Behavior\BuildLiteBehavior [ RunTime:0.000018s ]
INFO: [ app_init ] --END-- [ RunTime:0.000504s ]

[ 2018-01-01T23:16:57+08:00 ] ::1 /sss/index.php/Apply/applylist.html
INFO: [ app_init ] --START--
INFO: Run Behavior\BuildLiteBehavior [ RunTime:0.000020s ]
INFO: [ app_init ] --END-- [ RunTime:0.000372s ]

[ 2018-01-01T23:16:57+08:00 ] ::1 /sss/index.php/Apply/qtimages/1_02_02_01_02_01.gif
INFO: [ app_init ] --START--
INFO: Run Behavior\BuildLiteBehavior [ RunTime:0.000120s ]
INFO: [ app_init ] --END-- [ RunTime:0.002899s ]

[ 2018-01-01T23:16:57+08:00 ] ::1 /sss/index.php/Apply/qtimages/1_02_02_01_01.gif
INFO: [ app_init ] --START--
INFO: Run Behavior\BuildLiteBehavior [ RunTime:0.000015s ]
INFO: [ app_init ] --END-- [ RunTime:0.000412s ]

[ 2018-01-01T23:17:00+08:00 ] ::1 /sss/index.php/Apply/applylist/page/2.html
INFO: [ app_init ] --START--
INFO: Run Behavior\BuildLiteBehavior [ RunTime:0.000009s ]
INFO: [ app_init ] --END-- [ RunTime:0.000299s ]

[ 2018-01-01T23:17:01+08:00 ] ::1 /sss/index.php/Apply/applylist/page/qtimages/1_02_02_01_01.gif
INFO: [ app_init ] --START--
INFO: Run Behavior\BuildLiteBehavior [ RunTime:0.000014s ]
INFO: [ app_init ] --END-- [ RunTime:0.000400s ]

[ 2018-01-01T23:17:01+08:00 ] ::1 /sss/index.php/Apply/applylist/page/qtimages/1_02_02_01_02_01.gif
INFO: [ app_init ] --START--
INFO: Run Behavior\BuildLiteBehavior [ RunTime:0.000013s ]
INFO: [ app_init ] --END-- [ RunTime:0.000384s ]

[ 2018-01-01T23:17:02+08:00 ] ::1 /sss/index.php/Index/logout.html
INFO: [ app_init ] --START--
INFO: Run Behavior\BuildLiteBehavior [ RunTime:0.000032s ]
INFO: [ app_init ] --END-- [ RunTime:0.003672s ]

[ 2018-01-01T23:17:03+08:00 ] ::1 /sss/index.php/Index/index.html
INFO: [ app_init ] --START--
INFO: Run Behavior\BuildLiteBehavior [ RunTime:0.000011s ]
INFO: [ app_init ] --END-- [ RunTime:0.000285s ]

[ 2018-01-01T23:18:15+08:00 ] ::1 /sss/index.php/Index/login.html
INFO: [ app_init ] --START--
INFO: Run Behavior\BuildLiteBehavior [ RunTime:0.000012s ]
INFO: [ app_init ] --END-- [ RunTime:0.000386s ]

[ 2018-01-01T23:18:17+08:00 ] ::1 /sss/index.php/Index/banzhuren.html
INFO: [ app_init ] --START--
INFO: Run Behavior\BuildLiteBehavior [ RunTime:0.000011s ]
INFO: [ app_init ] --END-- [ RunTime:0.000320s ]

[ 2018-01-01T23:18:17+08:00 ] ::1 /sss/index.php/Index/main.html
INFO: [ app_init ] --START--
INFO: Run Behavior\BuildLiteBehavior [ RunTime:0.000020s ]
INFO: [ app_init ] --END-- [ RunTime:0.000601s ]

[ 2018-01-01T23:18:21+08:00 ] ::1 /sss/index.php/User/manage1.html
INFO: [ app_init ] --START--
INFO: Run Behavior\BuildLiteBehavior [ RunTime:0.000011s ]
INFO: [ app_init ] --END-- [ RunTime:0.000311s ]

[ 2018-01-01T23:18:23+08:00 ] ::1 /sss/index.php/User/add.html
INFO: [ app_init ] --START--
INFO: Run Behavior\BuildLiteBehavior [ RunTime:0.000010s ]
INFO: [ app_init ] --END-- [ RunTime:0.000317s ]

[ 2018-01-01T23:18:29+08:00 ] ::1 /sss/index.php/Rongyu/check.html
INFO: [ app_init ] --START--
INFO: Run Behavior\BuildLiteBehavior [ RunTime:0.000011s ]
INFO: [ app_init ] --END-- [ RunTime:0.000294s ]

[ 2018-01-01T23:18:31+08:00 ] ::1 /sss/index.php/Rongyu/checked.html
INFO: [ app_init ] --START--
INFO: Run Behavior\BuildLiteBehavior [ RunTime:0.000012s ]
INFO: [ app_init ] --END-- [ RunTime:0.000316s ]

[ 2018-01-01T23:18:32+08:00 ] ::1 /sss/index.php/Message/message_check1.html
INFO: [ app_init ] --START--
INFO: Run Behavior\BuildLiteBehavior [ RunTime:0.000098s ]
INFO: [ app_init ] --END-- [ RunTime:0.003020s ]

[ 2018-01-01T23:18:34+08:00 ] ::1 /sss/index.php/Message/message_checked1.html
INFO: [ app_init ] --START--
INFO: Run Behavior\BuildLiteBehavior [ RunTime:0.000049s ]
INFO: [ app_init ] --END-- [ RunTime:0.000391s ]

[ 2018-01-01T23:18:38+08:00 ] ::1 /sss/index.php/Index/logout.html
INFO: [ app_init ] --START--
INFO: Run Behavior\BuildLiteBehavior [ RunTime:0.000010s ]
INFO: [ app_init ] --END-- [ RunTime:0.000292s ]

[ 2018-01-01T23:18:39+08:00 ] ::1 /sss/index.php/Index/index.html
INFO: [ app_init ] --START--
INFO: Run Behavior\BuildLiteBehavior [ RunTime:0.000011s ]
INFO: [ app_init ] --END-- [ RunTime:0.000334s ]

