[ 2017-12-08T22:29:39+08:00 ] ::1 /sss/index.php/Home/Index/teacher.html
INFO: [ app_init ] --START--
INFO: Run Behavior\BuildLiteBehavior [ RunTime:0.000012s ]
INFO: [ app_init ] --END-- [ RunTime:0.000552s ]
INFO: [ app_begin ] --START--
INFO: Run Behavior\ReadHtmlCacheBehavior [ RunTime:0.000929s ]
INFO: [ app_begin ] --END-- [ RunTime:0.000982s ]
ERR: 无法加载控制器:Home

[ 2017-12-08T22:29:40+08:00 ] ::1 /sss/index.php/Home/Index/teacher.html
INFO: [ app_init ] --START--
INFO: Run Behavior\BuildLiteBehavior [ RunTime:0.000009s ]
INFO: [ app_init ] --END-- [ RunTime:0.000349s ]
INFO: [ app_begin ] --START--
INFO: Run Behavior\ReadHtmlCacheBehavior [ RunTime:0.001234s ]
INFO: [ app_begin ] --END-- [ RunTime:0.001332s ]
ERR: 无法加载控制器:Home

[ 2017-12-08T22:29:47+08:00 ] ::1 /sss/index.php/Home/Index/teacher.html
INFO: [ app_init ] --START--
INFO: Run Behavior\BuildLiteBehavior [ RunTime:0.000021s ]
INFO: [ app_init ] --END-- [ RunTime:0.000529s ]
INFO: [ app_begin ] --START--
INFO: Run Behavior\ReadHtmlCacheBehavior [ RunTime:0.000591s ]
INFO: [ app_begin ] --END-- [ RunTime:0.000646s ]
ERR: 无法加载控制器:Home

[ 2017-12-08T22:29:48+08:00 ] ::1 /sss/index.php/Home/Index/teacher.html
INFO: [ app_init ] --START--
INFO: Run Behavior\BuildLiteBehavior [ RunTime:0.000010s ]
INFO: [ app_init ] --END-- [ RunTime:0.000272s ]
INFO: [ app_begin ] --START--
INFO: Run Behavior\ReadHtmlCacheBehavior [ RunTime:0.001025s ]
INFO: [ app_begin ] --END-- [ RunTime:0.001277s ]
ERR: 无法加载控制器:Home

[ 2017-12-08T22:29:48+08:00 ] ::1 /sss/index.php/Home/Index/teacher.html
INFO: [ app_init ] --START--
INFO: Run Behavior\BuildLiteBehavior [ RunTime:0.000012s ]
INFO: [ app_init ] --END-- [ RunTime:0.000392s ]
INFO: [ app_begin ] --START--
INFO: Run Behavior\ReadHtmlCacheBehavior [ RunTime:0.000472s ]
INFO: [ app_begin ] --END-- [ RunTime:0.000620s ]
ERR: 无法加载控制器:Home

[ 2017-12-08T22:29:48+08:00 ] ::1 /sss/index.php/Home/Index/teacher.html
INFO: [ app_init ] --START--
INFO: Run Behavior\BuildLiteBehavior [ RunTime:0.000014s ]
INFO: [ app_init ] --END-- [ RunTime:0.000421s ]
INFO: [ app_begin ] --START--
INFO: Run Behavior\ReadHtmlCacheBehavior [ RunTime:0.000829s ]
INFO: [ app_begin ] --END-- [ RunTime:0.000910s ]
ERR: 无法加载控制器:Home

[ 2017-12-08T22:29:49+08:00 ] ::1 /sss/index.php/Home/Index/teacher.html
INFO: [ app_init ] --START--
INFO: Run Behavior\BuildLiteBehavior [ RunTime:0.000016s ]
INFO: [ app_init ] --END-- [ RunTime:0.000563s ]
INFO: [ app_begin ] --START--
INFO: Run Behavior\ReadHtmlCacheBehavior [ RunTime:0.000566s ]
INFO: [ app_begin ] --END-- [ RunTime:0.000629s ]
ERR: 无法加载控制器:Home

[ 2017-12-08T22:29:49+08:00 ] ::1 /sss/index.php/Home/Index/teacher.html
INFO: [ app_init ] --START--
INFO: Run Behavior\BuildLiteBehavior [ RunTime:0.000011s ]
INFO: [ app_init ] --END-- [ RunTime:0.000676s ]
INFO: [ app_begin ] --START--
INFO: Run Behavior\ReadHtmlCacheBehavior [ RunTime:0.000374s ]
INFO: [ app_begin ] --END-- [ RunTime:0.000412s ]
ERR: 无法加载控制器:Home

[ 2017-12-08T22:29:53+08:00 ] ::1 /sss/index.php/
INFO: [ app_init ] --START--
INFO: Run Behavior\BuildLiteBehavior [ RunTime:0.000013s ]
INFO: [ app_init ] --END-- [ RunTime:0.000223s ]
INFO: [ app_begin ] --START--
INFO: Run Behavior\ReadHtmlCacheBehavior [ RunTime:0.000802s ]
INFO: [ app_begin ] --END-- [ RunTime:0.001106s ]
ERR: 无法加载控制器:Index

[ 2017-12-08T22:30:58+08:00 ] ::1 /sss/index.php/
INFO: [ app_init ] --START--
INFO: Run Behavior\BuildLiteBehavior [ RunTime:0.000012s ]
INFO: [ app_init ] --END-- [ RunTime:0.000400s ]
INFO: [ app_begin ] --START--
INFO: Run Behavior\ReadHtmlCacheBehavior [ RunTime:0.001691s ]
INFO: [ app_begin ] --END-- [ RunTime:0.001866s ]
ERR: 无法加载控制器:Index

[ 2017-12-08T22:30:59+08:00 ] ::1 /sss/index.php/
INFO: [ app_init ] --START--
INFO: Run Behavior\BuildLiteBehavior [ RunTime:0.000009s ]
INFO: [ app_init ] --END-- [ RunTime:0.000320s ]
INFO: [ app_begin ] --START--
INFO: Run Behavior\ReadHtmlCacheBehavior [ RunTime:0.000598s ]
INFO: [ app_begin ] --END-- [ RunTime:0.000635s ]
ERR: 无法加载控制器:Index

[ 2017-12-08T22:30:59+08:00 ] ::1 /sss/index.php/
INFO: [ app_init ] --START--
INFO: Run Behavior\BuildLiteBehavior [ RunTime:0.000010s ]
INFO: [ app_init ] --END-- [ RunTime:0.000336s ]
INFO: [ app_begin ] --START--
INFO: Run Behavior\ReadHtmlCacheBehavior [ RunTime:0.000658s ]
INFO: [ app_begin ] --END-- [ RunTime:0.000694s ]
ERR: 无法加载控制器:Index

[ 2017-12-08T22:31:01+08:00 ] ::1 /sss/index.php/
INFO: [ app_init ] --START--
INFO: Run Behavior\BuildLiteBehavior [ RunTime:0.000013s ]
INFO: [ app_init ] --END-- [ RunTime:0.000356s ]
INFO: [ app_begin ] --START--
INFO: Run Behavior\ReadHtmlCacheBehavior [ RunTime:0.000987s ]
INFO: [ app_begin ] --END-- [ RunTime:0.001064s ]
ERR: 无法加载控制器:Index

[ 2017-12-08T22:31:01+08:00 ] ::1 /sss/index.php/
INFO: [ app_init ] --START--
INFO: Run Behavior\BuildLiteBehavior [ RunTime:0.000009s ]
INFO: [ app_init ] --END-- [ RunTime:0.000321s ]
INFO: [ app_begin ] --START--
INFO: Run Behavior\ReadHtmlCacheBehavior [ RunTime:0.000644s ]
INFO: [ app_begin ] --END-- [ RunTime:0.000681s ]
ERR: 无法加载控制器:Index

[ 2017-12-08T22:31:02+08:00 ] ::1 /sss/index.php/
INFO: [ app_init ] --START--
INFO: Run Behavior\BuildLiteBehavior [ RunTime:0.000009s ]
INFO: [ app_init ] --END-- [ RunTime:0.000290s ]
INFO: [ app_begin ] --START--
INFO: Run Behavior\ReadHtmlCacheBehavior [ RunTime:0.000596s ]
INFO: [ app_begin ] --END-- [ RunTime:0.000628s ]
ERR: 无法加载控制器:Index

[ 2017-12-08T22:31:02+08:00 ] ::1 /sss/index.php/
INFO: [ app_init ] --START--
INFO: Run Behavior\BuildLiteBehavior [ RunTime:0.000010s ]
INFO: [ app_init ] --END-- [ RunTime:0.000354s ]
INFO: [ app_begin ] --START--
INFO: Run Behavior\ReadHtmlCacheBehavior [ RunTime:0.000598s ]
INFO: [ app_begin ] --END-- [ RunTime:0.000630s ]
ERR: 无法加载控制器:Index

[ 2017-12-08T22:35:09+08:00 ] ::1 /sss/admin
INFO: [ app_init ] --START--
INFO: Run Behavior\BuildLiteBehavior [ RunTime:0.000016s ]
INFO: [ app_init ] --END-- [ RunTime:0.000424s ]
ERR: 无法加载控制器:Index

[ 2017-12-08T22:35:20+08:00 ] ::1 /sss/ADMIN
INFO: [ app_init ] --START--
INFO: Run Behavior\BuildLiteBehavior [ RunTime:0.000037s ]
INFO: [ app_init ] --END-- [ RunTime:0.001300s ]
ERR: 无法加载控制器:Index

[ 2017-12-08T22:35:41+08:00 ] ::1 /sss/INDEX.PHP/ADMIN
INFO: [ app_init ] --START--
INFO: Run Behavior\BuildLiteBehavior [ RunTime:0.000016s ]
INFO: [ app_init ] --END-- [ RunTime:0.000828s ]
ERR: 无法加载控制器:Index

[ 2017-12-08T22:35:48+08:00 ] ::1 /sss/INDEX.PHP/ADMIN/INDEX
INFO: [ app_init ] --START--
INFO: Run Behavior\BuildLiteBehavior [ RunTime:0.000008s ]
INFO: [ app_init ] --END-- [ RunTime:0.000239s ]
ERR: 无法加载控制器:INDEX

[ 2017-12-08T22:40:18+08:00 ] ::1 /sss/admin
INFO: [ app_init ] --START--
INFO: Run Behavior\BuildLiteBehavior [ RunTime:0.000010s ]
INFO: [ app_init ] --END-- [ RunTime:0.000232s ]
ERR: 无法加载控制器:Index

[ 2017-12-08T22:41:40+08:00 ] ::1 /sss/admin
INFO: [ app_init ] --START--
INFO: Run Behavior\BuildLiteBehavior [ RunTime:0.000009s ]
INFO: [ app_init ] --END-- [ RunTime:0.000261s ]
ERR: 无法加载控制器:Index

[ 2017-12-08T22:41:41+08:00 ] ::1 /sss/admin
INFO: [ app_init ] --START--
INFO: Run Behavior\BuildLiteBehavior [ RunTime:0.000009s ]
INFO: [ app_init ] --END-- [ RunTime:0.000276s ]
ERR: 无法加载控制器:Index

[ 2017-12-08T22:41:41+08:00 ] ::1 /sss/admin
INFO: [ app_init ] --START--
INFO: Run Behavior\BuildLiteBehavior [ RunTime:0.000009s ]
INFO: [ app_init ] --END-- [ RunTime:0.000265s ]
ERR: 无法加载控制器:Index

[ 2017-12-08T22:41:41+08:00 ] ::1 /sss/admin
INFO: [ app_init ] --START--
INFO: Run Behavior\BuildLiteBehavior [ RunTime:0.000011s ]
INFO: [ app_init ] --END-- [ RunTime:0.000250s ]
ERR: 无法加载控制器:Index

[ 2017-12-08T22:41:43+08:00 ] ::1 /sss/admin
INFO: [ app_init ] --START--
INFO: Run Behavior\BuildLiteBehavior [ RunTime:0.000008s ]
INFO: [ app_init ] --END-- [ RunTime:0.000256s ]
ERR: 无法加载控制器:Index

[ 2017-12-08T22:42:24+08:00 ] ::1 /sss/admin
INFO: [ app_init ] --START--
INFO: Run Behavior\BuildLiteBehavior [ RunTime:0.000009s ]
INFO: [ app_init ] --END-- [ RunTime:0.000271s ]
ERR: 无法加载控制器:Index

