[ 2017-12-10T00:00:05+08:00 ] ::1 /sss/index.php/Admin/Student/manage.html
INFO: [ app_init ] --START--
INFO: Run Behavior\BuildLiteBehavior [ RunTime:0.000010s ]
INFO: [ app_init ] --END-- [ RunTime:0.000273s ]

[ 2017-12-10T00:00:09+08:00 ] ::1 /sss/index.php/Admin/Student/manage/page/2.html
INFO: [ app_init ] --START--
INFO: Run Behavior\BuildLiteBehavior [ RunTime:0.000011s ]
INFO: [ app_init ] --END-- [ RunTime:0.000275s ]

[ 2017-12-10T00:00:14+08:00 ] ::1 /sss/index.php/Admin/Student/manage.html
INFO: [ app_init ] --START--
INFO: Run Behavior\BuildLiteBehavior [ RunTime:0.000010s ]
INFO: [ app_init ] --END-- [ RunTime:0.000277s ]

[ 2017-12-10T00:00:19+08:00 ] ::1 /sss/index.php/Admin/Student/manage/page/2.html
INFO: [ app_init ] --START--
INFO: Run Behavior\BuildLiteBehavior [ RunTime:0.000010s ]
INFO: [ app_init ] --END-- [ RunTime:0.000273s ]

[ 2017-12-10T00:00:29+08:00 ] ::1 /sss/index.php/Admin/Student/manage.html
INFO: [ app_init ] --START--
INFO: Run Behavior\BuildLiteBehavior [ RunTime:0.000010s ]
INFO: [ app_init ] --END-- [ RunTime:0.000328s ]

[ 2017-12-10T00:00:52+08:00 ] ::1 /sss/index.php/Admin/Student/manage.html
INFO: [ app_init ] --START--
INFO: Run Behavior\BuildLiteBehavior [ RunTime:0.000011s ]
INFO: [ app_init ] --END-- [ RunTime:0.000326s ]

[ 2017-12-10T00:00:54+08:00 ] ::1 /sss/index.php/Admin/Student/manage.html
INFO: [ app_init ] --START--
INFO: Run Behavior\BuildLiteBehavior [ RunTime:0.000010s ]
INFO: [ app_init ] --END-- [ RunTime:0.000254s ]

[ 2017-12-10T00:00:59+08:00 ] ::1 /sss/index.php/Admin/Student/manage.html
INFO: [ app_init ] --START--
INFO: Run Behavior\BuildLiteBehavior [ RunTime:0.000010s ]
INFO: [ app_init ] --END-- [ RunTime:0.000309s ]

[ 2017-12-10T00:01:02+08:00 ] ::1 /sss/index.php/Admin/Student/manage/page/2.html
INFO: [ app_init ] --START--
INFO: Run Behavior\BuildLiteBehavior [ RunTime:0.000010s ]
INFO: [ app_init ] --END-- [ RunTime:0.000285s ]

[ 2017-12-10T00:01:07+08:00 ] ::1 /sss/index.php/Admin/Student/manage.html
INFO: [ app_init ] --START--
INFO: Run Behavior\BuildLiteBehavior [ RunTime:0.000010s ]
INFO: [ app_init ] --END-- [ RunTime:0.000274s ]

[ 2017-12-10T00:01:10+08:00 ] ::1 /sss/index.php/Admin/Student/manage.html
INFO: [ app_init ] --START--
INFO: Run Behavior\BuildLiteBehavior [ RunTime:0.000011s ]
INFO: [ app_init ] --END-- [ RunTime:0.000279s ]

[ 2017-12-10T00:01:13+08:00 ] ::1 /sss/index.php/Admin/Student/manage.html
INFO: [ app_init ] --START--
INFO: Run Behavior\BuildLiteBehavior [ RunTime:0.000009s ]
INFO: [ app_init ] --END-- [ RunTime:0.000236s ]

[ 2017-12-10T00:01:18+08:00 ] ::1 /sss/index.php/Admin/Student/manage.html
INFO: [ app_init ] --START--
INFO: Run Behavior\BuildLiteBehavior [ RunTime:0.000010s ]
INFO: [ app_init ] --END-- [ RunTime:0.000274s ]

[ 2017-12-10T00:01:24+08:00 ] ::1 /sss/index.php/Admin/Student/manage/page/2.html
INFO: [ app_init ] --START--
INFO: Run Behavior\BuildLiteBehavior [ RunTime:0.000010s ]
INFO: [ app_init ] --END-- [ RunTime:0.000273s ]

[ 2017-12-10T00:01:29+08:00 ] ::1 /sss/index.php/Admin/Student/manage/page/1.html
INFO: [ app_init ] --START--
INFO: Run Behavior\BuildLiteBehavior [ RunTime:0.000012s ]
INFO: [ app_init ] --END-- [ RunTime:0.000353s ]

[ 2017-12-10T13:31:00+08:00 ] ::1 /sss/index.php/Admin/Index/admin.html
INFO: [ app_init ] --START--
INFO: Run Behavior\BuildLiteBehavior [ RunTime:0.000011s ]
INFO: [ app_init ] --END-- [ RunTime:0.013178s ]

[ 2017-12-10T13:31:00+08:00 ] ::1 /sss/index.php/Admin/Index/main.html
INFO: [ app_init ] --START--
INFO: Run Behavior\BuildLiteBehavior [ RunTime:0.000017s ]
INFO: [ app_init ] --END-- [ RunTime:0.000401s ]

[ 2017-12-10T13:31:02+08:00 ] ::1 /sss/index.php/Admin/Index/admin.html
INFO: [ app_init ] --START--
INFO: Run Behavior\BuildLiteBehavior [ RunTime:0.000010s ]
INFO: [ app_init ] --END-- [ RunTime:0.000330s ]

[ 2017-12-10T13:31:02+08:00 ] ::1 /sss/index.php/Admin/Index/main.html
INFO: [ app_init ] --START--
INFO: Run Behavior\BuildLiteBehavior [ RunTime:0.000008s ]
INFO: [ app_init ] --END-- [ RunTime:0.000216s ]

[ 2017-12-10T13:31:04+08:00 ] ::1 /sss/index.php/Admin/Teacher/teacher_list.html
INFO: [ app_init ] --START--
INFO: Run Behavior\BuildLiteBehavior [ RunTime:0.000010s ]
INFO: [ app_init ] --END-- [ RunTime:0.000241s ]

[ 2017-12-10T13:31:05+08:00 ] ::1 /sss/index.php/Admin/Teacher/teacher_add.html
INFO: [ app_init ] --START--
INFO: Run Behavior\BuildLiteBehavior [ RunTime:0.000010s ]
INFO: [ app_init ] --END-- [ RunTime:0.000270s ]

[ 2017-12-10T13:31:09+08:00 ] ::1 /sss/index.php/Admin/Student/manage.html
INFO: [ app_init ] --START--
INFO: Run Behavior\BuildLiteBehavior [ RunTime:0.000010s ]
INFO: [ app_init ] --END-- [ RunTime:0.000268s ]

[ 2017-12-10T13:32:35+08:00 ] ::1 /sss/index.php/Admin/Student/manage.html
INFO: [ app_init ] --START--
INFO: Run Behavior\BuildLiteBehavior [ RunTime:0.000009s ]
INFO: [ app_init ] --END-- [ RunTime:0.000255s ]

[ 2017-12-10T13:32:37+08:00 ] ::1 /sss/index.php/Admin/Student/manage.html
INFO: [ app_init ] --START--
INFO: Run Behavior\BuildLiteBehavior [ RunTime:0.000009s ]
INFO: [ app_init ] --END-- [ RunTime:0.000232s ]

[ 2017-12-10T13:32:41+08:00 ] ::1 /sss/index.php/Admin/Student/manage/page/3.html
INFO: [ app_init ] --START--
INFO: Run Behavior\BuildLiteBehavior [ RunTime:0.000009s ]
INFO: [ app_init ] --END-- [ RunTime:0.000220s ]

[ 2017-12-10T13:32:47+08:00 ] ::1 /sss/index.php/Admin/Student/manage.html
INFO: [ app_init ] --START--
INFO: Run Behavior\BuildLiteBehavior [ RunTime:0.000008s ]
INFO: [ app_init ] --END-- [ RunTime:0.000212s ]

[ 2017-12-10T13:32:49+08:00 ] ::1 /sss/index.php/Admin/Student/manage/page/2.html
INFO: [ app_init ] --START--
INFO: Run Behavior\BuildLiteBehavior [ RunTime:0.000008s ]
INFO: [ app_init ] --END-- [ RunTime:0.000233s ]

[ 2017-12-10T13:32:52+08:00 ] ::1 /sss/index.php/Admin/Student/manage.html
INFO: [ app_init ] --START--
INFO: Run Behavior\BuildLiteBehavior [ RunTime:0.000013s ]
INFO: [ app_init ] --END-- [ RunTime:0.000310s ]

[ 2017-12-10T13:32:55+08:00 ] ::1 /sss/index.php/Admin/Student/manage.html
INFO: [ app_init ] --START--
INFO: Run Behavior\BuildLiteBehavior [ RunTime:0.000009s ]
INFO: [ app_init ] --END-- [ RunTime:0.000227s ]

[ 2017-12-10T13:33:02+08:00 ] ::1 /sss/index.php/Admin/Student/manage.html
INFO: [ app_init ] --START--
INFO: Run Behavior\BuildLiteBehavior [ RunTime:0.000010s ]
INFO: [ app_init ] --END-- [ RunTime:0.000289s ]

[ 2017-12-10T13:33:05+08:00 ] ::1 /sss/index.php/Admin/Student/manage/page/2.html
INFO: [ app_init ] --START--
INFO: Run Behavior\BuildLiteBehavior [ RunTime:0.000009s ]
INFO: [ app_init ] --END-- [ RunTime:0.000218s ]

[ 2017-12-10T13:33:23+08:00 ] ::1 /sss/index.php/Admin/Student/manage.html
INFO: [ app_init ] --START--
INFO: Run Behavior\BuildLiteBehavior [ RunTime:0.000009s ]
INFO: [ app_init ] --END-- [ RunTime:0.000257s ]

[ 2017-12-10T13:33:29+08:00 ] ::1 /sss/index.php/Admin/Student/manage.html
INFO: [ app_init ] --START--
INFO: Run Behavior\BuildLiteBehavior [ RunTime:0.000009s ]
INFO: [ app_init ] --END-- [ RunTime:0.000234s ]

[ 2017-12-10T13:33:41+08:00 ] ::1 /sss/index.php/Admin/Student/manage.html
INFO: [ app_init ] --START--
INFO: Run Behavior\BuildLiteBehavior [ RunTime:0.000012s ]
INFO: [ app_init ] --END-- [ RunTime:0.000323s ]

[ 2017-12-10T13:33:49+08:00 ] ::1 /sss/index.php/Admin/Student/manage.html
INFO: [ app_init ] --START--
INFO: Run Behavior\BuildLiteBehavior [ RunTime:0.000009s ]
INFO: [ app_init ] --END-- [ RunTime:0.000213s ]

[ 2017-12-10T13:33:52+08:00 ] ::1 /sss/index.php/Admin/Student/manage.html
INFO: [ app_init ] --START--
INFO: Run Behavior\BuildLiteBehavior [ RunTime:0.000007s ]
INFO: [ app_init ] --END-- [ RunTime:0.000224s ]

[ 2017-12-10T13:33:57+08:00 ] ::1 /sss/index.php/Admin/Student/manage.html
INFO: [ app_init ] --START--
INFO: Run Behavior\BuildLiteBehavior [ RunTime:0.000025s ]
INFO: [ app_init ] --END-- [ RunTime:0.001251s ]

[ 2017-12-10T13:39:51+08:00 ] ::1 /sss/index.php/Admin/Student/manage.html
INFO: [ app_init ] --START--
INFO: Run Behavior\BuildLiteBehavior [ RunTime:0.000011s ]
INFO: [ app_init ] --END-- [ RunTime:0.000273s ]

[ 2017-12-10T13:39:56+08:00 ] ::1 /sss/index.php/Admin/Student/manage.html
INFO: [ app_init ] --START--
INFO: Run Behavior\BuildLiteBehavior [ RunTime:0.000011s ]
INFO: [ app_init ] --END-- [ RunTime:0.000960s ]

[ 2017-12-10T13:42:39+08:00 ] ::1 /sss/index.php/Admin/Student/manage.html
INFO: [ app_init ] --START--
INFO: Run Behavior\BuildLiteBehavior [ RunTime:0.000008s ]
INFO: [ app_init ] --END-- [ RunTime:0.000240s ]

[ 2017-12-10T13:43:05+08:00 ] ::1 /sss/index.php/Admin/Student/manage.html
INFO: [ app_init ] --START--
INFO: Run Behavior\BuildLiteBehavior [ RunTime:0.000015s ]
INFO: [ app_init ] --END-- [ RunTime:0.000300s ]

[ 2017-12-10T13:43:22+08:00 ] ::1 /sss/index.php/Admin/Student/manage/page/2.html
INFO: [ app_init ] --START--
INFO: Run Behavior\BuildLiteBehavior [ RunTime:0.000010s ]
INFO: [ app_init ] --END-- [ RunTime:0.000258s ]

[ 2017-12-10T13:43:35+08:00 ] ::1 /sss/index.php/Admin/Student/manage.html
INFO: [ app_init ] --START--
INFO: Run Behavior\BuildLiteBehavior [ RunTime:0.000018s ]
INFO: [ app_init ] --END-- [ RunTime:0.000326s ]

[ 2017-12-10T13:44:37+08:00 ] ::1 /sss/index.php/Admin/Student/manage.html
INFO: [ app_init ] --START--
INFO: Run Behavior\BuildLiteBehavior [ RunTime:0.000008s ]
INFO: [ app_init ] --END-- [ RunTime:0.000217s ]

[ 2017-12-10T13:44:42+08:00 ] ::1 /sss/index.php/Admin/Student/manage.html
INFO: [ app_init ] --START--
INFO: Run Behavior\BuildLiteBehavior [ RunTime:0.000059s ]
INFO: [ app_init ] --END-- [ RunTime:0.003257s ]

[ 2017-12-10T13:44:47+08:00 ] ::1 /sss/index.php/Admin/Student/manage/page/2.html
INFO: [ app_init ] --START--
INFO: Run Behavior\BuildLiteBehavior [ RunTime:0.000011s ]
INFO: [ app_init ] --END-- [ RunTime:0.000285s ]

[ 2017-12-10T13:44:58+08:00 ] ::1 /sss/index.php/Admin/Student/manage.html
INFO: [ app_init ] --START--
INFO: Run Behavior\BuildLiteBehavior [ RunTime:0.000008s ]
INFO: [ app_init ] --END-- [ RunTime:0.000212s ]

[ 2017-12-10T13:45:02+08:00 ] ::1 /sss/index.php/Admin/Student/manage.html
INFO: [ app_init ] --START--
INFO: Run Behavior\BuildLiteBehavior [ RunTime:0.000009s ]
INFO: [ app_init ] --END-- [ RunTime:0.000216s ]

[ 2017-12-10T13:45:06+08:00 ] ::1 /sss/index.php/Admin/Student/manage.html
INFO: [ app_init ] --START--
INFO: Run Behavior\BuildLiteBehavior [ RunTime:0.000015s ]
INFO: [ app_init ] --END-- [ RunTime:0.000497s ]

[ 2017-12-10T13:45:15+08:00 ] ::1 /sss/index.php/Admin/Student/manage.html
INFO: [ app_init ] --START--
INFO: Run Behavior\BuildLiteBehavior [ RunTime:0.000007s ]
INFO: [ app_init ] --END-- [ RunTime:0.000215s ]

[ 2017-12-10T13:45:19+08:00 ] ::1 /sss/index.php/Admin/Student/manage.html
INFO: [ app_init ] --START--
INFO: Run Behavior\BuildLiteBehavior [ RunTime:0.000009s ]
INFO: [ app_init ] --END-- [ RunTime:0.000243s ]

[ 2017-12-10T13:45:25+08:00 ] ::1 /sss/index.php/Admin/Student/manage.html
INFO: [ app_init ] --START--
INFO: Run Behavior\BuildLiteBehavior [ RunTime:0.000008s ]
INFO: [ app_init ] --END-- [ RunTime:0.000214s ]

[ 2017-12-10T13:45:30+08:00 ] ::1 /sss/index.php/Admin/Student/manage.html
INFO: [ app_init ] --START--
INFO: Run Behavior\BuildLiteBehavior [ RunTime:0.000008s ]
INFO: [ app_init ] --END-- [ RunTime:0.000216s ]

[ 2017-12-10T13:45:36+08:00 ] ::1 /sss/index.php/Admin/Student/manage.html
INFO: [ app_init ] --START--
INFO: Run Behavior\BuildLiteBehavior [ RunTime:0.000009s ]
INFO: [ app_init ] --END-- [ RunTime:0.000239s ]

[ 2017-12-10T13:46:44+08:00 ] ::1 /sss/index.php/Admin/Student/manage.html
INFO: [ app_init ] --START--
INFO: Run Behavior\BuildLiteBehavior [ RunTime:0.000009s ]
INFO: [ app_init ] --END-- [ RunTime:0.000318s ]

[ 2017-12-10T13:46:47+08:00 ] ::1 /sss/index.php/Admin/Student/manage.html
INFO: [ app_init ] --START--
INFO: Run Behavior\BuildLiteBehavior [ RunTime:0.000008s ]
INFO: [ app_init ] --END-- [ RunTime:0.000220s ]

[ 2017-12-10T13:46:50+08:00 ] ::1 /sss/index.php/Admin/Student/manage/page/2.html
INFO: [ app_init ] --START--
INFO: Run Behavior\BuildLiteBehavior [ RunTime:0.000013s ]
INFO: [ app_init ] --END-- [ RunTime:0.000295s ]

[ 2017-12-10T13:46:52+08:00 ] ::1 /sss/index.php/Admin/Student/manage.html
INFO: [ app_init ] --START--
INFO: Run Behavior\BuildLiteBehavior [ RunTime:0.000013s ]
INFO: [ app_init ] --END-- [ RunTime:0.000299s ]

[ 2017-12-10T13:49:26+08:00 ] ::1 /sss/admin
INFO: [ app_init ] --START--
INFO: Run Behavior\BuildLiteBehavior [ RunTime:0.000009s ]
INFO: [ app_init ] --END-- [ RunTime:0.000219s ]

[ 2017-12-10T13:49:34+08:00 ] ::1 /sss/index.php/Admin/Index/login.html
INFO: [ app_init ] --START--
INFO: Run Behavior\BuildLiteBehavior [ RunTime:0.000008s ]
INFO: [ app_init ] --END-- [ RunTime:0.000218s ]
ERR: 模板不存在:./Application/Admin/View/Index/login.html

[ 2017-12-10T13:49:36+08:00 ] ::1 /sss/index.php/Admin/Index/admin.html
INFO: [ app_init ] --START--
INFO: Run Behavior\BuildLiteBehavior [ RunTime:0.000009s ]
INFO: [ app_init ] --END-- [ RunTime:0.000228s ]

[ 2017-12-10T13:49:36+08:00 ] ::1 /sss/index.php/Admin/Index/main.html
INFO: [ app_init ] --START--
INFO: Run Behavior\BuildLiteBehavior [ RunTime:0.000015s ]
INFO: [ app_init ] --END-- [ RunTime:0.000424s ]

[ 2017-12-10T13:51:34+08:00 ] ::1 /sss/index.php/Admin/Student/add.html
INFO: [ app_init ] --START--
INFO: Run Behavior\BuildLiteBehavior [ RunTime:0.000010s ]
INFO: [ app_init ] --END-- [ RunTime:0.000317s ]

[ 2017-12-10T13:57:30+08:00 ] ::1 /sss/index.php/Admin/Index/admin.html
INFO: [ app_init ] --START--
INFO: Run Behavior\BuildLiteBehavior [ RunTime:0.000008s ]
INFO: [ app_init ] --END-- [ RunTime:0.000255s ]

[ 2017-12-10T13:57:30+08:00 ] ::1 /sss/index.php/Admin/Index/main.html
INFO: [ app_init ] --START--
INFO: Run Behavior\BuildLiteBehavior [ RunTime:0.000010s ]
INFO: [ app_init ] --END-- [ RunTime:0.000231s ]

[ 2017-12-10T13:57:31+08:00 ] ::1 /sss/index.php/Admin/Manage/addhonor.html
INFO: [ app_init ] --START--
INFO: Run Behavior\BuildLiteBehavior [ RunTime:0.000012s ]
INFO: [ app_init ] --END-- [ RunTime:0.000313s ]

[ 2017-12-10T13:58:58+08:00 ] ::1 /sss/index.php/Admin/Manage/addhonor.html
INFO: [ app_init ] --START--
INFO: Run Behavior\BuildLiteBehavior [ RunTime:0.000009s ]
INFO: [ app_init ] --END-- [ RunTime:0.000271s ]

[ 2017-12-10T13:59:39+08:00 ] ::1 /sss/index.php/Admin/Student/manage.html
INFO: [ app_init ] --START--
INFO: Run Behavior\BuildLiteBehavior [ RunTime:0.000012s ]
INFO: [ app_init ] --END-- [ RunTime:0.000367s ]

[ 2017-12-10T13:59:40+08:00 ] ::1 /sss/index.php/Admin/Manage/addhonor.html
INFO: [ app_init ] --START--
INFO: Run Behavior\BuildLiteBehavior [ RunTime:0.000012s ]
INFO: [ app_init ] --END-- [ RunTime:0.000403s ]

[ 2017-12-10T14:02:00+08:00 ] ::1 /sss/index.php/Admin/Manage/addhonor.html
INFO: [ app_init ] --START--
INFO: Run Behavior\BuildLiteBehavior [ RunTime:0.000009s ]
INFO: [ app_init ] --END-- [ RunTime:0.000270s ]

[ 2017-12-10T14:02:45+08:00 ] ::1 /sss/index.php/Admin/Index/Rukou.php
INFO: [ app_init ] --START--
INFO: Run Behavior\BuildLiteBehavior [ RunTime:0.000009s ]
INFO: [ app_init ] --END-- [ RunTime:0.000246s ]
ERR: 非法操作:Rukou.php

[ 2017-12-10T14:02:46+08:00 ] ::1 /sss/index.php/Admin/Manage/addhonor.html
INFO: [ app_init ] --START--
INFO: Run Behavior\BuildLiteBehavior [ RunTime:0.000008s ]
INFO: [ app_init ] --END-- [ RunTime:0.000216s ]

[ 2017-12-10T14:02:47+08:00 ] ::1 /sss/index.php/Admin/Manage/addhonor.html
INFO: [ app_init ] --START--
INFO: Run Behavior\BuildLiteBehavior [ RunTime:0.000008s ]
INFO: [ app_init ] --END-- [ RunTime:0.000216s ]

[ 2017-12-10T14:02:49+08:00 ] ::1 /sss/index.php/Admin/Index/admin.html
INFO: [ app_init ] --START--
INFO: Run Behavior\BuildLiteBehavior [ RunTime:0.000011s ]
INFO: [ app_init ] --END-- [ RunTime:0.000361s ]

[ 2017-12-10T14:02:49+08:00 ] ::1 /sss/index.php/Admin/Index/main.html
INFO: [ app_init ] --START--
INFO: Run Behavior\BuildLiteBehavior [ RunTime:0.000012s ]
INFO: [ app_init ] --END-- [ RunTime:0.000305s ]

[ 2017-12-10T14:02:50+08:00 ] ::1 /sss/index.php/Admin/Manage/addhonor.html
INFO: [ app_init ] --START--
INFO: Run Behavior\BuildLiteBehavior [ RunTime:0.000014s ]
INFO: [ app_init ] --END-- [ RunTime:0.000256s ]

[ 2017-12-10T14:03:14+08:00 ] ::1 /sss/index.php/Admin/Manage/addhonor.html
INFO: [ app_init ] --START--
INFO: Run Behavior\BuildLiteBehavior [ RunTime:0.000010s ]
INFO: [ app_init ] --END-- [ RunTime:0.000311s ]

[ 2017-12-10T14:03:37+08:00 ] ::1 /sss/index.php/Admin/Manage/addhonor.html
INFO: [ app_init ] --START--
INFO: Run Behavior\BuildLiteBehavior [ RunTime:0.000023s ]
INFO: [ app_init ] --END-- [ RunTime:0.001376s ]

[ 2017-12-10T14:05:22+08:00 ] ::1 /sss/index.php/Admin/Manage/addhonor.html
INFO: [ app_init ] --START--
INFO: Run Behavior\BuildLiteBehavior [ RunTime:0.000165s ]
INFO: [ app_init ] --END-- [ RunTime:0.002287s ]

[ 2017-12-10T14:05:23+08:00 ] ::1 /sss/index.php/Admin/Manage/addhonor.html
INFO: [ app_init ] --START--
INFO: Run Behavior\BuildLiteBehavior [ RunTime:0.000009s ]
INFO: [ app_init ] --END-- [ RunTime:0.000217s ]

[ 2017-12-10T14:06:06+08:00 ] ::1 /sss/index.php/Admin/Manage/addhonor.html
INFO: [ app_init ] --START--
INFO: Run Behavior\BuildLiteBehavior [ RunTime:0.000010s ]
INFO: [ app_init ] --END-- [ RunTime:0.000287s ]

[ 2017-12-10T14:06:07+08:00 ] ::1 /sss/index.php/Admin/Manage/addhonor.html
INFO: [ app_init ] --START--
INFO: Run Behavior\BuildLiteBehavior [ RunTime:0.000013s ]
INFO: [ app_init ] --END-- [ RunTime:0.000306s ]

[ 2017-12-10T14:06:48+08:00 ] ::1 /sss/index.php/Admin/Manage/addhonor.html
INFO: [ app_init ] --START--
INFO: Run Behavior\BuildLiteBehavior [ RunTime:0.000010s ]
INFO: [ app_init ] --END-- [ RunTime:0.000279s ]

[ 2017-12-10T14:08:02+08:00 ] ::1 /sss/index.php/Admin/Manage/addhonor.html
INFO: [ app_init ] --START--
INFO: Run Behavior\BuildLiteBehavior [ RunTime:0.000010s ]
INFO: [ app_init ] --END-- [ RunTime:0.000309s ]

[ 2017-12-10T14:09:00+08:00 ] ::1 /sss/index.php/Admin/Manage/addhonor.html
INFO: [ app_init ] --START--
INFO: Run Behavior\BuildLiteBehavior [ RunTime:0.000011s ]
INFO: [ app_init ] --END-- [ RunTime:0.000361s ]

[ 2017-12-10T14:09:15+08:00 ] ::1 /sss/index.php/Admin/Manage/addhonor.html
INFO: [ app_init ] --START--
INFO: Run Behavior\BuildLiteBehavior [ RunTime:0.000008s ]
INFO: [ app_init ] --END-- [ RunTime:0.000222s ]

[ 2017-12-10T14:09:51+08:00 ] ::1 /sss/index.php/Admin/Manage/addhonor.html
INFO: [ app_init ] --START--
INFO: Run Behavior\BuildLiteBehavior [ RunTime:0.000009s ]
INFO: [ app_init ] --END-- [ RunTime:0.000227s ]

[ 2017-12-10T14:10:13+08:00 ] ::1 /sss/index.php/Admin/Manage/addhonor.html
INFO: [ app_init ] --START--
INFO: Run Behavior\BuildLiteBehavior [ RunTime:0.000009s ]
INFO: [ app_init ] --END-- [ RunTime:0.000263s ]

[ 2017-12-10T14:10:14+08:00 ] ::1 /sss/index.php/Admin/Manage/addhonor.html
INFO: [ app_init ] --START--
INFO: Run Behavior\BuildLiteBehavior [ RunTime:0.000013s ]
INFO: [ app_init ] --END-- [ RunTime:0.000320s ]

[ 2017-12-10T14:10:15+08:00 ] ::1 /sss/index.php/Admin/Manage/addhonor.html
INFO: [ app_init ] --START--
INFO: Run Behavior\BuildLiteBehavior [ RunTime:0.000008s ]
INFO: [ app_init ] --END-- [ RunTime:0.000319s ]

[ 2017-12-10T14:10:15+08:00 ] ::1 /sss/index.php/Admin/Manage/addhonor.html
INFO: [ app_init ] --START--
INFO: Run Behavior\BuildLiteBehavior [ RunTime:0.000103s ]
INFO: [ app_init ] --END-- [ RunTime:0.003613s ]

[ 2017-12-10T14:10:16+08:00 ] ::1 /sss/index.php/Admin/Index/admin.html
INFO: [ app_init ] --START--
INFO: Run Behavior\BuildLiteBehavior [ RunTime:0.000012s ]
INFO: [ app_init ] --END-- [ RunTime:0.000357s ]

[ 2017-12-10T14:10:16+08:00 ] ::1 /sss/index.php/Admin/Index/main.html
INFO: [ app_init ] --START--
INFO: Run Behavior\BuildLiteBehavior [ RunTime:0.000011s ]
INFO: [ app_init ] --END-- [ RunTime:0.000285s ]

[ 2017-12-10T14:10:17+08:00 ] ::1 /sss/index.php/Admin/Manage/addhonor.html
INFO: [ app_init ] --START--
INFO: Run Behavior\BuildLiteBehavior [ RunTime:0.000015s ]
INFO: [ app_init ] --END-- [ RunTime:0.000298s ]

[ 2017-12-10T14:10:41+08:00 ] ::1 /sss/index.php/Admin/Manage/addhonor.html
INFO: [ app_init ] --START--
INFO: Run Behavior\BuildLiteBehavior [ RunTime:0.000011s ]
INFO: [ app_init ] --END-- [ RunTime:0.000332s ]

[ 2017-12-10T14:10:42+08:00 ] ::1 /sss/index.php/Admin/Manage/addhonor.html
INFO: [ app_init ] --START--
INFO: Run Behavior\BuildLiteBehavior [ RunTime:0.000021s ]
INFO: [ app_init ] --END-- [ RunTime:0.000244s ]

[ 2017-12-10T14:12:16+08:00 ] ::1 /sss/index.php/Admin/Manage/addhonor.html
INFO: [ app_init ] --START--
INFO: Run Behavior\BuildLiteBehavior [ RunTime:0.000013s ]
INFO: [ app_init ] --END-- [ RunTime:0.000240s ]

[ 2017-12-10T14:12:40+08:00 ] ::1 /sss/index.php/Admin/Manage/addhonor.html
INFO: [ app_init ] --START--
INFO: Run Behavior\BuildLiteBehavior [ RunTime:0.000011s ]
INFO: [ app_init ] --END-- [ RunTime:0.000292s ]

[ 2017-12-10T14:13:10+08:00 ] ::1 /sss/index.php/Admin/Manage/addhonor.html
INFO: [ app_init ] --START--
INFO: Run Behavior\BuildLiteBehavior [ RunTime:0.000008s ]
INFO: [ app_init ] --END-- [ RunTime:0.000246s ]

[ 2017-12-10T14:13:17+08:00 ] ::1 /sss/index.php/Admin/Manage/addhonor.html
INFO: [ app_init ] --START--
INFO: Run Behavior\BuildLiteBehavior [ RunTime:0.000010s ]
INFO: [ app_init ] --END-- [ RunTime:0.000248s ]

[ 2017-12-10T14:13:46+08:00 ] ::1 /sss/index.php/Admin/Manage/addhonor.html
INFO: [ app_init ] --START--
INFO: Run Behavior\BuildLiteBehavior [ RunTime:0.000010s ]
INFO: [ app_init ] --END-- [ RunTime:0.000260s ]

[ 2017-12-10T14:14:56+08:00 ] ::1 /sss/index.php/Admin/Manage/addhonor.html
INFO: [ app_init ] --START--
INFO: Run Behavior\BuildLiteBehavior [ RunTime:0.000010s ]
INFO: [ app_init ] --END-- [ RunTime:0.000223s ]

[ 2017-12-10T14:17:14+08:00 ] ::1 /sss/index.php/Admin/Manage/addhonor.html
INFO: [ app_init ] --START--
INFO: Run Behavior\BuildLiteBehavior [ RunTime:0.000008s ]
INFO: [ app_init ] --END-- [ RunTime:0.000266s ]

[ 2017-12-10T14:17:37+08:00 ] ::1 /sss/index.php/Admin/Manage/addhonor.html
INFO: [ app_init ] --START--
INFO: Run Behavior\BuildLiteBehavior [ RunTime:0.000010s ]
INFO: [ app_init ] --END-- [ RunTime:0.000298s ]

[ 2017-12-10T14:17:38+08:00 ] ::1 /sss/index.php/Admin/Manage/addhonor.html
INFO: [ app_init ] --START--
INFO: Run Behavior\BuildLiteBehavior [ RunTime:0.000008s ]
INFO: [ app_init ] --END-- [ RunTime:0.000218s ]

[ 2017-12-10T14:17:57+08:00 ] ::1 /sss/index.php/Admin/Manage/addhonor.html
INFO: [ app_init ] --START--
INFO: Run Behavior\BuildLiteBehavior [ RunTime:0.000010s ]
INFO: [ app_init ] --END-- [ RunTime:0.000272s ]

[ 2017-12-10T14:27:30+08:00 ] ::1 /sss/index.php/Admin/Student/manage.html
INFO: [ app_init ] --START--
INFO: Run Behavior\BuildLiteBehavior [ RunTime:0.000010s ]
INFO: [ app_init ] --END-- [ RunTime:0.000285s ]

[ 2017-12-10T14:27:30+08:00 ] ::1 /sss/index.php/Admin/Manage/addhonor.html
INFO: [ app_init ] --START--
INFO: Run Behavior\BuildLiteBehavior [ RunTime:0.000053s ]
INFO: [ app_init ] --END-- [ RunTime:0.001018s ]

[ 2017-12-10T14:28:08+08:00 ] ::1 /sss/index.php/Admin/Manage/addhonor.html
INFO: [ app_init ] --START--
INFO: Run Behavior\BuildLiteBehavior [ RunTime:0.000055s ]
INFO: [ app_init ] --END-- [ RunTime:0.001535s ]

[ 2017-12-10T14:28:58+08:00 ] ::1 /sss/index.php/Admin/Manage/addhonor.html
INFO: [ app_init ] --START--
INFO: Run Behavior\BuildLiteBehavior [ RunTime:0.000008s ]
INFO: [ app_init ] --END-- [ RunTime:0.000230s ]

[ 2017-12-10T14:29:12+08:00 ] ::1 /sss/index.php/Admin/Manage/addhonor.html
INFO: [ app_init ] --START--
INFO: Run Behavior\BuildLiteBehavior [ RunTime:0.000009s ]
INFO: [ app_init ] --END-- [ RunTime:0.000238s ]

[ 2017-12-10T14:29:37+08:00 ] ::1 /sss/index.php/Admin/Manage/addhonor.html
INFO: [ app_init ] --START--
INFO: Run Behavior\BuildLiteBehavior [ RunTime:0.000008s ]
INFO: [ app_init ] --END-- [ RunTime:0.000244s ]

[ 2017-12-10T14:31:15+08:00 ] ::1 /sss/index.php/Admin/Manage/addhonor.html
INFO: [ app_init ] --START--
INFO: Run Behavior\BuildLiteBehavior [ RunTime:0.000013s ]
INFO: [ app_init ] --END-- [ RunTime:0.000216s ]

[ 2017-12-10T14:33:32+08:00 ] ::1 /sss/index.php/Admin/Manage/addhonor.html
INFO: [ app_init ] --START--
INFO: Run Behavior\BuildLiteBehavior [ RunTime:0.000009s ]
INFO: [ app_init ] --END-- [ RunTime:0.000279s ]

[ 2017-12-10T14:34:03+08:00 ] ::1 /sss/index.php/Admin/Manage/addhonor.html
INFO: [ app_init ] --START--
INFO: Run Behavior\BuildLiteBehavior [ RunTime:0.000009s ]
INFO: [ app_init ] --END-- [ RunTime:0.000250s ]
ERR: 1062:Duplicate entry '二等奖' for key 'mingcheng'
 [ SQL语句 ] : INSERT INTO `honor` (`leibie`,`mingcheng`,`shuoming`,`num`,`gpa`,`sports`,`practice`,`honor`,`outtime`,`fail`) VALUES ('奖学金','二等奖','前期','6','3','80','35','0','0','0')

[ 2017-12-10T14:34:15+08:00 ] ::1 /sss/index.php/Admin/Manage/addhonor.html
INFO: [ app_init ] --START--
INFO: Run Behavior\BuildLiteBehavior [ RunTime:0.000009s ]
INFO: [ app_init ] --END-- [ RunTime:0.000265s ]

[ 2017-12-10T14:34:52+08:00 ] ::1 /sss/index.php/Admin/Manage/addhonor.html
INFO: [ app_init ] --START--
INFO: Run Behavior\BuildLiteBehavior [ RunTime:0.000008s ]
INFO: [ app_init ] --END-- [ RunTime:0.000244s ]

[ 2017-12-10T14:37:10+08:00 ] ::1 /sss/index.php/Admin/Manage/addhonor.html
INFO: [ app_init ] --START--
INFO: Run Behavior\BuildLiteBehavior [ RunTime:0.000009s ]
INFO: [ app_init ] --END-- [ RunTime:0.000262s ]

[ 2017-12-10T14:37:19+08:00 ] ::1 /sss/index.php/Admin/Manage/addhonor.html
INFO: [ app_init ] --START--
INFO: Run Behavior\BuildLiteBehavior [ RunTime:0.000009s ]
INFO: [ app_init ] --END-- [ RunTime:0.000296s ]
ERR: 1062:Duplicate entry '二等奖' for key 'mingcheng'
 [ SQL语句 ] : INSERT INTO `honor` (`leibie`,`mingcheng`,`shuoming`,`num`,`gpa`,`sports`,`practice`,`honor`,`outtime`,`fail`) VALUES ('奖学金','二等奖','','0','0','0','0','0','0','0')

[ 2017-12-10T14:37:40+08:00 ] ::1 /sss/index.php/Admin/Manage/addhonor.html
INFO: [ app_init ] --START--
INFO: Run Behavior\BuildLiteBehavior [ RunTime:0.000010s ]
INFO: [ app_init ] --END-- [ RunTime:0.000277s ]

[ 2017-12-10T14:46:07+08:00 ] ::1 /sss/index.php/Admin/Manage/addhonor.html
INFO: [ app_init ] --START--
INFO: Run Behavior\BuildLiteBehavior [ RunTime:0.000011s ]
INFO: [ app_init ] --END-- [ RunTime:0.000399s ]

[ 2017-12-10T14:46:09+08:00 ] ::1 /sss/index.php/Admin/Manage/addhonor.html
INFO: [ app_init ] --START--
INFO: Run Behavior\BuildLiteBehavior [ RunTime:0.000008s ]
INFO: [ app_init ] --END-- [ RunTime:0.000215s ]

[ 2017-12-10T14:47:44+08:00 ] ::1 /sss/index.php/Admin/Manage/addhonor.html
INFO: [ app_init ] --START--
INFO: Run Behavior\BuildLiteBehavior [ RunTime:0.000008s ]
INFO: [ app_init ] --END-- [ RunTime:0.000215s ]

[ 2017-12-10T14:48:06+08:00 ] ::1 /sss/index.php/Admin/Manage/addhonor.html
INFO: [ app_init ] --START--
INFO: Run Behavior\BuildLiteBehavior [ RunTime:0.000009s ]
INFO: [ app_init ] --END-- [ RunTime:0.000240s ]

[ 2017-12-10T14:48:08+08:00 ] ::1 /sss/index.php/Admin/Manage/addhonor.html
INFO: [ app_init ] --START--
INFO: Run Behavior\BuildLiteBehavior [ RunTime:0.000010s ]
INFO: [ app_init ] --END-- [ RunTime:0.000435s ]

[ 2017-12-10T14:48:47+08:00 ] ::1 /sss/index.php/Admin/Manage/addhonor.html
INFO: [ app_init ] --START--
INFO: Run Behavior\BuildLiteBehavior [ RunTime:0.000012s ]
INFO: [ app_init ] --END-- [ RunTime:0.000315s ]

[ 2017-12-10T14:49:09+08:00 ] ::1 /sss/index.php/Admin/Manage/addhonor.html
INFO: [ app_init ] --START--
INFO: Run Behavior\BuildLiteBehavior [ RunTime:0.000009s ]
INFO: [ app_init ] --END-- [ RunTime:0.000215s ]

[ 2017-12-10T14:49:40+08:00 ] ::1 /sss/index.php/Admin/Manage/addhonor.html
INFO: [ app_init ] --START--
INFO: Run Behavior\BuildLiteBehavior [ RunTime:0.000012s ]
INFO: [ app_init ] --END-- [ RunTime:0.000230s ]

[ 2017-12-10T14:49:58+08:00 ] ::1 /sss/index.php/Admin/Manage/addhonor.html
INFO: [ app_init ] --START--
INFO: Run Behavior\BuildLiteBehavior [ RunTime:0.000010s ]
INFO: [ app_init ] --END-- [ RunTime:0.000278s ]

[ 2017-12-10T14:50:19+08:00 ] ::1 /sss/index.php/Admin/Manage/addhonor.html
INFO: [ app_init ] --START--
INFO: Run Behavior\BuildLiteBehavior [ RunTime:0.000009s ]
INFO: [ app_init ] --END-- [ RunTime:0.000268s ]

[ 2017-12-10T14:50:39+08:00 ] ::1 /sss/index.php/Admin/Manage/addhonor.html
INFO: [ app_init ] --START--
INFO: Run Behavior\BuildLiteBehavior [ RunTime:0.000008s ]
INFO: [ app_init ] --END-- [ RunTime:0.000216s ]

[ 2017-12-10T14:50:51+08:00 ] ::1 /sss/index.php/Admin/Manage/addhonor.html
INFO: [ app_init ] --START--
INFO: Run Behavior\BuildLiteBehavior [ RunTime:0.000009s ]
INFO: [ app_init ] --END-- [ RunTime:0.000227s ]

[ 2017-12-10T14:51:19+08:00 ] ::1 /sss/index.php/Admin/Manage/addhonor.html
INFO: [ app_init ] --START--
INFO: Run Behavior\BuildLiteBehavior [ RunTime:0.000014s ]
INFO: [ app_init ] --END-- [ RunTime:0.000526s ]

[ 2017-12-10T14:51:37+08:00 ] ::1 /sss/index.php/Admin/Manage/addhonor.html
INFO: [ app_init ] --START--
INFO: Run Behavior\BuildLiteBehavior [ RunTime:0.000009s ]
INFO: [ app_init ] --END-- [ RunTime:0.000262s ]

[ 2017-12-10T14:51:57+08:00 ] ::1 /sss/index.php/Admin/Manage/addhonor.html
INFO: [ app_init ] --START--
INFO: Run Behavior\BuildLiteBehavior [ RunTime:0.000009s ]
INFO: [ app_init ] --END-- [ RunTime:0.000225s ]

[ 2017-12-10T14:52:33+08:00 ] ::1 /sss/index.php/Admin/Manage/addhonor.html
INFO: [ app_init ] --START--
INFO: Run Behavior\BuildLiteBehavior [ RunTime:0.000013s ]
INFO: [ app_init ] --END-- [ RunTime:0.000351s ]

[ 2017-12-10T14:52:49+08:00 ] ::1 /sss/index.php/Admin/Manage/addhonor.html
INFO: [ app_init ] --START--
INFO: Run Behavior\BuildLiteBehavior [ RunTime:0.000007s ]
INFO: [ app_init ] --END-- [ RunTime:0.000220s ]

[ 2017-12-10T14:53:12+08:00 ] ::1 /sss/index.php/Admin/Manage/addhonor.html
INFO: [ app_init ] --START--
INFO: Run Behavior\BuildLiteBehavior [ RunTime:0.000008s ]
INFO: [ app_init ] --END-- [ RunTime:0.000238s ]

[ 2017-12-10T14:53:42+08:00 ] ::1 /sss/index.php/Admin/Manage/addhonor.html
INFO: [ app_init ] --START--
INFO: Run Behavior\BuildLiteBehavior [ RunTime:0.000017s ]
INFO: [ app_init ] --END-- [ RunTime:0.000269s ]

[ 2017-12-10T14:53:55+08:00 ] ::1 /sss/index.php/Admin/Manage/addhonor.html
INFO: [ app_init ] --START--
INFO: Run Behavior\BuildLiteBehavior [ RunTime:0.000010s ]
INFO: [ app_init ] --END-- [ RunTime:0.000232s ]

[ 2017-12-10T14:54:16+08:00 ] ::1 /sss/index.php/Admin/Manage/addhonor.html
INFO: [ app_init ] --START--
INFO: Run Behavior\BuildLiteBehavior [ RunTime:0.000129s ]
INFO: [ app_init ] --END-- [ RunTime:0.002416s ]

[ 2017-12-10T14:54:45+08:00 ] ::1 /sss/index.php/Admin/Manage/addhonor.html
INFO: [ app_init ] --START--
INFO: Run Behavior\BuildLiteBehavior [ RunTime:0.000008s ]
INFO: [ app_init ] --END-- [ RunTime:0.000267s ]

[ 2017-12-10T14:55:07+08:00 ] ::1 /sss/index.php/Admin/Manage/addhonor.html
INFO: [ app_init ] --START--
INFO: Run Behavior\BuildLiteBehavior [ RunTime:0.000013s ]
INFO: [ app_init ] --END-- [ RunTime:0.000315s ]

[ 2017-12-10T14:55:26+08:00 ] ::1 /sss/index.php/Admin/Manage/addhonor.html
INFO: [ app_init ] --START--
INFO: Run Behavior\BuildLiteBehavior [ RunTime:0.000009s ]
INFO: [ app_init ] --END-- [ RunTime:0.000214s ]

[ 2017-12-10T14:56:27+08:00 ] ::1 /sss/index.php/Admin/Manage/addhonor.html
INFO: [ app_init ] --START--
INFO: Run Behavior\BuildLiteBehavior [ RunTime:0.000079s ]
INFO: [ app_init ] --END-- [ RunTime:0.001187s ]

[ 2017-12-10T14:56:40+08:00 ] ::1 /sss/index.php/Admin/Manage/addhonor.html
INFO: [ app_init ] --START--
INFO: Run Behavior\BuildLiteBehavior [ RunTime:0.000009s ]
INFO: [ app_init ] --END-- [ RunTime:0.000212s ]

[ 2017-12-10T14:57:23+08:00 ] ::1 /sss/index.php/Admin/Manage/addhonor.html
INFO: [ app_init ] --START--
INFO: Run Behavior\BuildLiteBehavior [ RunTime:0.000009s ]
INFO: [ app_init ] --END-- [ RunTime:0.000249s ]

[ 2017-12-10T14:58:13+08:00 ] ::1 /sss/index.php/Admin/Manage/addhonor.html
INFO: [ app_init ] --START--
INFO: Run Behavior\BuildLiteBehavior [ RunTime:0.000013s ]
INFO: [ app_init ] --END-- [ RunTime:0.000334s ]

[ 2017-12-10T14:58:35+08:00 ] ::1 /sss/index.php/Admin/Manage/addhonor.html
INFO: [ app_init ] --START--
INFO: Run Behavior\BuildLiteBehavior [ RunTime:0.000013s ]
INFO: [ app_init ] --END-- [ RunTime:0.000309s ]

[ 2017-12-10T14:58:37+08:00 ] ::1 /sss/index.php/Admin/Manage/addhonor.html
INFO: [ app_init ] --START--
INFO: Run Behavior\BuildLiteBehavior [ RunTime:0.000008s ]
INFO: [ app_init ] --END-- [ RunTime:0.000216s ]

[ 2017-12-10T14:59:10+08:00 ] ::1 /sss/index.php/Admin/Manage/addhonor.html
INFO: [ app_init ] --START--
INFO: Run Behavior\BuildLiteBehavior [ RunTime:0.000011s ]
INFO: [ app_init ] --END-- [ RunTime:0.000377s ]

[ 2017-12-10T14:59:34+08:00 ] ::1 /sss/index.php/Admin/Manage/addhonor.html
INFO: [ app_init ] --START--
INFO: Run Behavior\BuildLiteBehavior [ RunTime:0.000011s ]
INFO: [ app_init ] --END-- [ RunTime:0.000360s ]

[ 2017-12-10T15:00:09+08:00 ] ::1 /sss/index.php/Admin/Manage/addhonor.html
INFO: [ app_init ] --START--
INFO: Run Behavior\BuildLiteBehavior [ RunTime:0.000019s ]
INFO: [ app_init ] --END-- [ RunTime:0.000343s ]

[ 2017-12-10T15:00:20+08:00 ] ::1 /sss/index.php/Admin/Manage/addhonor.html
INFO: [ app_init ] --START--
INFO: Run Behavior\BuildLiteBehavior [ RunTime:0.000008s ]
INFO: [ app_init ] --END-- [ RunTime:0.000215s ]

[ 2017-12-10T15:00:42+08:00 ] ::1 /sss/index.php/Admin/Manage/addhonor.html
INFO: [ app_init ] --START--
INFO: Run Behavior\BuildLiteBehavior [ RunTime:0.000012s ]
INFO: [ app_init ] --END-- [ RunTime:0.000447s ]

[ 2017-12-10T15:00:55+08:00 ] ::1 /sss/index.php/Admin/Manage/addhonor.html
INFO: [ app_init ] --START--
INFO: Run Behavior\BuildLiteBehavior [ RunTime:0.000013s ]
INFO: [ app_init ] --END-- [ RunTime:0.000314s ]

[ 2017-12-10T15:04:28+08:00 ] ::1 /sss/index.php/Admin/Manage/addhonor.html
INFO: [ app_init ] --START--
INFO: Run Behavior\BuildLiteBehavior [ RunTime:0.000009s ]
INFO: [ app_init ] --END-- [ RunTime:0.000268s ]

[ 2017-12-10T15:04:30+08:00 ] ::1 /sss/index.php/Admin/Manage/addhonor.html
INFO: [ app_init ] --START--
INFO: Run Behavior\BuildLiteBehavior [ RunTime:0.000011s ]
INFO: [ app_init ] --END-- [ RunTime:0.000259s ]

[ 2017-12-10T15:04:37+08:00 ] ::1 /sss/index.php/Admin/Manage/del/id/14.html
INFO: [ app_init ] --START--
INFO: Run Behavior\BuildLiteBehavior [ RunTime:0.000008s ]
INFO: [ app_init ] --END-- [ RunTime:0.000214s ]

[ 2017-12-10T15:04:39+08:00 ] ::1 /sss/index.php/Admin/Manage/addhonor.html
INFO: [ app_init ] --START--
INFO: Run Behavior\BuildLiteBehavior [ RunTime:0.000012s ]
INFO: [ app_init ] --END-- [ RunTime:0.000297s ]

[ 2017-12-10T15:12:04+08:00 ] ::1 /sss/index.php/Admin/Manage/addhonor.html
INFO: [ app_init ] --START--
INFO: Run Behavior\BuildLiteBehavior [ RunTime:0.000011s ]
INFO: [ app_init ] --END-- [ RunTime:0.000337s ]

[ 2017-12-10T15:12:06+08:00 ] ::1 /sss/index.php/Admin/Manage/edit/id/13.html
INFO: [ app_init ] --START--
INFO: Run Behavior\BuildLiteBehavior [ RunTime:0.000009s ]
INFO: [ app_init ] --END-- [ RunTime:0.000233s ]

[ 2017-12-10T15:15:21+08:00 ] ::1 /sss/index.php/Admin/Manage/addhonor.html
INFO: [ app_init ] --START--
INFO: Run Behavior\BuildLiteBehavior [ RunTime:0.000014s ]
INFO: [ app_init ] --END-- [ RunTime:0.000257s ]

[ 2017-12-10T15:15:23+08:00 ] ::1 /sss/index.php/Admin/Manage/edit/id/13.html
INFO: [ app_init ] --START--
INFO: Run Behavior\BuildLiteBehavior [ RunTime:0.000009s ]
INFO: [ app_init ] --END-- [ RunTime:0.000223s ]

[ 2017-12-10T15:15:32+08:00 ] ::1 /sss/index.php/Admin/Manage/edit/id/13.html
INFO: [ app_init ] --START--
INFO: Run Behavior\BuildLiteBehavior [ RunTime:0.000011s ]
INFO: [ app_init ] --END-- [ RunTime:0.000299s ]

[ 2017-12-10T15:15:34+08:00 ] ::1 /sss/index.php/Admin/Manage/addhonor.html
INFO: [ app_init ] --START--
INFO: Run Behavior\BuildLiteBehavior [ RunTime:0.000024s ]
INFO: [ app_init ] --END-- [ RunTime:0.001198s ]

[ 2017-12-10T15:18:55+08:00 ] ::1 /sss/index.php/Admin/Manage/edit/id/13.html
INFO: [ app_init ] --START--
INFO: Run Behavior\BuildLiteBehavior [ RunTime:0.000015s ]
INFO: [ app_init ] --END-- [ RunTime:0.000417s ]

[ 2017-12-10T15:19:05+08:00 ] ::1 /sss/index.php/Admin/Manage/edit/id/13.html
INFO: [ app_init ] --START--
INFO: Run Behavior\BuildLiteBehavior [ RunTime:0.000008s ]
INFO: [ app_init ] --END-- [ RunTime:0.000212s ]

[ 2017-12-10T15:19:07+08:00 ] ::1 /sss/index.php/Admin/Manage/addhonor.html
INFO: [ app_init ] --START--
INFO: Run Behavior\BuildLiteBehavior [ RunTime:0.000013s ]
INFO: [ app_init ] --END-- [ RunTime:0.000314s ]

[ 2017-12-10T15:19:13+08:00 ] ::1 /sss/index.php/Admin/Student/add.html
INFO: [ app_init ] --START--
INFO: Run Behavior\BuildLiteBehavior [ RunTime:0.000009s ]
INFO: [ app_init ] --END-- [ RunTime:0.000243s ]

[ 2017-12-10T15:19:16+08:00 ] ::1 /sss/index.php/Admin/Student/manage.html
INFO: [ app_init ] --START--
INFO: Run Behavior\BuildLiteBehavior [ RunTime:0.000009s ]
INFO: [ app_init ] --END-- [ RunTime:0.000212s ]

[ 2017-12-10T15:19:18+08:00 ] ::1 /sss/index.php/Admin/Teacher/teacher_add.html
INFO: [ app_init ] --START--
INFO: Run Behavior\BuildLiteBehavior [ RunTime:0.000013s ]
INFO: [ app_init ] --END-- [ RunTime:0.000317s ]

[ 2017-12-10T15:19:21+08:00 ] ::1 /sss/index.php/Admin/Teacher/teacher_list.html
INFO: [ app_init ] --START--
INFO: Run Behavior\BuildLiteBehavior [ RunTime:0.000010s ]
INFO: [ app_init ] --END-- [ RunTime:0.000288s ]

[ 2017-12-10T15:19:23+08:00 ] ::1 /sss/index.php/Admin/Student/add.html
INFO: [ app_init ] --START--
INFO: Run Behavior\BuildLiteBehavior [ RunTime:0.000014s ]
INFO: [ app_init ] --END-- [ RunTime:0.000248s ]

[ 2017-12-10T15:19:25+08:00 ] ::1 /sss/index.php/Admin/Student/manage.html
INFO: [ app_init ] --START--
INFO: Run Behavior\BuildLiteBehavior [ RunTime:0.000013s ]
INFO: [ app_init ] --END-- [ RunTime:0.000300s ]

[ 2017-12-10T15:19:26+08:00 ] ::1 /sss/index.php/Admin/Teacher/teacher_add.html
INFO: [ app_init ] --START--
INFO: Run Behavior\BuildLiteBehavior [ RunTime:0.000007s ]
INFO: [ app_init ] --END-- [ RunTime:0.000209s ]

[ 2017-12-10T15:19:29+08:00 ] ::1 /sss/index.php/Admin/Teacher/teacher_list.html
INFO: [ app_init ] --START--
INFO: Run Behavior\BuildLiteBehavior [ RunTime:0.000008s ]
INFO: [ app_init ] --END-- [ RunTime:0.000209s ]

[ 2017-12-10T15:19:31+08:00 ] ::1 /sss/index.php/Admin/Teacher/teacher_add.html
INFO: [ app_init ] --START--
INFO: Run Behavior\BuildLiteBehavior [ RunTime:0.000008s ]
INFO: [ app_init ] --END-- [ RunTime:0.000211s ]

[ 2017-12-10T15:19:34+08:00 ] ::1 /sss/index.php/Admin/Teacher/teacher_list.html
INFO: [ app_init ] --START--
INFO: Run Behavior\BuildLiteBehavior [ RunTime:0.000011s ]
INFO: [ app_init ] --END-- [ RunTime:0.000297s ]

[ 2017-12-10T15:19:35+08:00 ] ::1 /sss/index.php/Admin/Teacher/teacher_add.html
INFO: [ app_init ] --START--
INFO: Run Behavior\BuildLiteBehavior [ RunTime:0.000012s ]
INFO: [ app_init ] --END-- [ RunTime:0.000318s ]

[ 2017-12-10T15:20:28+08:00 ] ::1 /sss/index.php/Admin/Student/manage.html
INFO: [ app_init ] --START--
INFO: Run Behavior\BuildLiteBehavior [ RunTime:0.000009s ]
INFO: [ app_init ] --END-- [ RunTime:0.000248s ]

[ 2017-12-10T15:20:29+08:00 ] ::1 /sss/index.php/Admin/Teacher/teacher_list.html
INFO: [ app_init ] --START--
INFO: Run Behavior\BuildLiteBehavior [ RunTime:0.000010s ]
INFO: [ app_init ] --END-- [ RunTime:0.000321s ]

[ 2017-12-10T15:20:30+08:00 ] ::1 /sss/index.php/Admin/Teacher/teacher_add.html
INFO: [ app_init ] --START--
INFO: Run Behavior\BuildLiteBehavior [ RunTime:0.000009s ]
INFO: [ app_init ] --END-- [ RunTime:0.000280s ]

[ 2017-12-10T15:20:31+08:00 ] ::1 /sss/index.php/Admin/Teacher/teacher_add.html
INFO: [ app_init ] --START--
INFO: Run Behavior\BuildLiteBehavior [ RunTime:0.000009s ]
INFO: [ app_init ] --END-- [ RunTime:0.000259s ]

[ 2017-12-10T18:33:44+08:00 ] ::1 /sss/index.php/Admin/Manage/addhonor.html
INFO: [ app_init ] --START--
INFO: Run Behavior\BuildLiteBehavior [ RunTime:0.000012s ]
INFO: [ app_init ] --END-- [ RunTime:0.013908s ]

[ 2017-12-10T18:33:44+08:00 ] ::1 /sss/index.php/Admin/Index/Rukou.php
INFO: [ app_init ] --START--
INFO: Run Behavior\BuildLiteBehavior [ RunTime:0.000008s ]
INFO: [ app_init ] --END-- [ RunTime:0.000209s ]
ERR: 非法操作:Rukou.php

[ 2017-12-10T18:33:47+08:00 ] ::1 /sss/index.php/Admin/Manage/addhonor.html
INFO: [ app_init ] --START--
INFO: Run Behavior\BuildLiteBehavior [ RunTime:0.000012s ]
INFO: [ app_init ] --END-- [ RunTime:0.000225s ]

[ 2017-12-10T18:33:53+08:00 ] ::1 /sss/index.php/Admin/Teacher/teacher_list.html
INFO: [ app_init ] --START--
INFO: Run Behavior\BuildLiteBehavior [ RunTime:0.000014s ]
INFO: [ app_init ] --END-- [ RunTime:0.000378s ]

[ 2017-12-10T18:33:54+08:00 ] ::1 /sss/index.php/Admin/Teacher/teacher_add.html
INFO: [ app_init ] --START--
INFO: Run Behavior\BuildLiteBehavior [ RunTime:0.000010s ]
INFO: [ app_init ] --END-- [ RunTime:0.000287s ]

[ 2017-12-10T18:33:57+08:00 ] ::1 /sss/index.php/Admin/Student/manage.html
INFO: [ app_init ] --START--
INFO: Run Behavior\BuildLiteBehavior [ RunTime:0.000011s ]
INFO: [ app_init ] --END-- [ RunTime:0.000297s ]

[ 2017-12-10T18:33:59+08:00 ] ::1 /sss/index.php/Admin/Teacher/teacher_list.html
INFO: [ app_init ] --START--
INFO: Run Behavior\BuildLiteBehavior [ RunTime:0.000007s ]
INFO: [ app_init ] --END-- [ RunTime:0.000216s ]

[ 2017-12-10T18:34:07+08:00 ] ::1 /sss/index.php/Admin/Manage/addhonor.html
INFO: [ app_init ] --START--
INFO: Run Behavior\BuildLiteBehavior [ RunTime:0.000008s ]
INFO: [ app_init ] --END-- [ RunTime:0.000230s ]

[ 2017-12-10T18:38:37+08:00 ] ::1 /sss/index.php/Admin/Manage/addhonor.html
INFO: [ app_init ] --START--
INFO: Run Behavior\BuildLiteBehavior [ RunTime:0.000013s ]
INFO: [ app_init ] --END-- [ RunTime:0.000259s ]

[ 2017-12-10T18:42:18+08:00 ] ::1 /sss/index.php/Admin/Student/manage.html
INFO: [ app_init ] --START--
INFO: Run Behavior\BuildLiteBehavior [ RunTime:0.000010s ]
INFO: [ app_init ] --END-- [ RunTime:0.000292s ]

[ 2017-12-10T18:42:20+08:00 ] ::1 /sss/index.php/Admin/Student/add.html
INFO: [ app_init ] --START--
INFO: Run Behavior\BuildLiteBehavior [ RunTime:0.000010s ]
INFO: [ app_init ] --END-- [ RunTime:0.000223s ]

[ 2017-12-10T18:42:22+08:00 ] ::1 /sss/index.php/Admin/Teacher/teacher_list.html
INFO: [ app_init ] --START--
INFO: Run Behavior\BuildLiteBehavior [ RunTime:0.000008s ]
INFO: [ app_init ] --END-- [ RunTime:0.000216s ]

[ 2017-12-10T18:42:24+08:00 ] ::1 /sss/index.php/Admin/Teacher/teacher_add.html
INFO: [ app_init ] --START--
INFO: Run Behavior\BuildLiteBehavior [ RunTime:0.000011s ]
INFO: [ app_init ] --END-- [ RunTime:0.000310s ]

[ 2017-12-10T18:43:22+08:00 ] ::1 /sss/index.php/Admin/Teacher/teacher_add.html
INFO: [ app_init ] --START--
INFO: Run Behavior\BuildLiteBehavior [ RunTime:0.000014s ]
INFO: [ app_init ] --END-- [ RunTime:0.000336s ]

[ 2017-12-10T18:43:25+08:00 ] ::1 /sss/index.php/Admin/Student/add.html
INFO: [ app_init ] --START--
INFO: Run Behavior\BuildLiteBehavior [ RunTime:0.000009s ]
INFO: [ app_init ] --END-- [ RunTime:0.000258s ]

[ 2017-12-10T18:43:28+08:00 ] ::1 /sss/index.php/Admin/Teacher/teacher_add.html
INFO: [ app_init ] --START--
INFO: Run Behavior\BuildLiteBehavior [ RunTime:0.000009s ]
INFO: [ app_init ] --END-- [ RunTime:0.000224s ]

[ 2017-12-10T18:43:32+08:00 ] ::1 /sss/index.php/Admin/Student/add.html
INFO: [ app_init ] --START--
INFO: Run Behavior\BuildLiteBehavior [ RunTime:0.000009s ]
INFO: [ app_init ] --END-- [ RunTime:0.000216s ]

[ 2017-12-10T18:43:34+08:00 ] ::1 /sss/index.php/Admin/Teacher/teacher_add.html
INFO: [ app_init ] --START--
INFO: Run Behavior\BuildLiteBehavior [ RunTime:0.000011s ]
INFO: [ app_init ] --END-- [ RunTime:0.000299s ]

[ 2017-12-10T18:43:37+08:00 ] ::1 /sss/index.php/Admin/Student/add.html
INFO: [ app_init ] --START--
INFO: Run Behavior\BuildLiteBehavior [ RunTime:0.000012s ]
INFO: [ app_init ] --END-- [ RunTime:0.000279s ]

[ 2017-12-10T18:43:55+08:00 ] ::1 /sss/index.php/Admin/Student/add.html
INFO: [ app_init ] --START--
INFO: Run Behavior\BuildLiteBehavior [ RunTime:0.000008s ]
INFO: [ app_init ] --END-- [ RunTime:0.000226s ]

[ 2017-12-10T18:43:56+08:00 ] ::1 /sss/index.php/Admin/Teacher/teacher_add.html
INFO: [ app_init ] --START--
INFO: Run Behavior\BuildLiteBehavior [ RunTime:0.000017s ]
INFO: [ app_init ] --END-- [ RunTime:0.000563s ]

[ 2017-12-10T18:43:59+08:00 ] ::1 /sss/index.php/Admin/Teacher/teacher_add.html
INFO: [ app_init ] --START--
INFO: Run Behavior\BuildLiteBehavior [ RunTime:0.000009s ]
INFO: [ app_init ] --END-- [ RunTime:0.000273s ]

[ 2017-12-10T18:44:01+08:00 ] ::1 /sss/index.php/Admin/Student/add.html
INFO: [ app_init ] --START--
INFO: Run Behavior\BuildLiteBehavior [ RunTime:0.000012s ]
INFO: [ app_init ] --END-- [ RunTime:0.000313s ]

[ 2017-12-10T18:44:29+08:00 ] ::1 /sss/index.php/Admin/Teacher/teacher_add.html
INFO: [ app_init ] --START--
INFO: Run Behavior\BuildLiteBehavior [ RunTime:0.000011s ]
INFO: [ app_init ] --END-- [ RunTime:0.000470s ]

[ 2017-12-10T18:44:32+08:00 ] ::1 /sss/index.php/Admin/Student/add.html
INFO: [ app_init ] --START--
INFO: Run Behavior\BuildLiteBehavior [ RunTime:0.000011s ]
INFO: [ app_init ] --END-- [ RunTime:0.000231s ]

[ 2017-12-10T18:44:34+08:00 ] ::1 /sss/index.php/Admin/Student/add.html
INFO: [ app_init ] --START--
INFO: Run Behavior\BuildLiteBehavior [ RunTime:0.000008s ]
INFO: [ app_init ] --END-- [ RunTime:0.000213s ]

[ 2017-12-10T18:44:50+08:00 ] ::1 /sss/index.php/Admin/Teacher/teacher_add.html
INFO: [ app_init ] --START--
INFO: Run Behavior\BuildLiteBehavior [ RunTime:0.000009s ]
INFO: [ app_init ] --END-- [ RunTime:0.000249s ]

[ 2017-12-10T18:44:53+08:00 ] ::1 /sss/index.php/Admin/Student/add.html
INFO: [ app_init ] --START--
INFO: Run Behavior\BuildLiteBehavior [ RunTime:0.000013s ]
INFO: [ app_init ] --END-- [ RunTime:0.000404s ]

[ 2017-12-10T18:44:56+08:00 ] ::1 /sss/index.php/Admin/Teacher/teacher_add.html
INFO: [ app_init ] --START--
INFO: Run Behavior\BuildLiteBehavior [ RunTime:0.000007s ]
INFO: [ app_init ] --END-- [ RunTime:0.000219s ]

[ 2017-12-10T18:45:01+08:00 ] ::1 /sss/index.php/Admin/Student/add.html
INFO: [ app_init ] --START--
INFO: Run Behavior\BuildLiteBehavior [ RunTime:0.000012s ]
INFO: [ app_init ] --END-- [ RunTime:0.000325s ]

[ 2017-12-10T18:45:04+08:00 ] ::1 /sss/index.php/Admin/Teacher/teacher_list.html
INFO: [ app_init ] --START--
INFO: Run Behavior\BuildLiteBehavior [ RunTime:0.000008s ]
INFO: [ app_init ] --END-- [ RunTime:0.000222s ]

[ 2017-12-10T18:47:08+08:00 ] ::1 /sss/index.php/Admin/Teacher/teacher_add.html
INFO: [ app_init ] --START--
INFO: Run Behavior\BuildLiteBehavior [ RunTime:0.000009s ]
INFO: [ app_init ] --END-- [ RunTime:0.000299s ]

[ 2017-12-10T18:47:09+08:00 ] ::1 /sss/index.php/Admin/Teacher/teacher_add.html
INFO: [ app_init ] --START--
INFO: Run Behavior\BuildLiteBehavior [ RunTime:0.000009s ]
INFO: [ app_init ] --END-- [ RunTime:0.000263s ]

[ 2017-12-10T18:47:22+08:00 ] ::1 /sss/index.php/Admin/Teacher/teacher_add.html
INFO: [ app_init ] --START--
INFO: Run Behavior\BuildLiteBehavior [ RunTime:0.000008s ]
INFO: [ app_init ] --END-- [ RunTime:0.000275s ]

[ 2017-12-10T18:47:23+08:00 ] ::1 /sss/index.php/Admin/Teacher/teacher_add.html
INFO: [ app_init ] --START--
INFO: Run Behavior\BuildLiteBehavior [ RunTime:0.000020s ]
INFO: [ app_init ] --END-- [ RunTime:0.000238s ]

[ 2017-12-10T18:47:42+08:00 ] ::1 /sss/index.php/Admin/Teacher/teacher_add.html
INFO: [ app_init ] --START--
INFO: Run Behavior\BuildLiteBehavior [ RunTime:0.000011s ]
INFO: [ app_init ] --END-- [ RunTime:0.000306s ]

[ 2017-12-10T18:47:43+08:00 ] ::1 /sss/index.php/Admin/Teacher/teacher_add.html
INFO: [ app_init ] --START--
INFO: Run Behavior\BuildLiteBehavior [ RunTime:0.000008s ]
INFO: [ app_init ] --END-- [ RunTime:0.000223s ]

[ 2017-12-10T18:48:52+08:00 ] ::1 /sss/index.php/Admin/Teacher/teacher_add.html
INFO: [ app_init ] --START--
INFO: Run Behavior\BuildLiteBehavior [ RunTime:0.000008s ]
INFO: [ app_init ] --END-- [ RunTime:0.000212s ]

[ 2017-12-10T18:48:53+08:00 ] ::1 /sss/index.php/Admin/Teacher/teacher_add.html
INFO: [ app_init ] --START--
INFO: Run Behavior\BuildLiteBehavior [ RunTime:0.000009s ]
INFO: [ app_init ] --END-- [ RunTime:0.000244s ]

[ 2017-12-10T18:48:54+08:00 ] ::1 /sss/index.php/Admin/Teacher/teacher_add.html
INFO: [ app_init ] --START--
INFO: Run Behavior\BuildLiteBehavior [ RunTime:0.000009s ]
INFO: [ app_init ] --END-- [ RunTime:0.000212s ]

[ 2017-12-10T18:50:24+08:00 ] ::1 /sss/index.php/Admin/Teacher/teacher_add.html
INFO: [ app_init ] --START--
INFO: Run Behavior\BuildLiteBehavior [ RunTime:0.000048s ]
INFO: [ app_init ] --END-- [ RunTime:0.000593s ]

[ 2017-12-10T18:50:40+08:00 ] ::1 /sss/index.php/Admin/Teacher/teacher_add.html
INFO: [ app_init ] --START--
INFO: Run Behavior\BuildLiteBehavior [ RunTime:0.000010s ]
INFO: [ app_init ] --END-- [ RunTime:0.000250s ]

[ 2017-12-10T18:50:50+08:00 ] ::1 /sss/index.php/Admin/Student/add.html
INFO: [ app_init ] --START--
INFO: Run Behavior\BuildLiteBehavior [ RunTime:0.000010s ]
INFO: [ app_init ] --END-- [ RunTime:0.000240s ]

[ 2017-12-10T18:50:52+08:00 ] ::1 /sss/index.php/Admin/Teacher/teacher_add.html
INFO: [ app_init ] --START--
INFO: Run Behavior\BuildLiteBehavior [ RunTime:0.000012s ]
INFO: [ app_init ] --END-- [ RunTime:0.000300s ]

[ 2017-12-10T18:50:57+08:00 ] ::1 /sss/index.php/Admin/Student/add.html
INFO: [ app_init ] --START--
INFO: Run Behavior\BuildLiteBehavior [ RunTime:0.000015s ]
INFO: [ app_init ] --END-- [ RunTime:0.000259s ]

[ 2017-12-10T18:50:59+08:00 ] ::1 /sss/index.php/Admin/Teacher/teacher_add.html
INFO: [ app_init ] --START--
INFO: Run Behavior\BuildLiteBehavior [ RunTime:0.000008s ]
INFO: [ app_init ] --END-- [ RunTime:0.000211s ]

[ 2017-12-10T18:51:06+08:00 ] ::1 /sss/index.php/Admin/Student/manage.html
INFO: [ app_init ] --START--
INFO: Run Behavior\BuildLiteBehavior [ RunTime:0.000015s ]
INFO: [ app_init ] --END-- [ RunTime:0.000442s ]

[ 2017-12-10T18:51:08+08:00 ] ::1 /sss/index.php/Admin/Teacher/teacher_list.html
INFO: [ app_init ] --START--
INFO: Run Behavior\BuildLiteBehavior [ RunTime:0.000047s ]
INFO: [ app_init ] --END-- [ RunTime:0.000504s ]

[ 2017-12-10T18:51:09+08:00 ] ::1 /sss/index.php/Admin/Teacher/teacher_add.html
INFO: [ app_init ] --START--
INFO: Run Behavior\BuildLiteBehavior [ RunTime:0.000011s ]
INFO: [ app_init ] --END-- [ RunTime:0.000296s ]

[ 2017-12-10T18:51:12+08:00 ] ::1 /sss/index.php/Admin/Student/add.html
INFO: [ app_init ] --START--
INFO: Run Behavior\BuildLiteBehavior [ RunTime:0.000009s ]
INFO: [ app_init ] --END-- [ RunTime:0.000239s ]

[ 2017-12-10T18:53:10+08:00 ] ::1 /sss/index.php/Admin/Teacher/teacher_add.html
INFO: [ app_init ] --START--
INFO: Run Behavior\BuildLiteBehavior [ RunTime:0.000009s ]
INFO: [ app_init ] --END-- [ RunTime:0.000248s ]

[ 2017-12-10T18:53:13+08:00 ] ::1 /sss/index.php/Admin/Student/add.html
INFO: [ app_init ] --START--
INFO: Run Behavior\BuildLiteBehavior [ RunTime:0.000008s ]
INFO: [ app_init ] --END-- [ RunTime:0.000220s ]

[ 2017-12-10T18:53:14+08:00 ] ::1 /sss/index.php/Admin/Student/add.html
INFO: [ app_init ] --START--
INFO: Run Behavior\BuildLiteBehavior [ RunTime:0.000008s ]
INFO: [ app_init ] --END-- [ RunTime:0.000249s ]

[ 2017-12-10T18:53:15+08:00 ] ::1 /sss/index.php/Admin/Student/add.html
INFO: [ app_init ] --START--
INFO: Run Behavior\BuildLiteBehavior [ RunTime:0.000009s ]
INFO: [ app_init ] --END-- [ RunTime:0.000239s ]

[ 2017-12-10T18:53:17+08:00 ] ::1 /sss/index.php/Admin/Teacher/teacher_add.html
INFO: [ app_init ] --START--
INFO: Run Behavior\BuildLiteBehavior [ RunTime:0.000009s ]
INFO: [ app_init ] --END-- [ RunTime:0.000272s ]

[ 2017-12-10T18:53:32+08:00 ] ::1 /sss/index.php/Admin/Student/add.html
INFO: [ app_init ] --START--
INFO: Run Behavior\BuildLiteBehavior [ RunTime:0.000009s ]
INFO: [ app_init ] --END-- [ RunTime:0.000224s ]

[ 2017-12-10T18:53:35+08:00 ] ::1 /sss/index.php/Admin/Teacher/teacher_add.html
INFO: [ app_init ] --START--
INFO: Run Behavior\BuildLiteBehavior [ RunTime:0.000008s ]
INFO: [ app_init ] --END-- [ RunTime:0.000208s ]

[ 2017-12-10T18:53:36+08:00 ] ::1 /sss/index.php/Admin/Teacher/teacher_add.html
INFO: [ app_init ] --START--
INFO: Run Behavior\BuildLiteBehavior [ RunTime:0.000009s ]
INFO: [ app_init ] --END-- [ RunTime:0.000275s ]

[ 2017-12-10T18:53:36+08:00 ] ::1 /sss/index.php/Admin/Teacher/teacher_add.html
INFO: [ app_init ] --START--
INFO: Run Behavior\BuildLiteBehavior [ RunTime:0.000008s ]
INFO: [ app_init ] --END-- [ RunTime:0.000236s ]

[ 2017-12-10T18:53:37+08:00 ] ::1 /sss/index.php/Admin/Teacher/teacher_add.html
INFO: [ app_init ] --START--
INFO: Run Behavior\BuildLiteBehavior [ RunTime:0.000009s ]
INFO: [ app_init ] --END-- [ RunTime:0.000237s ]

[ 2017-12-10T18:53:37+08:00 ] ::1 /sss/index.php/Admin/Teacher/teacher_add.html
INFO: [ app_init ] --START--
INFO: Run Behavior\BuildLiteBehavior [ RunTime:0.000008s ]
INFO: [ app_init ] --END-- [ RunTime:0.000220s ]

[ 2017-12-10T18:54:08+08:00 ] ::1 /sss/index.php/Admin/Student/add.html
INFO: [ app_init ] --START--
INFO: Run Behavior\BuildLiteBehavior [ RunTime:0.000008s ]
INFO: [ app_init ] --END-- [ RunTime:0.000213s ]

[ 2017-12-10T18:54:08+08:00 ] ::1 /sss/index.php/Admin/Teacher/teacher_add.html
INFO: [ app_init ] --START--
INFO: Run Behavior\BuildLiteBehavior [ RunTime:0.000010s ]
INFO: [ app_init ] --END-- [ RunTime:0.000276s ]

[ 2017-12-10T18:54:10+08:00 ] ::1 /sss/index.php/Admin/Teacher/teacher_add.html
INFO: [ app_init ] --START--
INFO: Run Behavior\BuildLiteBehavior [ RunTime:0.000009s ]
INFO: [ app_init ] --END-- [ RunTime:0.000226s ]

[ 2017-12-10T18:54:12+08:00 ] ::1 /sss/index.php/Admin/Teacher/teacher_add.html
INFO: [ app_init ] --START--
INFO: Run Behavior\BuildLiteBehavior [ RunTime:0.000008s ]
INFO: [ app_init ] --END-- [ RunTime:0.000218s ]

[ 2017-12-10T18:54:28+08:00 ] ::1 /sss/index.php/Admin/Teacher/teacher_add.html
INFO: [ app_init ] --START--
INFO: Run Behavior\BuildLiteBehavior [ RunTime:0.000008s ]
INFO: [ app_init ] --END-- [ RunTime:0.000215s ]

[ 2017-12-10T18:54:31+08:00 ] ::1 /sss/index.php/Admin/Student/add.html
INFO: [ app_init ] --START--
INFO: Run Behavior\BuildLiteBehavior [ RunTime:0.000021s ]
INFO: [ app_init ] --END-- [ RunTime:0.000390s ]

[ 2017-12-10T18:54:35+08:00 ] ::1 /sss/index.php/Admin/Teacher/teacher_add.html
INFO: [ app_init ] --START--
INFO: Run Behavior\BuildLiteBehavior [ RunTime:0.000009s ]
INFO: [ app_init ] --END-- [ RunTime:0.000265s ]

[ 2017-12-10T18:54:53+08:00 ] ::1 /sss/index.php/Admin/Teacher/teacher_add.html
INFO: [ app_init ] --START--
INFO: Run Behavior\BuildLiteBehavior [ RunTime:0.000015s ]
INFO: [ app_init ] --END-- [ RunTime:0.000471s ]

[ 2017-12-10T18:54:57+08:00 ] ::1 /sss/index.php/Admin/Student/add.html
INFO: [ app_init ] --START--
INFO: Run Behavior\BuildLiteBehavior [ RunTime:0.000010s ]
INFO: [ app_init ] --END-- [ RunTime:0.000242s ]

[ 2017-12-10T18:55:05+08:00 ] ::1 /sss/index.php/Admin/Teacher/teacher_add.html
INFO: [ app_init ] --START--
INFO: Run Behavior\BuildLiteBehavior [ RunTime:0.000008s ]
INFO: [ app_init ] --END-- [ RunTime:0.000213s ]

[ 2017-12-10T18:55:06+08:00 ] ::1 /sss/index.php/Admin/Teacher/teacher_add.html
INFO: [ app_init ] --START--
INFO: Run Behavior\BuildLiteBehavior [ RunTime:0.000009s ]
INFO: [ app_init ] --END-- [ RunTime:0.000228s ]

[ 2017-12-10T18:55:08+08:00 ] ::1 /sss/index.php/Admin/Student/add.html
INFO: [ app_init ] --START--
INFO: Run Behavior\BuildLiteBehavior [ RunTime:0.000009s ]
INFO: [ app_init ] --END-- [ RunTime:0.000223s ]

[ 2017-12-10T18:55:23+08:00 ] ::1 /sss/index.php/Admin/Teacher/teacher_add.html
INFO: [ app_init ] --START--
INFO: Run Behavior\BuildLiteBehavior [ RunTime:0.000008s ]
INFO: [ app_init ] --END-- [ RunTime:0.000251s ]

[ 2017-12-10T18:55:24+08:00 ] ::1 /sss/index.php/Admin/Teacher/teacher_add.html
INFO: [ app_init ] --START--
INFO: Run Behavior\BuildLiteBehavior [ RunTime:0.000011s ]
INFO: [ app_init ] --END-- [ RunTime:0.000289s ]

[ 2017-12-10T18:55:33+08:00 ] ::1 /sss/index.php/Admin/Teacher/teacher_add.html
INFO: [ app_init ] --START--
INFO: Run Behavior\BuildLiteBehavior [ RunTime:0.000011s ]
INFO: [ app_init ] --END-- [ RunTime:0.000243s ]

[ 2017-12-10T18:55:51+08:00 ] ::1 /sss/index.php/Admin/Teacher/teacher_add.html
INFO: [ app_init ] --START--
INFO: Run Behavior\BuildLiteBehavior [ RunTime:0.000009s ]
INFO: [ app_init ] --END-- [ RunTime:0.000237s ]

[ 2017-12-10T18:55:51+08:00 ] ::1 /sss/index.php/Admin/Teacher/teacher_add.html
INFO: [ app_init ] --START--
INFO: Run Behavior\BuildLiteBehavior [ RunTime:0.000011s ]
INFO: [ app_init ] --END-- [ RunTime:0.000273s ]

[ 2017-12-10T18:55:53+08:00 ] ::1 /sss/index.php/Admin/Index/admin.html
INFO: [ app_init ] --START--
INFO: Run Behavior\BuildLiteBehavior [ RunTime:0.000011s ]
INFO: [ app_init ] --END-- [ RunTime:0.000370s ]

[ 2017-12-10T18:55:53+08:00 ] ::1 /sss/index.php/Admin/Index/main.html
INFO: [ app_init ] --START--
INFO: Run Behavior\BuildLiteBehavior [ RunTime:0.000009s ]
INFO: [ app_init ] --END-- [ RunTime:0.000223s ]

[ 2017-12-10T18:55:54+08:00 ] ::1 /sss/index.php/Admin/Teacher/teacher_add.html
INFO: [ app_init ] --START--
INFO: Run Behavior\BuildLiteBehavior [ RunTime:0.000011s ]
INFO: [ app_init ] --END-- [ RunTime:0.000279s ]

[ 2017-12-10T18:55:56+08:00 ] ::1 /sss/index.php/Admin/Student/add.html
INFO: [ app_init ] --START--
INFO: Run Behavior\BuildLiteBehavior [ RunTime:0.000016s ]
INFO: [ app_init ] --END-- [ RunTime:0.000228s ]

[ 2017-12-10T18:56:10+08:00 ] ::1 /sss/index.php/Admin/Teacher/teacher_add.html
INFO: [ app_init ] --START--
INFO: Run Behavior\BuildLiteBehavior [ RunTime:0.000009s ]
INFO: [ app_init ] --END-- [ RunTime:0.000216s ]

[ 2017-12-10T18:56:11+08:00 ] ::1 /sss/index.php/Admin/Teacher/teacher_add.html
INFO: [ app_init ] --START--
INFO: Run Behavior\BuildLiteBehavior [ RunTime:0.000008s ]
INFO: [ app_init ] --END-- [ RunTime:0.000236s ]

[ 2017-12-10T18:56:13+08:00 ] ::1 /sss/index.php/Admin/Student/add.html
INFO: [ app_init ] --START--
INFO: Run Behavior\BuildLiteBehavior [ RunTime:0.000009s ]
INFO: [ app_init ] --END-- [ RunTime:0.000238s ]

[ 2017-12-10T18:56:14+08:00 ] ::1 /sss/index.php/Admin/Student/add.html
INFO: [ app_init ] --START--
INFO: Run Behavior\BuildLiteBehavior [ RunTime:0.000009s ]
INFO: [ app_init ] --END-- [ RunTime:0.000357s ]

[ 2017-12-10T18:56:16+08:00 ] ::1 /sss/index.php/Admin/Student/add.html
INFO: [ app_init ] --START--
INFO: Run Behavior\BuildLiteBehavior [ RunTime:0.000015s ]
INFO: [ app_init ] --END-- [ RunTime:0.000633s ]

[ 2017-12-10T18:56:19+08:00 ] ::1 /sss/index.php/Admin/Teacher/teacher_add.html
INFO: [ app_init ] --START--
INFO: Run Behavior\BuildLiteBehavior [ RunTime:0.000008s ]
INFO: [ app_init ] --END-- [ RunTime:0.000271s ]

[ 2017-12-10T18:56:43+08:00 ] ::1 /sss/index.php/Admin/Student/add.html
INFO: [ app_init ] --START--
INFO: Run Behavior\BuildLiteBehavior [ RunTime:0.000008s ]
INFO: [ app_init ] --END-- [ RunTime:0.000266s ]

[ 2017-12-10T18:56:50+08:00 ] ::1 /sss/index.php/Admin/Teacher/teacher_add.html
INFO: [ app_init ] --START--
INFO: Run Behavior\BuildLiteBehavior [ RunTime:0.000009s ]
INFO: [ app_init ] --END-- [ RunTime:0.000271s ]

[ 2017-12-10T18:56:52+08:00 ] ::1 /sss/index.php/Admin/Teacher/teacher_add.html
INFO: [ app_init ] --START--
INFO: Run Behavior\BuildLiteBehavior [ RunTime:0.000009s ]
INFO: [ app_init ] --END-- [ RunTime:0.000291s ]

[ 2017-12-10T18:57:01+08:00 ] ::1 /sss/index.php/Admin/Manage/addhonor.html
INFO: [ app_init ] --START--
INFO: Run Behavior\BuildLiteBehavior [ RunTime:0.000010s ]
INFO: [ app_init ] --END-- [ RunTime:0.000297s ]

[ 2017-12-10T19:03:15+08:00 ] ::1 /sss/index.php/Admin/Index/admin.html
INFO: [ app_init ] --START--
INFO: Run Behavior\BuildLiteBehavior [ RunTime:0.000009s ]
INFO: [ app_init ] --END-- [ RunTime:0.000282s ]

[ 2017-12-10T19:03:15+08:00 ] ::1 /sss/index.php/Admin/Index/main.html
INFO: [ app_init ] --START--
INFO: Run Behavior\BuildLiteBehavior [ RunTime:0.000019s ]
INFO: [ app_init ] --END-- [ RunTime:0.000629s ]

[ 2017-12-10T19:03:21+08:00 ] ::1 /sss/index.php/Admin/Manage/addhonor.html
INFO: [ app_init ] --START--
INFO: Run Behavior\BuildLiteBehavior [ RunTime:0.000008s ]
INFO: [ app_init ] --END-- [ RunTime:0.000267s ]

[ 2017-12-10T19:04:30+08:00 ] ::1 /sss/index.php/Admin/Manage/addhonor.html
INFO: [ app_init ] --START--
INFO: Run Behavior\BuildLiteBehavior [ RunTime:0.000009s ]
INFO: [ app_init ] --END-- [ RunTime:0.000313s ]

[ 2017-12-10T19:05:16+08:00 ] ::1 /sss/index.php/Admin/Manage/addhonor.html
INFO: [ app_init ] --START--
INFO: Run Behavior\BuildLiteBehavior [ RunTime:0.000009s ]
INFO: [ app_init ] --END-- [ RunTime:0.000265s ]

[ 2017-12-10T19:05:16+08:00 ] ::1 /sss/index.php/Admin/Index/admin.html
INFO: [ app_init ] --START--
INFO: Run Behavior\BuildLiteBehavior [ RunTime:0.000016s ]
INFO: [ app_init ] --END-- [ RunTime:0.000711s ]

[ 2017-12-10T19:05:16+08:00 ] ::1 /sss/index.php/Admin/Index/main.html
INFO: [ app_init ] --START--
INFO: Run Behavior\BuildLiteBehavior [ RunTime:0.000021s ]
INFO: [ app_init ] --END-- [ RunTime:0.000457s ]

[ 2017-12-10T19:05:19+08:00 ] ::1 /sss/index.php/Admin/Manage/addhonor.html
INFO: [ app_init ] --START--
INFO: Run Behavior\BuildLiteBehavior [ RunTime:0.000009s ]
INFO: [ app_init ] --END-- [ RunTime:0.000239s ]

[ 2017-12-10T19:05:49+08:00 ] ::1 /sss/index.php/Admin/Manage/addhonor.html
INFO: [ app_init ] --START--
INFO: Run Behavior\BuildLiteBehavior [ RunTime:0.000012s ]
INFO: [ app_init ] --END-- [ RunTime:0.000240s ]

[ 2017-12-10T19:05:50+08:00 ] ::1 /sss/index.php/Admin/Manage/addhonor.html
INFO: [ app_init ] --START--
INFO: Run Behavior\BuildLiteBehavior [ RunTime:0.000084s ]
INFO: [ app_init ] --END-- [ RunTime:0.001005s ]

[ 2017-12-10T19:06:17+08:00 ] ::1 /sss/index.php/Admin/Index/admin.html
INFO: [ app_init ] --START--
INFO: Run Behavior\BuildLiteBehavior [ RunTime:0.000009s ]
INFO: [ app_init ] --END-- [ RunTime:0.000238s ]

[ 2017-12-10T19:06:17+08:00 ] ::1 /sss/index.php/Admin/Index/main.html
INFO: [ app_init ] --START--
INFO: Run Behavior\BuildLiteBehavior [ RunTime:0.000014s ]
INFO: [ app_init ] --END-- [ RunTime:0.000424s ]

[ 2017-12-10T19:06:22+08:00 ] ::1 /sss/index.php/Admin/Manage/addhonor.html
INFO: [ app_init ] --START--
INFO: Run Behavior\BuildLiteBehavior [ RunTime:0.000010s ]
INFO: [ app_init ] --END-- [ RunTime:0.000246s ]

[ 2017-12-10T19:06:50+08:00 ] ::1 /sss/index.php/Admin/Manage/addhonor.html
INFO: [ app_init ] --START--
INFO: Run Behavior\BuildLiteBehavior [ RunTime:0.000008s ]
INFO: [ app_init ] --END-- [ RunTime:0.000220s ]

[ 2017-12-10T19:07:29+08:00 ] ::1 /sss/index.php/Admin/Manage/addhonor.html
INFO: [ app_init ] --START--
INFO: Run Behavior\BuildLiteBehavior [ RunTime:0.000010s ]
INFO: [ app_init ] --END-- [ RunTime:0.000296s ]

[ 2017-12-10T19:07:31+08:00 ] ::1 /sss/index.php/Admin/Manage/addhonor.html
INFO: [ app_init ] --START--
INFO: Run Behavior\BuildLiteBehavior [ RunTime:0.000011s ]
INFO: [ app_init ] --END-- [ RunTime:0.000262s ]

[ 2017-12-10T19:07:46+08:00 ] ::1 /sss/index.php/Admin/Manage/addhonor.html
INFO: [ app_init ] --START--
INFO: Run Behavior\BuildLiteBehavior [ RunTime:0.000009s ]
INFO: [ app_init ] --END-- [ RunTime:0.000216s ]

[ 2017-12-10T19:08:02+08:00 ] ::1 /sss/index.php/Admin/Manage/addhonor.html
INFO: [ app_init ] --START--
INFO: Run Behavior\BuildLiteBehavior [ RunTime:0.000010s ]
INFO: [ app_init ] --END-- [ RunTime:0.000289s ]

[ 2017-12-10T19:08:17+08:00 ] ::1 /sss/index.php/Admin/Manage/addhonor.html
INFO: [ app_init ] --START--
INFO: Run Behavior\BuildLiteBehavior [ RunTime:0.000013s ]
INFO: [ app_init ] --END-- [ RunTime:0.001012s ]

[ 2017-12-10T19:08:35+08:00 ] ::1 /sss/index.php/Admin/Manage/addhonor.html
INFO: [ app_init ] --START--
INFO: Run Behavior\BuildLiteBehavior [ RunTime:0.000007s ]
INFO: [ app_init ] --END-- [ RunTime:0.000211s ]

[ 2017-12-10T19:08:50+08:00 ] ::1 /sss/index.php/Admin/Manage/addhonor.html
INFO: [ app_init ] --START--
INFO: Run Behavior\BuildLiteBehavior [ RunTime:0.000008s ]
INFO: [ app_init ] --END-- [ RunTime:0.000225s ]

[ 2017-12-10T19:09:19+08:00 ] ::1 /sss/index.php/Admin/Manage/addhonor.html
INFO: [ app_init ] --START--
INFO: Run Behavior\BuildLiteBehavior [ RunTime:0.000009s ]
INFO: [ app_init ] --END-- [ RunTime:0.000294s ]

[ 2017-12-10T19:09:31+08:00 ] ::1 /sss/index.php/Admin/Manage/addhonor.html
INFO: [ app_init ] --START--
INFO: Run Behavior\BuildLiteBehavior [ RunTime:0.000008s ]
INFO: [ app_init ] --END-- [ RunTime:0.000247s ]

[ 2017-12-10T19:09:33+08:00 ] ::1 /sss/index.php/Admin/Manage/addhonor.html
INFO: [ app_init ] --START--
INFO: Run Behavior\BuildLiteBehavior [ RunTime:0.000009s ]
INFO: [ app_init ] --END-- [ RunTime:0.000216s ]

[ 2017-12-10T19:09:51+08:00 ] ::1 /sss/index.php/Admin/Manage/addhonor.html
INFO: [ app_init ] --START--
INFO: Run Behavior\BuildLiteBehavior [ RunTime:0.000009s ]
INFO: [ app_init ] --END-- [ RunTime:0.000228s ]

[ 2017-12-10T19:10:07+08:00 ] ::1 /sss/index.php/Admin/Manage/addhonor.html
INFO: [ app_init ] --START--
INFO: Run Behavior\BuildLiteBehavior [ RunTime:0.000009s ]
INFO: [ app_init ] --END-- [ RunTime:0.000212s ]

[ 2017-12-10T19:10:45+08:00 ] ::1 /sss/index.php/Admin/Manage/addhonor.html
INFO: [ app_init ] --START--
INFO: Run Behavior\BuildLiteBehavior [ RunTime:0.000015s ]
INFO: [ app_init ] --END-- [ RunTime:0.000366s ]

[ 2017-12-10T19:12:48+08:00 ] ::1 /sss/index.php/Admin/Manage/addhonor.html
INFO: [ app_init ] --START--
INFO: Run Behavior\BuildLiteBehavior [ RunTime:0.000009s ]
INFO: [ app_init ] --END-- [ RunTime:0.000245s ]

[ 2017-12-10T19:14:13+08:00 ] ::1 /sss/index.php/Admin/Manage/addhonor.html
INFO: [ app_init ] --START--
INFO: Run Behavior\BuildLiteBehavior [ RunTime:0.000012s ]
INFO: [ app_init ] --END-- [ RunTime:0.000326s ]

[ 2017-12-10T19:14:46+08:00 ] ::1 /sss/index.php/Admin/Manage/addhonor.html
INFO: [ app_init ] --START--
INFO: Run Behavior\BuildLiteBehavior [ RunTime:0.000009s ]
INFO: [ app_init ] --END-- [ RunTime:0.000242s ]

[ 2017-12-10T19:14:58+08:00 ] ::1 /sss/index.php/Admin/Manage/addhonor.html
INFO: [ app_init ] --START--
INFO: Run Behavior\BuildLiteBehavior [ RunTime:0.000009s ]
INFO: [ app_init ] --END-- [ RunTime:0.000251s ]

[ 2017-12-10T19:15:32+08:00 ] ::1 /sss/index.php/Admin/Manage/addhonor.html
INFO: [ app_init ] --START--
INFO: Run Behavior\BuildLiteBehavior [ RunTime:0.000010s ]
INFO: [ app_init ] --END-- [ RunTime:0.000253s ]

[ 2017-12-10T19:16:00+08:00 ] ::1 /sss/index.php/Admin/Manage/addhonor.html
INFO: [ app_init ] --START--
INFO: Run Behavior\BuildLiteBehavior [ RunTime:0.000009s ]
INFO: [ app_init ] --END-- [ RunTime:0.000270s ]

[ 2017-12-10T19:16:03+08:00 ] ::1 /sss/index.php/Admin/Manage/addhonor.html
INFO: [ app_init ] --START--
INFO: Run Behavior\BuildLiteBehavior [ RunTime:0.000009s ]
INFO: [ app_init ] --END-- [ RunTime:0.000311s ]

[ 2017-12-10T19:17:44+08:00 ] ::1 /sss/index.php/Admin/Manage/addhonor.html
INFO: [ app_init ] --START--
INFO: Run Behavior\BuildLiteBehavior [ RunTime:0.000008s ]
INFO: [ app_init ] --END-- [ RunTime:0.000246s ]

[ 2017-12-10T19:18:04+08:00 ] ::1 /sss/index.php/Admin/Manage/addhonor.html
INFO: [ app_init ] --START--
INFO: Run Behavior\BuildLiteBehavior [ RunTime:0.000011s ]
INFO: [ app_init ] --END-- [ RunTime:0.000337s ]

[ 2017-12-10T19:18:06+08:00 ] ::1 /sss/index.php/Admin/Manage/addhonor.html
INFO: [ app_init ] --START--
INFO: Run Behavior\BuildLiteBehavior [ RunTime:0.000013s ]
INFO: [ app_init ] --END-- [ RunTime:0.000414s ]

[ 2017-12-10T20:04:27+08:00 ] ::1 /sss/index.php/Admin/Manage/addhonor.html
INFO: [ app_init ] --START--
INFO: Run Behavior\BuildLiteBehavior [ RunTime:0.000010s ]
INFO: [ app_init ] --END-- [ RunTime:0.000310s ]

[ 2017-12-10T20:04:44+08:00 ] ::1 /sss/index.php/Admin/Manage/addhonor.html
INFO: [ app_init ] --START--
INFO: Run Behavior\BuildLiteBehavior [ RunTime:0.000008s ]
INFO: [ app_init ] --END-- [ RunTime:0.000216s ]

[ 2017-12-10T20:04:58+08:00 ] ::1 /sss/index.php/Admin/Manage/addhonor.html
INFO: [ app_init ] --START--
INFO: Run Behavior\BuildLiteBehavior [ RunTime:0.000010s ]
INFO: [ app_init ] --END-- [ RunTime:0.000247s ]

[ 2017-12-10T20:09:00+08:00 ] ::1 /sss/index.php/Admin/Manage/addhonor.html
INFO: [ app_init ] --START--
INFO: Run Behavior\BuildLiteBehavior [ RunTime:0.000011s ]
INFO: [ app_init ] --END-- [ RunTime:0.000319s ]

[ 2017-12-10T20:09:46+08:00 ] ::1 /sss/index.php/Admin/Manage/addhonor.html
INFO: [ app_init ] --START--
INFO: Run Behavior\BuildLiteBehavior [ RunTime:0.000012s ]
INFO: [ app_init ] --END-- [ RunTime:0.000309s ]

[ 2017-12-10T21:18:40+08:00 ] ::1 /sss/index.php/Admin/Manage/addhonor.html
INFO: [ app_init ] --START--
INFO: Run Behavior\BuildLiteBehavior [ RunTime:0.000010s ]
INFO: [ app_init ] --END-- [ RunTime:0.000296s ]

[ 2017-12-10T21:19:23+08:00 ] ::1 /sss/admin
INFO: [ app_init ] --START--
INFO: Run Behavior\BuildLiteBehavior [ RunTime:0.000013s ]
INFO: [ app_init ] --END-- [ RunTime:0.000354s ]

[ 2017-12-10T21:19:29+08:00 ] ::1 /sss/admin
INFO: [ app_init ] --START--
INFO: Run Behavior\BuildLiteBehavior [ RunTime:0.000218s ]
INFO: [ app_init ] --END-- [ RunTime:0.002790s ]

[ 2017-12-10T21:19:36+08:00 ] ::1 /sss/index.php/Admin/Index/login.html
INFO: [ app_init ] --START--
INFO: Run Behavior\BuildLiteBehavior [ RunTime:0.000025s ]
INFO: [ app_init ] --END-- [ RunTime:0.000769s ]
ERR: 模板不存在:./Application/Admin/View/Index/login.html

[ 2017-12-10T21:19:38+08:00 ] ::1 /sss/index.php/Admin/Index/admin.html
INFO: [ app_init ] --START--
INFO: Run Behavior\BuildLiteBehavior [ RunTime:0.000015s ]
INFO: [ app_init ] --END-- [ RunTime:0.000373s ]

[ 2017-12-10T21:19:38+08:00 ] ::1 /sss/index.php/Admin/Index/main.html
INFO: [ app_init ] --START--
INFO: Run Behavior\BuildLiteBehavior [ RunTime:0.000014s ]
INFO: [ app_init ] --END-- [ RunTime:0.000389s ]

[ 2017-12-10T21:19:40+08:00 ] ::1 /sss/index.php/Admin/Manage/addhonor.html
INFO: [ app_init ] --START--
INFO: Run Behavior\BuildLiteBehavior [ RunTime:0.000009s ]
INFO: [ app_init ] --END-- [ RunTime:0.000260s ]

[ 2017-12-10T23:02:13+08:00 ] ::1 /sss/index.php/Admin/Manage/addhonor.html
INFO: [ app_init ] --START--
INFO: Run Behavior\BuildLiteBehavior [ RunTime:0.000011s ]
INFO: [ app_init ] --END-- [ RunTime:0.000345s ]

[ 2017-12-10T23:02:14+08:00 ] ::1 /sss/index.php/Admin/Index/admin.html
INFO: [ app_init ] --START--
INFO: Run Behavior\BuildLiteBehavior [ RunTime:0.000011s ]
INFO: [ app_init ] --END-- [ RunTime:0.000313s ]

[ 2017-12-10T23:02:14+08:00 ] ::1 /sss/index.php/Admin/Index/main.html
INFO: [ app_init ] --START--
INFO: Run Behavior\BuildLiteBehavior [ RunTime:0.000016s ]
INFO: [ app_init ] --END-- [ RunTime:0.000557s ]

[ 2017-12-10T23:02:16+08:00 ] ::1 /sss/index.php/Admin/Manage/addhonor.html
INFO: [ app_init ] --START--
INFO: Run Behavior\BuildLiteBehavior [ RunTime:0.000011s ]
INFO: [ app_init ] --END-- [ RunTime:0.000368s ]

[ 2017-12-10T23:03:09+08:00 ] ::1 /sss/index.php/Admin/Manage/addhonor.html
INFO: [ app_init ] --START--
INFO: Run Behavior\BuildLiteBehavior [ RunTime:0.000012s ]
INFO: [ app_init ] --END-- [ RunTime:0.000320s ]

[ 2017-12-10T23:03:09+08:00 ] ::1 /sss/index.php/Admin/Index/admin.html
INFO: [ app_init ] --START--
INFO: Run Behavior\BuildLiteBehavior [ RunTime:0.000016s ]
INFO: [ app_init ] --END-- [ RunTime:0.000463s ]

[ 2017-12-10T23:03:09+08:00 ] ::1 /sss/index.php/Admin/Index/main.html
INFO: [ app_init ] --START--
INFO: Run Behavior\BuildLiteBehavior [ RunTime:0.000016s ]
INFO: [ app_init ] --END-- [ RunTime:0.000475s ]

[ 2017-12-10T23:03:11+08:00 ] ::1 /sss/index.php/Admin/Manage/addhonor.html
INFO: [ app_init ] --START--
INFO: Run Behavior\BuildLiteBehavior [ RunTime:0.000011s ]
INFO: [ app_init ] --END-- [ RunTime:0.000371s ]

[ 2017-12-10T23:04:25+08:00 ] ::1 /sss/index.php/Admin/Manage/addhonor.html
INFO: [ app_init ] --START--
INFO: Run Behavior\BuildLiteBehavior [ RunTime:0.000009s ]
INFO: [ app_init ] --END-- [ RunTime:0.000318s ]

[ 2017-12-10T23:04:49+08:00 ] ::1 /sss/index.php/Admin/Manage/addhonor.html
INFO: [ app_init ] --START--
INFO: Run Behavior\BuildLiteBehavior [ RunTime:0.000013s ]
INFO: [ app_init ] --END-- [ RunTime:0.000368s ]

[ 2017-12-10T23:06:55+08:00 ] ::1 /sss/index.php/Admin/Manage/addhonor.html
INFO: [ app_init ] --START--
INFO: Run Behavior\BuildLiteBehavior [ RunTime:0.000010s ]
INFO: [ app_init ] --END-- [ RunTime:0.000318s ]

[ 2017-12-10T23:07:23+08:00 ] ::1 /sss/index.php/Admin/Manage/addhonor.html
INFO: [ app_init ] --START--
INFO: Run Behavior\BuildLiteBehavior [ RunTime:0.000010s ]
INFO: [ app_init ] --END-- [ RunTime:0.000316s ]

[ 2017-12-10T23:07:44+08:00 ] ::1 /sss/index.php/Admin/Manage/addhonor.html
INFO: [ app_init ] --START--
INFO: Run Behavior\BuildLiteBehavior [ RunTime:0.000010s ]
INFO: [ app_init ] --END-- [ RunTime:0.000291s ]

[ 2017-12-10T23:08:08+08:00 ] ::1 /sss/index.php/Admin/Manage/addhonor.html
INFO: [ app_init ] --START--
INFO: Run Behavior\BuildLiteBehavior [ RunTime:0.000009s ]
INFO: [ app_init ] --END-- [ RunTime:0.000274s ]

[ 2017-12-10T23:08:23+08:00 ] ::1 /sss/index.php/Admin/Manage/addhonor.html
INFO: [ app_init ] --START--
INFO: Run Behavior\BuildLiteBehavior [ RunTime:0.000013s ]
INFO: [ app_init ] --END-- [ RunTime:0.000412s ]

[ 2017-12-10T23:08:48+08:00 ] ::1 /sss/index.php/Admin/Manage/addhonor.html
INFO: [ app_init ] --START--
INFO: Run Behavior\BuildLiteBehavior [ RunTime:0.000010s ]
INFO: [ app_init ] --END-- [ RunTime:0.000279s ]

[ 2017-12-10T23:09:31+08:00 ] ::1 /sss/index.php/Admin/Manage/addhonor.html
INFO: [ app_init ] --START--
INFO: Run Behavior\BuildLiteBehavior [ RunTime:0.000010s ]
INFO: [ app_init ] --END-- [ RunTime:0.000306s ]

[ 2017-12-10T23:09:33+08:00 ] ::1 /sss/index.php/Admin/Manage/addhonor.html
INFO: [ app_init ] --START--
INFO: Run Behavior\BuildLiteBehavior [ RunTime:0.000013s ]
INFO: [ app_init ] --END-- [ RunTime:0.000332s ]

[ 2017-12-10T23:09:49+08:00 ] ::1 /sss/index.php/Admin/Manage/addhonor.html
INFO: [ app_init ] --START--
INFO: Run Behavior\BuildLiteBehavior [ RunTime:0.000009s ]
INFO: [ app_init ] --END-- [ RunTime:0.000273s ]

[ 2017-12-10T23:10:01+08:00 ] ::1 /sss/index.php/Admin/Manage/addhonor.html
INFO: [ app_init ] --START--
INFO: Run Behavior\BuildLiteBehavior [ RunTime:0.000011s ]
INFO: [ app_init ] --END-- [ RunTime:0.000339s ]

[ 2017-12-10T23:10:26+08:00 ] ::1 /sss/index.php/Admin/Manage/addhonor.html
INFO: [ app_init ] --START--
INFO: Run Behavior\BuildLiteBehavior [ RunTime:0.000013s ]
INFO: [ app_init ] --END-- [ RunTime:0.000322s ]

[ 2017-12-10T23:10:51+08:00 ] ::1 /sss/index.php/Admin/Manage/addhonor.html
INFO: [ app_init ] --START--
INFO: Run Behavior\BuildLiteBehavior [ RunTime:0.000009s ]
INFO: [ app_init ] --END-- [ RunTime:0.000264s ]

[ 2017-12-10T23:11:10+08:00 ] ::1 /sss/index.php/Admin/Manage/addhonor.html
INFO: [ app_init ] --START--
INFO: Run Behavior\BuildLiteBehavior [ RunTime:0.000014s ]
INFO: [ app_init ] --END-- [ RunTime:0.000361s ]

[ 2017-12-10T23:11:29+08:00 ] ::1 /sss/index.php/Admin/Manage/addhonor.html
INFO: [ app_init ] --START--
INFO: Run Behavior\BuildLiteBehavior [ RunTime:0.000018s ]
INFO: [ app_init ] --END-- [ RunTime:0.000490s ]

[ 2017-12-10T23:12:09+08:00 ] ::1 /sss/index.php/Admin/Manage/addhonor.html
INFO: [ app_init ] --START--
INFO: Run Behavior\BuildLiteBehavior [ RunTime:0.000008s ]
INFO: [ app_init ] --END-- [ RunTime:0.000272s ]

[ 2017-12-10T23:12:19+08:00 ] ::1 /sss/index.php/Admin/Manage/addhonor.html
INFO: [ app_init ] --START--
INFO: Run Behavior\BuildLiteBehavior [ RunTime:0.000011s ]
INFO: [ app_init ] --END-- [ RunTime:0.000339s ]

[ 2017-12-10T23:12:21+08:00 ] ::1 /sss/index.php/Admin/Manage/addhonor.html
INFO: [ app_init ] --START--
INFO: Run Behavior\BuildLiteBehavior [ RunTime:0.000011s ]
INFO: [ app_init ] --END-- [ RunTime:0.000330s ]

[ 2017-12-10T23:12:50+08:00 ] ::1 /sss/index.php/Admin/Manage/addhonor.html
INFO: [ app_init ] --START--
INFO: Run Behavior\BuildLiteBehavior [ RunTime:0.000014s ]
INFO: [ app_init ] --END-- [ RunTime:0.000400s ]

[ 2017-12-10T23:13:27+08:00 ] ::1 /sss/index.php/Admin/Manage/addhonor.html
INFO: [ app_init ] --START--
INFO: Run Behavior\BuildLiteBehavior [ RunTime:0.000010s ]
INFO: [ app_init ] --END-- [ RunTime:0.000322s ]

[ 2017-12-10T23:13:46+08:00 ] ::1 /sss/index.php/Admin/Manage/addhonor.html
INFO: [ app_init ] --START--
INFO: Run Behavior\BuildLiteBehavior [ RunTime:0.000014s ]
INFO: [ app_init ] --END-- [ RunTime:0.000326s ]

[ 2017-12-10T23:13:57+08:00 ] ::1 /sss/index.php/Admin/Manage/addhonor.html
INFO: [ app_init ] --START--
INFO: Run Behavior\BuildLiteBehavior [ RunTime:0.000011s ]
INFO: [ app_init ] --END-- [ RunTime:0.000356s ]

[ 2017-12-10T23:14:12+08:00 ] ::1 /sss/index.php/Admin/Manage/addhonor.html
INFO: [ app_init ] --START--
INFO: Run Behavior\BuildLiteBehavior [ RunTime:0.000013s ]
INFO: [ app_init ] --END-- [ RunTime:0.000272s ]

[ 2017-12-10T23:14:41+08:00 ] ::1 /sss/index.php/Admin/Manage/addhonor.html
INFO: [ app_init ] --START--
INFO: Run Behavior\BuildLiteBehavior [ RunTime:0.000010s ]
INFO: [ app_init ] --END-- [ RunTime:0.000313s ]

[ 2017-12-10T23:14:56+08:00 ] ::1 /sss/index.php/Admin/Manage/addhonor.html
INFO: [ app_init ] --START--
INFO: Run Behavior\BuildLiteBehavior [ RunTime:0.000011s ]
INFO: [ app_init ] --END-- [ RunTime:0.000314s ]

[ 2017-12-10T23:15:04+08:00 ] ::1 /sss/index.php/Admin/Manage/addhonor.html
INFO: [ app_init ] --START--
INFO: Run Behavior\BuildLiteBehavior [ RunTime:0.000013s ]
INFO: [ app_init ] --END-- [ RunTime:0.000381s ]

[ 2017-12-10T23:15:26+08:00 ] ::1 /sss/index.php/Admin/Manage/addhonor.html
INFO: [ app_init ] --START--
INFO: Run Behavior\BuildLiteBehavior [ RunTime:0.000010s ]
INFO: [ app_init ] --END-- [ RunTime:0.000278s ]

[ 2017-12-10T23:15:28+08:00 ] ::1 /sss/index.php/Admin/Manage/addhonor.html
INFO: [ app_init ] --START--
INFO: Run Behavior\BuildLiteBehavior [ RunTime:0.000008s ]
INFO: [ app_init ] --END-- [ RunTime:0.000258s ]

[ 2017-12-10T23:15:36+08:00 ] ::1 /sss/index.php/Admin/Manage/addhonor.html
INFO: [ app_init ] --START--
INFO: Run Behavior\BuildLiteBehavior [ RunTime:0.000013s ]
INFO: [ app_init ] --END-- [ RunTime:0.000321s ]

[ 2017-12-10T23:15:50+08:00 ] ::1 /sss/index.php/Admin/Manage/addhonor.html
INFO: [ app_init ] --START--
INFO: Run Behavior\BuildLiteBehavior [ RunTime:0.000009s ]
INFO: [ app_init ] --END-- [ RunTime:0.000352s ]

[ 2017-12-10T23:15:56+08:00 ] ::1 /sss/index.php/Admin/Manage/edit/id/12.html
INFO: [ app_init ] --START--
INFO: Run Behavior\BuildLiteBehavior [ RunTime:0.000010s ]
INFO: [ app_init ] --END-- [ RunTime:0.000296s ]

[ 2017-12-10T23:16:00+08:00 ] ::1 /sss/index.php/Admin/Manage/addhonor.html
INFO: [ app_init ] --START--
INFO: Run Behavior\BuildLiteBehavior [ RunTime:0.000011s ]
INFO: [ app_init ] --END-- [ RunTime:0.000320s ]

[ 2017-12-10T23:16:06+08:00 ] ::1 /sss/index.php/Admin/Student/add.html
INFO: [ app_init ] --START--
INFO: Run Behavior\BuildLiteBehavior [ RunTime:0.000012s ]
INFO: [ app_init ] --END-- [ RunTime:0.000396s ]

[ 2017-12-10T23:16:08+08:00 ] ::1 /sss/index.php/Admin/Teacher/teacher_add.html
INFO: [ app_init ] --START--
INFO: Run Behavior\BuildLiteBehavior [ RunTime:0.000014s ]
INFO: [ app_init ] --END-- [ RunTime:0.000328s ]

[ 2017-12-10T23:16:11+08:00 ] ::1 /sss/index.php/Admin/Teacher/teacher_list.html
INFO: [ app_init ] --START--
INFO: Run Behavior\BuildLiteBehavior [ RunTime:0.000014s ]
INFO: [ app_init ] --END-- [ RunTime:0.000392s ]

