[ 2017-12-13T19:28:43+08:00 ] ::1 /sss/admin
INFO: [ app_init ] --START--
INFO: Run Behavior\BuildLiteBehavior [ RunTime:0.000044s ]
INFO: [ app_init ] --END-- [ RunTime:0.001445s ]

[ 2017-12-13T19:28:54+08:00 ] ::1 /sss/index.php/Admin/Index/login.html
INFO: [ app_init ] --START--
INFO: Run Behavior\BuildLiteBehavior [ RunTime:0.000011s ]
INFO: [ app_init ] --END-- [ RunTime:0.000306s ]
ERR: 模板不存在:./Application/Admin/View/Index/login.html

[ 2017-12-13T19:28:55+08:00 ] ::1 /sss/index.php/Admin/Index/admin.html
INFO: [ app_init ] --START--
INFO: Run Behavior\BuildLiteBehavior [ RunTime:0.000010s ]
INFO: [ app_init ] --END-- [ RunTime:0.000280s ]

[ 2017-12-13T19:28:55+08:00 ] ::1 /sss/index.php/Admin/Index/main.html
INFO: [ app_init ] --START--
INFO: Run Behavior\BuildLiteBehavior [ RunTime:0.000016s ]
INFO: [ app_init ] --END-- [ RunTime:0.000359s ]

[ 2017-12-13T19:29:01+08:00 ] ::1 /sss/index.php/Admin/Manage/addhonor.html
INFO: [ app_init ] --START--
INFO: Run Behavior\BuildLiteBehavior [ RunTime:0.000010s ]
INFO: [ app_init ] --END-- [ RunTime:0.000289s ]

[ 2017-12-13T19:43:33+08:00 ] ::1 /sss/index.php/Admin/Manage/addhonor.html
INFO: [ app_init ] --START--
INFO: Run Behavior\BuildLiteBehavior [ RunTime:0.000015s ]
INFO: [ app_init ] --END-- [ RunTime:0.000434s ]

[ 2017-12-13T19:43:36+08:00 ] ::1 /sss/index.php/Admin/Manage/addhonor.html
INFO: [ app_init ] --START--
INFO: Run Behavior\BuildLiteBehavior [ RunTime:0.000011s ]
INFO: [ app_init ] --END-- [ RunTime:0.000284s ]

[ 2017-12-13T19:43:51+08:00 ] ::1 /sss/index.php/Admin/Manage/edit/id/15.html
INFO: [ app_init ] --START--
INFO: Run Behavior\BuildLiteBehavior [ RunTime:0.000008s ]
INFO: [ app_init ] --END-- [ RunTime:0.000223s ]

[ 2017-12-13T19:43:59+08:00 ] ::1 /sss/index.php/Admin/Manage/edit/id/15.html
INFO: [ app_init ] --START--
INFO: Run Behavior\BuildLiteBehavior [ RunTime:0.000011s ]
INFO: [ app_init ] --END-- [ RunTime:0.000326s ]

[ 2017-12-13T19:44:01+08:00 ] ::1 /sss/index.php/Admin/Manage/addhonor.html
INFO: [ app_init ] --START--
INFO: Run Behavior\BuildLiteBehavior [ RunTime:0.000016s ]
INFO: [ app_init ] --END-- [ RunTime:0.000408s ]

[ 2017-12-13T19:44:05+08:00 ] ::1 /sss/index.php/Admin/Manage/edit/id/14.html
INFO: [ app_init ] --START--
INFO: Run Behavior\BuildLiteBehavior [ RunTime:0.000010s ]
INFO: [ app_init ] --END-- [ RunTime:0.000277s ]

[ 2017-12-13T19:44:11+08:00 ] ::1 /sss/index.php/Admin/Manage/edit/id/14.html
INFO: [ app_init ] --START--
INFO: Run Behavior\BuildLiteBehavior [ RunTime:0.000021s ]
INFO: [ app_init ] --END-- [ RunTime:0.001192s ]

[ 2017-12-13T19:44:13+08:00 ] ::1 /sss/index.php/Admin/Manage/addhonor.html
INFO: [ app_init ] --START--
INFO: Run Behavior\BuildLiteBehavior [ RunTime:0.000011s ]
INFO: [ app_init ] --END-- [ RunTime:0.000293s ]

[ 2017-12-13T19:44:17+08:00 ] ::1 /sss/index.php/Admin/Manage/edit/id/13.html
INFO: [ app_init ] --START--
INFO: Run Behavior\BuildLiteBehavior [ RunTime:0.000010s ]
INFO: [ app_init ] --END-- [ RunTime:0.000248s ]

[ 2017-12-13T19:44:23+08:00 ] ::1 /sss/index.php/Admin/Manage/edit/id/13.html
INFO: [ app_init ] --START--
INFO: Run Behavior\BuildLiteBehavior [ RunTime:0.000010s ]
INFO: [ app_init ] --END-- [ RunTime:0.000278s ]

[ 2017-12-13T19:44:25+08:00 ] ::1 /sss/index.php/Admin/Manage/addhonor.html
INFO: [ app_init ] --START--
INFO: Run Behavior\BuildLiteBehavior [ RunTime:0.000010s ]
INFO: [ app_init ] --END-- [ RunTime:0.000289s ]

[ 2017-12-13T19:44:27+08:00 ] ::1 /sss/index.php/Admin/Manage/edit/id/12.html
INFO: [ app_init ] --START--
INFO: Run Behavior\BuildLiteBehavior [ RunTime:0.000009s ]
INFO: [ app_init ] --END-- [ RunTime:0.000247s ]

[ 2017-12-13T19:44:34+08:00 ] ::1 /sss/index.php/Admin/Manage/edit/id/12.html
INFO: [ app_init ] --START--
INFO: Run Behavior\BuildLiteBehavior [ RunTime:0.000010s ]
INFO: [ app_init ] --END-- [ RunTime:0.000284s ]

[ 2017-12-13T19:44:36+08:00 ] ::1 /sss/index.php/Admin/Manage/addhonor.html
INFO: [ app_init ] --START--
INFO: Run Behavior\BuildLiteBehavior [ RunTime:0.000012s ]
INFO: [ app_init ] --END-- [ RunTime:0.000278s ]

[ 2017-12-13T19:44:45+08:00 ] ::1 /sss/index.php/Admin/Manage/edit/id/15.html
INFO: [ app_init ] --START--
INFO: Run Behavior\BuildLiteBehavior [ RunTime:0.000010s ]
INFO: [ app_init ] --END-- [ RunTime:0.000260s ]

[ 2017-12-13T19:44:51+08:00 ] ::1 /sss/index.php/Admin/Manage/edit/id/15.html
INFO: [ app_init ] --START--
INFO: Run Behavior\BuildLiteBehavior [ RunTime:0.000011s ]
INFO: [ app_init ] --END-- [ RunTime:0.000279s ]

[ 2017-12-13T19:44:54+08:00 ] ::1 /sss/index.php/Admin/Manage/addhonor.html
INFO: [ app_init ] --START--
INFO: Run Behavior\BuildLiteBehavior [ RunTime:0.000009s ]
INFO: [ app_init ] --END-- [ RunTime:0.000239s ]

[ 2017-12-13T22:34:06+08:00 ] ::1 /sss/index.php/Admin/Manage/addhonor.html
INFO: [ app_init ] --START--
INFO: Run Behavior\BuildLiteBehavior [ RunTime:0.000010s ]
INFO: [ app_init ] --END-- [ RunTime:0.000346s ]

[ 2017-12-13T22:34:58+08:00 ] ::1 /sss/index.php/Admin/Manage/addhonor.html
INFO: [ app_init ] --START--
INFO: Run Behavior\BuildLiteBehavior [ RunTime:0.000010s ]
INFO: [ app_init ] --END-- [ RunTime:0.000277s ]

[ 2017-12-13T23:30:34+08:00 ] ::1 /sss/index.php/Admin/Index/logout.html
INFO: [ app_init ] --START--
INFO: Run Behavior\BuildLiteBehavior [ RunTime:0.000014s ]
INFO: [ app_init ] --END-- [ RunTime:0.000317s ]

[ 2017-12-13T23:30:35+08:00 ] ::1 /sss/index.php/Admin/Index/index.html
INFO: [ app_init ] --START--
INFO: Run Behavior\BuildLiteBehavior [ RunTime:0.000008s ]
INFO: [ app_init ] --END-- [ RunTime:0.000247s ]

