[ 2017-12-16T14:13:36+08:00 ] ::1 /sss/admin
INFO: [ app_init ] --START--
INFO: Run Behavior\BuildLiteBehavior [ RunTime:0.000044s ]
INFO: [ app_init ] --END-- [ RunTime:0.000545s ]

[ 2017-12-16T14:13:45+08:00 ] ::1 /sss/index.php/Admin/Index/login.html
INFO: [ app_init ] --START--
INFO: Run Behavior\BuildLiteBehavior [ RunTime:0.000018s ]
INFO: [ app_init ] --END-- [ RunTime:0.001855s ]
ERR: 模板不存在:./Application/Admin/View/Index/login.html

[ 2017-12-16T14:13:46+08:00 ] ::1 /sss/index.php/Admin/Index/admin.html
INFO: [ app_init ] --START--
INFO: Run Behavior\BuildLiteBehavior [ RunTime:0.000011s ]
INFO: [ app_init ] --END-- [ RunTime:0.000274s ]

[ 2017-12-16T14:13:46+08:00 ] ::1 /sss/index.php/Admin/Index/main.html
INFO: [ app_init ] --START--
INFO: Run Behavior\BuildLiteBehavior [ RunTime:0.000010s ]
INFO: [ app_init ] --END-- [ RunTime:0.000270s ]

[ 2017-12-16T14:13:49+08:00 ] ::1 /sss/index.php/Admin/Teacher/teacher_list.html
INFO: [ app_init ] --START--
INFO: Run Behavior\BuildLiteBehavior [ RunTime:0.000008s ]
INFO: [ app_init ] --END-- [ RunTime:0.000245s ]

[ 2017-12-16T14:13:49+08:00 ] ::1 /sss/index.php/Admin/Teacher/teacher_add.html
INFO: [ app_init ] --START--
INFO: Run Behavior\BuildLiteBehavior [ RunTime:0.000009s ]
INFO: [ app_init ] --END-- [ RunTime:0.000274s ]

[ 2017-12-16T14:13:52+08:00 ] ::1 /sss/index.php/Admin/Manage/addhonor.html
INFO: [ app_init ] --START--
INFO: Run Behavior\BuildLiteBehavior [ RunTime:0.000009s ]
INFO: [ app_init ] --END-- [ RunTime:0.000232s ]

[ 2017-12-16T14:13:53+08:00 ] ::1 /sss/index.php/Admin/Index/Rukou.php
INFO: [ app_init ] --START--
INFO: Run Behavior\BuildLiteBehavior [ RunTime:0.000008s ]
INFO: [ app_init ] --END-- [ RunTime:0.000209s ]
ERR: 非法操作:Rukou.php

[ 2017-12-16T14:13:56+08:00 ] ::1 /sss/index.php/Admin/Manage/addhonor.html
INFO: [ app_init ] --START--
INFO: Run Behavior\BuildLiteBehavior [ RunTime:0.000008s ]
INFO: [ app_init ] --END-- [ RunTime:0.000216s ]

[ 2017-12-16T14:15:18+08:00 ] ::1 /sss/index.php/Admin/Manage/addhonor.html
INFO: [ app_init ] --START--
INFO: Run Behavior\BuildLiteBehavior [ RunTime:0.000008s ]
INFO: [ app_init ] --END-- [ RunTime:0.000293s ]

[ 2017-12-16T14:15:21+08:00 ] ::1 /sss/index.php/Admin/Manage/addhonor.html
INFO: [ app_init ] --START--
INFO: Run Behavior\BuildLiteBehavior [ RunTime:0.000012s ]
INFO: [ app_init ] --END-- [ RunTime:0.000301s ]

[ 2017-12-16T15:27:36+08:00 ] ::1 /sss/index.php/Admin/Manage/addhonor.html
INFO: [ app_init ] --START--
INFO: Run Behavior\BuildLiteBehavior [ RunTime:0.000013s ]
INFO: [ app_init ] --END-- [ RunTime:0.000349s ]

[ 2017-12-16T16:09:24+08:00 ] ::1 /sss/index.php/Admin/Teacher/teacher_list.html
INFO: [ app_init ] --START--
INFO: Run Behavior\BuildLiteBehavior [ RunTime:0.000010s ]
INFO: [ app_init ] --END-- [ RunTime:0.000324s ]

[ 2017-12-16T16:09:25+08:00 ] ::1 /sss/index.php/Admin/Teacher/teacher_add.html
INFO: [ app_init ] --START--
INFO: Run Behavior\BuildLiteBehavior [ RunTime:0.000010s ]
INFO: [ app_init ] --END-- [ RunTime:0.000272s ]

[ 2017-12-16T16:09:27+08:00 ] ::1 /sss/index.php/Admin/Manage/addhonor.html
INFO: [ app_init ] --START--
INFO: Run Behavior\BuildLiteBehavior [ RunTime:0.000010s ]
INFO: [ app_init ] --END-- [ RunTime:0.000268s ]

[ 2017-12-16T16:11:45+08:00 ] ::1 /sss/index.php/Admin/Manage/addhonor.html
INFO: [ app_init ] --START--
INFO: Run Behavior\BuildLiteBehavior [ RunTime:0.000012s ]
INFO: [ app_init ] --END-- [ RunTime:0.000326s ]

[ 2017-12-16T16:11:51+08:00 ] ::1 /sss/index.php/Admin/Manage/addhonor.html
INFO: [ app_init ] --START--
INFO: Run Behavior\BuildLiteBehavior [ RunTime:0.000011s ]
INFO: [ app_init ] --END-- [ RunTime:0.000267s ]

[ 2017-12-16T16:12:46+08:00 ] ::1 /sss/index.php/Admin/Teacher/teacher_list.html
INFO: [ app_init ] --START--
INFO: Run Behavior\BuildLiteBehavior [ RunTime:0.000011s ]
INFO: [ app_init ] --END-- [ RunTime:0.000275s ]

[ 2017-12-16T22:05:13+08:00 ] ::1 /sss/index.php/Admin/Manage/addhonor.html
INFO: [ app_init ] --START--
INFO: Run Behavior\BuildLiteBehavior [ RunTime:0.000013s ]
INFO: [ app_init ] --END-- [ RunTime:0.022229s ]

